#
# A fatal error has been detected by the Java Runtime Environment:
#
#  SIGSEGV (0xb) at pc=0x0000000000000000, pid=3186, tid=89099
#
# JRE version: Java(TM) SE Runtime Environment (8.0_45-b14) (build 1.8.0_45-b14)
# Java VM: Java HotSpot(TM) 64-Bit Server VM (25.45-b02 mixed mode bsd-amd64 compressed oops)
# Problematic frame:
# C  0x0000000000000000
#
# Failed to write core dump. Core dumps have been disabled. To enable core dumping, try "ulimit -c unlimited" before starting Java again
#
# If you would like to submit a bug report, please visit:
#   http://bugreport.java.com/bugreport/crash.jsp
#

---------------  T H R E A D  ---------------

Current thread is native thread

siginfo: si_signo: 11 (SIGSEGV), si_code: 1 (SEGV_MAPERR), si_addr: 0x0000000000000000

Registers:
RAX=0x000000011caa8508, RBX=0x00000000000161b0, RCX=0x0000000000000010, RDX=0xfffffffffffffff0
RSP=0x000000011e993a18, RBP=0x000000011e993ac0, RSI=0x0000000000000000, RDI=0x00007fedba3b3200
R8 =0x0000000000000200, R9 =0x00007fedb8f549e0, R10=0x000000011eab805c, R11=0x0000000000000270
R12=0x00007fedb8f549e0, R13=0x00007fedba3b3200, R14=0x0000000000000200, R15=0x0000000000000800
RIP=0x0000000000000000, EFLAGS=0x0000000000010246, ERR=0x0000000000000014
  TRAPNO=0x000000000000000e

Top of Stack: (sp=0x000000011e993a18)
0x000000011e993a18:   000000011ca7a639 000000011e993b00
0x000000011e993a28:   00007fff88a6c6ca 00007fedba3bb3b0
0x000000011e993a38:   000000011bfb2010 00007fedba3b93b0
0x000000011e993a48:   0000020000000004 0000000000000000
0x000000011e993a58:   0000000000000800 0000000000000200
0x000000011e993a68:   00007fedba3b73b0 00007fedba3b3200
0x000000011e993a78:   0000020000000000 00007fedb8f54778
0x000000011e993a88:   000000000000037f 57004f22c6b89151
0x000000011e993a98:   00007fedbb578b48 00007fedb8f549e0
0x000000011e993aa8:   00007fedb8f54770 0000000000000200
0x000000011e993ab8:   00007fedbb578ad0 000000011e993ad0
0x000000011e993ac8:   000000011ca8a2ef 000000011e993b40
0x000000011e993ad8:   000000011eab5230 00007fedb9ad37f8
0x000000011e993ae8:   00007fedb9ad3600 00007fedbb578b48
0x000000011e993af8:   000000008ba718f3 000000011e993c90
0x000000011e993b08:   000000011e993c88 0000020000000000
0x000000011e993b18:   000000011e993c88 00007fedbb5784f0
0x000000011e993b28:   00007fedb9ad3600 00007fedb8f9d030
0x000000011e993b38:   0000000000000200 000000011e993b90
0x000000011e993b48:   000000011eab2c61 000000011e993bd0
0x000000011e993b58:   000000011e993c90 00000000b9ad3828
0x000000011e993b68:   00007fedb9ad3600 0000000000000000
0x000000011e993b78:   00007fedb8f9d030 00000000ffffffce
0x000000011e993b88:   0000000000000200 000000011e993c00
0x000000011e993b98:   000000011eab1515 00007fedb8f9d030
0x000000011e993ba8:   00001fa01bfb00e0 000000011e993c88
0x000000011e993bb8:   00007fedbb5784f0 00007fedb9ad3600
0x000000011e993bc8:   000000011e993c90 00009fe000000000
0x000000011e993bd8:   00007fed00000007 00007fedb9ad3600
0x000000011e993be8:   0000000000000000 00007fedb8f9d030
0x000000011e993bf8:   000000011bfb0060 000000011e993d00
0x000000011e993c08:   000000011eab8878 00007fedbb570828 

Instructions: (pc=0x0000000000000000)
0xffffffffffffffe0:   

Register to memory mapping:

RAX=0x000000011caa8508: PlaybackBackend+0x20 in /Users/juliusskye/Desktop/FYPI/simplevoicehud/openal.dylib at 0x000000011ca5f000
RBX=0x00000000000161b0 is an unknown value
RCX=0x0000000000000010 is an unknown value
RDX=0xfffffffffffffff0 is an unknown value
RSP=0x000000011e993a18 is an unknown value
RBP=0x000000011e993ac0 is an unknown value
RSI=0x0000000000000000 is an unknown value
RDI=0x00007fedba3b3200 is an unknown value
R8 =0x0000000000000200 is an unknown value
R9 =0x00007fedb8f549e0 is an unknown value
R10=