#
# A fatal error has been detected by the Java Runtime Environment:
#
#  SIGSEGV (0xb) at pc=0x00007fff9000162a, pid=54792, tid=56583
#
# JRE version: Java(TM) SE Runtime Environment (8.0_45-b14) (build 1.8.0_45-b14)
# Java VM: Java HotSpot(TM) 64-Bit Server VM (25.45-b02 mixed mode bsd-amd64 compressed oops)
# Problematic frame:
# C  [libobjc.A.dylib+0x762a]  _ZN12_GLOBAL__N_119AutoreleasePoolPage3popEPv+0x1c6
#
# Failed to write core dump. Core dumps have been disabled. To enable core dumping, try "ulimit -c unlimited" before starting Java again
#
# If you would like to submit a bug report, please visit:
#   http://bugreport.java.com/bugreport/crash.jsp
# The crash happened outside the Java Virtual Machine in native code.
# See problematic frame for where to report the bug.
#

---------------  T H R E A D  ---------------

Current thread (0x00007fa51ba57000):  JavaThread "LWJGL Renderer Thread" [_thread_in_native, id=56583, stack(0x000000012214d000,0x000000012224d000)]

siginfo: si_signo: 11 (SIGSEGV), si_code: 1 (SEGV_MAPERR), si_addr: 0x0000000000000010

Registers:
RAX=0x00007fa51c1cf038, RBX=0xa3a3a3a3a3a3a3a3, RCX=0x00007fa51c1cf038, RDX=0x00000000a1a1a1a1
RSP=0x000000012224c140, RBP=0x000000012224c590, RSI=0x0000000000000000, RDI=0x00007fa51b190038
R8 =0x00007fa51cc60990, R9 =0x0000000000000000, R10=0x00007fa51a409ef0, R11=0x00007fff7e4a0e30
R12=0x0000000000000000, R13=0x00000001232740b0, R14=0x00007fa51b190038, R15=0x00007fa51b190000
RIP=0x00007fff9000162a, EFLAGS=0x0000000000010246, ERR=0x0000000000000004
  TRAPNO=0x000000000000000e

Top of Stack: (sp=0x000000012224c140)
0x000000012224c140:   000000012224c180 00007fff909168f3
0x000000012224c150:   0000000000000018 00007fa51b190038
0x000000012224c160:   0013630000136300 00007fa51a603ab0
0x000000012224c170:   000000012224c1a0 00007fa51a603ac0
0x000000012224c180:   000000012224c2d0 00007fff9810a29c
0x000000012224c190:   0000000000000000 0000000000001400
0x000000012224c1a0:   0000001800000013 0000000000001103
0x000000012224c1b0:   000000001ba57000 00000007c0002368
0x000000012224c1c0:   0000000000001400 0000000000000030
0x000000012224c1d0:   0000000000012068 00007fa51a51fea0
0x000000012224c1e0:   0000000000012068 000000012224c29c
0x000000012224c1f0:   000000012224c280 00007fff909164a9
0x000000012224c200:   000000012224c290 000000012224c2a4
0x000000012224c210:   000000012224c2a0 0000000000000000
0x000000012224c220:   000000012224c29c 00007fa51a51febc
0x000000012224c230:   000000000008c942 000001001a51ff74
0x000000012224c240:   00007fa51a51feb8 00012068000b6aef
0x000000012224c250:   000000000008c942 0000000000000001
0x000000012224c260:   0000000000000001 0000000000000008
0x000000012224c270:   00007fa51a51fea0 0000000000000000
0x000000012224c280:   000000012224c2c0 00007fff909168f3
0x000000012224c290:   000000012224c2d0 0001206800000001
0x000000012224c2a0:   0000000000000000 00007fa51cc609d0
0x000000012224c2b0:   0000000000000000 0000000000000000
0x000000012224c2c0:   000000012224c340 00007fff909166ea
0x000000012224c2d0:   000000012224c3d0 000000012224c3c0
0x000000012224c2e0:   000000012224c3cc 00007fa51cc609ec
0x000000012224c2f0:   00007fa51cc609d0 0000000000000200
0x000000012224c300:   00007fa51cc609e8 00000000005042b0
0x000000012224c310:   000000012224c388 00007fa51cc609c0
0x000000012224c320:   00007fff7dc4bd10 00007fff7dc4bd10
0x000000012224c330:   00007fa51cc60990 0000000106566e00 

Instructions: (pc=0x00007fff9000162a)
0x00007fff9000160a:   48 8b 76 20 48 85 f6 74 0e 8b 16 81 fa a1 a1 a1
0x00007fff9000161a:   a1 0f 85 15 01 00 00 65 48 89 34 25 80 01 00 00
0x00007fff9000162a:   48 8b 46 10 48 8d 4e 38 48 39 c8 74 d3 48 83 c6
0x00007fff9000163a:   10 eb 04 48 8d 76 10 48 8d 48 f8 48 89 0e 48 8b 

Register to memory mapping:

RAX=0x00007fa51c1cf038 is an unknown value
RBX=0xa3a3a3a3a3a3a3a3 is an unknown value
RCX=0x00007fa51c1cf038 is an unknown value
RDX=0x00000000a1a1a1a1 is an unknown value
RSP=0x000000012224c140 is pointing into the stack for thread: 0x00007fa51ba57000
RBP=0x000000012224c590 is pointing into the stack for thread: 0x00007fa51ba57000
RSI=0x0000000000000000 is an unknown value
RDI=0x00007fa51b190038 is an unknown value
R8 =0x00007fa51cc60990 is an unknown value
R9 =0x0000000000000000 is an unknown value
R10=0x00007fa51a409ef0 is an unknown value
R11=0x00007fff7e4a0e30: OBJC_CLASS_$_NSAutoreleasePool+0 in /System/Library/Frameworks/Foundation.framework/Versions/C/Foundation at 0x00007fff93cec000
R12=0x0000000000000000 is an unknown value
R13={method} {0x00000001232740b0} 'nDestroyWindow' '(Ljava/nio/ByteBuffer;)V' in 'org/lwjgl/opengl/MacOSXDisplay'
R14=0x00007fa51b190038 is an unknown value
R15=0x00007fa51b190000 is an unknown value


Stack: [0x000000012214d000,0x000000012224d000],  sp=0x000000012224c140,  free space=1020k
Native frames: (J=compiled Java code, j=interpreted, Vv=VM code, C=native code)
C  [libobjc.A.dylib+0x762a]  _ZN12_GLOBAL__N_119AutoreleasePoolPage3popEPv+0x1c6
C  [CoreFoundation+0x38932]  _CFAutoreleasePoolPop+0x32
C  [Foundation+0x1b437]  -[NSAutoreleasePool drain]+0x93
j  org.lwjgl.opengl.MacOSXDisplay.nDestroyWindow(Ljava/nio/ByteBuffer;)V+0
j  org.lwjgl.opengl.MacOSXDisplay.destroyWindow()V+43
j  org.lwjgl.opengl.Display.destroyWindow()V+46
j  org.lwjgl.opengl.Display.setDisplayMode(Lorg/lwjgl/opengl/DisplayMode;)V+34
j  com.jme3.system.lwjgl.LwjglDisplay.createContext(Lcom/jme3/system/AppSettings;)V+270
j  com.jme3.system.lwjgl.LwjglAbstractDisplay.initInThread()Z+25
j  com.jme3.system.lwjgl.LwjglAbstractDisplay.run()V+32
j  java.lang.Thread.run()V+11
v  ~StubRoutines::call_stub
V  [libjvm.dylib+0x2e032a]
V  [libjvm.dylib+0x2e0ab8]
V  [libjvm.dylib+0x2e0c64]
V  [libjvm.dylib+0x3331a5]
V  [libjvm.dylib+0x549acf]
V  [libjvm.dylib+0x54b1c0]
V  [libjvm.dylib+0x46ea7e]
C  [libsystem_pthread.dylib+0x1899]  _pthread_body+0x8a
C  [libsystem_pthread.dylib+0x172a]  _pthread_struct_init+0x0
C  [libsystem_pthread.dylib+0x5fc9]  thread_start+0xd
C  0x0000000000000000

Java frames: (J=compiled Java code, j=interpreted, Vv=VM code)
j  org.lwjgl.opengl.MacOSXDisplay.nDestroyWindow(Ljava/nio/ByteBuffer;)V+0
j  org.lwjgl.opengl.MacOSXDisplay.destroyWindow()V+43
j  org.lwjgl.opengl.Display.destroyWindow()V+46
j  org.lwjgl.opengl.Display.setDisplayMode(Lorg/lwjgl/opengl/DisplayMode;)V+34
j  com.jme3.system.lwjgl.LwjglDisplay.createContext(Lcom/jme3/system/AppSettings;)V+270
j  com.jme3.system.lwjgl.LwjglAbstractDisplay.initInThread()Z+25
j  com.jme3.system.lwjgl.LwjglAbstractDisplay.run()V+32
j  java.lang.Thread.run()V+11
v  ~StubRoutines::call_stub

---------------  P R O C E S S  ---------------

Java Threads: ( => current thread )
  0x00007fa51b007000 JavaThread "DestroyJavaVM" [_thread_blocked, id=6403, stack(0x0000000107e01000,0x0000000107f01000)]
  0x00007fa51a9e7000 JavaThread "Thread-5" daemon [_thread_in_Java, id=57351, stack(0x0000000123522000,0x0000000123622000)]
  0x00007fa51a873800 JavaThread "LWJGL Renderer Thread" [_thread_blocked, id=57095, stack(0x00000001224dc000,0x00000001225dc000)]
=>0x00007fa51ba57000 JavaThread "LWJGL Renderer Thread" [_thread_in_native, id=56583, stack(0x000000012214d000,0x000000012224d000)]
  0x00007fa51b154000 JavaThread "TimerQueue" daemon [_thread_blocked, id=60687, stack(0x0000000123dcf000,0x0000000123ecf000)]
  0x00007fa51b98a000 JavaThread "Timer-0" daemon [_thread_blocked, id=52739, stack(0x0000000121318000,0x0000000121418000)]
  0x00007fa51c07d800 JavaThread "Java2D Disposer" daemon [_thread_blocked, id=52227, stack(0x000000012120b000,0x000000012130b000)]
  0x00007fa51a880000 JavaThread "Java2D Queue Flusher" daemon [_thread_blocked, id=47623, stack(0x0000000120d39000,0x0000000120e39000)]
  0x00007fa51b133800 JavaThread "AWT-EventQueue-0" [_thread_blocked, id=30983, stack(0x0000000120c36000,0x0000000120d36000)]
  0x00007fa51b0cd000 JavaThread "AWT-Shutdown" [_thread_blocked, id=28427, stack(0x000000011dc3f000,0x000000011dd3f000)]
  0x00007fa51a841000 JavaThread "AppKit Thread" daemon [_thread_in_native, id=3335, stack(0x00007fff58eb8000,0x00007fff596b8000)]
  0x00007fa51a817800 JavaThread "Service Thread" daemon [_thread_blocked, id=19715, stack(0x000000011bf8b000,0x000000011c08b000)]
  0x00007fa51b871800 JavaThread "C1 CompilerThread2" daemon [_thread_blocked, id=19203, stack(0x000000011be88000,0x000000011bf88000)]
  0x00007fa51b822800 JavaThread "C2 CompilerThread1" daemon [_thread_blocked, id=18691, stack(0x000000011bd85000,0x000000011be85000)]
  0x00007fa51a812800 JavaThread "C2 CompilerThread0" daemon [_thread_in_native, id=18179, stack(0x000000011bc82000,0x000000011bd82000)]
  0x00007fa51c00b000 JavaThread "Signal Dispatcher" daemon [_thread_blocked, id=17667, stack(0x000000011bb7f000,0x000000011bc7f000)]
  0x00007fa51b81a000 JavaThread "Finalizer" daemon [_thread_blocked, id=12547, stack(0x000000011b930000,0x000000011ba30000)]
  0x00007fa51b819800 JavaThread "Reference Handler" daemon [_thread_blocked, id=12035, stack(0x000000011b82d000,0x000000011b92d000)]

Other Threads:
  0x00007fa51a825800 VMThread [stack: 0x000000011b72a000,0x000000011b82a000] [id=11523]
  0x00007fa51b006000 WatcherThread [stack: 0x000000011c08e000,0x000000011c18e000] [id=20227]

VM state:not at safepoint (normal execution)

VM Mutex/Monitor currently owned by a thread: None

Heap:
 PSYoungGen      total 18944K, used 9688K [0x00000007aab00000, 0x00000007ac000000, 0x00000007c0000000)
  eden space 16384K, 43% used [0x00000007aab00000,0x00000007ab1fa338,0x00000007abb00000)
  from space 2560K, 99% used [0x00000007abb00000,0x00000007abd7c020,0x00000007abd80000)
  to   space 2560K, 0% used [0x00000007abd80000,0x00000007abd80000,0x00000007ac000000)
 ParOldGen       total 44032K, used 3014K [0x0000000780000000, 0x0000000782b00000, 0x00000007aab00000)
  object space 44032K, 6% used [0x0000000780000000,0x00000007802f19d8,0x0000000782b00000)
 Metaspace       used 16300K, capacity 16564K, committed 16768K, reserved 1064960K
  class space    used 1998K, capacity 2101K, committed 2176K, reserved 1048576K

Card table byte_map: [0x00000001172f8000,0x00000001174f9000] byte_map_base: 0x00000001136f8000

Marking Bits: (ParMarkBitMap*) 0x0000000106f097a0
 Begin Bits: [0x0000000117a5b000, 0x0000000118a5b000)
 End Bits:   [0x0000000118a5b000, 0x0000000119a5b000)

Polling page: 0x00000001075d4000

CodeCache: size=245760Kb used=4228Kb max_used=4228Kb free=241531Kb
 bounds [0x0000000107f38000, 0x0000000108368000, 0x0000000116f38000]
 total_blobs=1909 nmethods=1301 adapters=521
 compilation: enabled

Compilation events (10 events):
Event: 13.916 Thread 0x00007fa51b871800 1294  s    3       java.util.jar.JarFile::getInputStream (89 bytes)
Event: 13.917 Thread 0x00007fa51b822800 nmethod 1286 0x0000000108355610 code [0x0000000108355760, 0x0000000108355818]
Event: 13.918 Thread 0x00007fa51b871800 nmethod 1294 0x00000001083574d0 code [0x00000001083576e0, 0x0000000108358258]
Event: 13.918 Thread 0x00007fa51b871800 1295  s    3       java.net.URL::hashCode (30 bytes)
Event: 13.919 Thread 0x00007fa51b871800 nmethod 1295 0x0000000108356e50 code [0x0000000108356fc0, 0x00000001083573e8]
Event: 13.925 Thread 0x00007fa51b871800 1296       3       java.util.Formatter$Flags::contains (22 bytes)
Event: 13.925 Thread 0x00007fa51b822800 1298       4       java.nio.DirectByteBuffer::put (18 bytes)
Event: 13.926 Thread 0x00007fa51b871800 nmethod 1296 0x0000000108356a10 code [0x0000000108356b80, 0x0000000108356d90]
Event: 13.928 Thread 0x00007fa51b822800 nmethod 1298 0x0000000108356750 code [0x00000001083568a0, 0x0000000108356958]
Event: 13.928 Thread 0x00007fa51b871800 1297       3       java.util.regex.Pattern$BmpCharProperty::match (50 bytes)

GC Heap History (2 events):
Event: 13.118 GC heap before
{Heap before GC invocations=1 (full 0):
 PSYoungGen      total 18944K, used 16384K [0x00000007aab00000, 0x00000007ac000000, 0x00000007c0000000)
  eden space 16384K, 100% used [0x00000007aab00000,0x00000007abb00000,0x00000007abb00000)
  from space 2560K, 0% used [0x00000007abd80000,0x00000007abd80000,0x00000007ac000000)
  to   space 2560K, 0% used [0x00000007abb00000,0x00000007abb00000,0x00000007abd80000)
 ParOldGen       total 44032K, used 0K [0x0000000780000000, 0x0000000782b00000, 0x00000007aab00000)
  object space 44032K, 0% used [0x0000000780000000,0x0000000780000000,0x0000000782b00000)
 Metaspace       used 13637K, capacity 13900K, committed 14208K, reserved 1060864K
  class space    used 1761K, capacity 1842K, committed 1920K, reserved 1048576K
Event: 13.156 GC heap after
Heap after GC invocations=1 (full 0):
 PSYoungGen      total 18944K, used 2544K [0x00000007aab00000, 0x00000007ac000000, 0x00000007c0000000)
  eden space 16384K, 0% used [0x00000007aab00000,0x00000007aab00000,0x00000007abb00000)
  from space 2560K, 99% used [0x00000007abb00000,0x00000007abd7c020,0x00000007abd80000)
  to   space 2560K, 0% used [0x00000007abd80000,0x00000007abd80000,0x00000007ac000000)
 ParOldGen       total 44032K, used 3014K [0x0000000780000000, 0x0000000782b00000, 0x00000007aab00000)
  object space 44032K, 6% used [0x0000000780000000,0x00000007802f19d8,0x0000000782b00000)
 Metaspace       used 13637K, capacity 13900K, committed 14208K, reserved 1060864K
  class space    used 1761K, capacity 1842K, committed 1920K, reserved 1048576K
}

Deoptimization events (10 events):
Event: 2.878 Thread 0x00007fa51a841000 Uncommon trap: reason=unstable_if action=reinterpret pc=0x0000000108081a00 method=java.lang.String.indexOf(II)I @ 49
Event: 13.540 Thread 0x00007fa51a9e7000 Uncommon trap: reason=unstable_if action=reinterpret pc=0x00000001081a29dc method=java.util.HashMap.getNode(ILjava/lang/Object;)Ljava/util/HashMap$Node; @ 62
Event: 13.540 Thread 0x00007fa51a9e7000 Uncommon trap: reason=unstable_if action=reinterpret pc=0x0000000108197574 method=java.util.HashMap.getNode(ILjava/lang/Object;)Ljava/util/HashMap$Node; @ 62
Event: 13.606 Thread 0x00007fa51a9e7000 Uncommon trap: reason=bimorphic action=maybe_recompile pc=0x00000001082fdf18 method=java.util.HashMap.putVal(ILjava/lang/Object;Ljava/lang/Object;ZZ)Ljava/lang/Object; @ 253
Event: 13.668 Thread 0x00007fa51a9e7000 Uncommon trap: reason=bimorphic action=maybe_recompile pc=0x00000001082fdf18 method=java.util.HashMap.putVal(ILjava/lang/Object;Ljava/lang/Object;ZZ)Ljava/lang/Object; @ 253
Event: 13.702 Thread 0x00007fa51a9e7000 Uncommon trap: reason=bimorphic action=maybe_recompile pc=0x00000001082fdf18 method=java.util.HashMap.putVal(ILjava/lang/Object;Ljava/lang/Object;ZZ)Ljava/lang/Object; @ 253
Event: 13.707 Thread 0x00007fa51a9e7000 Uncommon trap: reason=unstable_if action=reinterpret pc=0x00000001080ff018 method=java.lang.String.replace(CC)Ljava/lang/String; @ 26
Event: 13.707 Thread 0x00007fa51a9e7000 Uncommon trap: reason=class_check action=maybe_recompile pc=0x00000001082fe124 method=java.util.HashMap.putVal(ILjava/lang/Object;Ljava/lang/Object;ZZ)Ljava/lang/Object; @ 203
Event: 13.708 Thread 0x00007fa51a9e7000 Uncommon trap: reason=class_check action=maybe_recompile pc=0x00000001082fe124 method=java.util.HashMap.putVal(ILjava/lang/Object;Ljava/lang/Object;ZZ)Ljava/lang/Object; @ 203
Event: 13.712 Thread 0x00007fa51a9e7000 Uncommon trap: reason=bimorphic action=maybe_recompile pc=0x00000001082fdf18 method=java.util.HashMap.putVal(ILjava/lang/Object;Ljava/lang/Object;ZZ)Ljava/lang/Object; @ 253

Internal exceptions (10 events):
Event: 1.389 Thread 0x00007fa51b007000 Exception <a 'java/security/PrivilegedActionException'> (0x00000007aaea7e68) thrown at [/Users/java_re/workspace/8-2-build-macosx-x86_64/jdk8u45/3457/hotspot/src/share/vm/prims/jvm.cpp, line 1382]
Event: 1.389 Thread 0x00007fa51b007000 Exception <a 'java/security/PrivilegedActionException'> (0x00000007aaea8020) thrown at [/Users/java_re/workspace/8-2-build-macosx-x86_64/jdk8u45/3457/hotspot/src/share/vm/prims/jvm.cpp, line 1382]
Event: 1.410 Thread 0x00007fa51b007000 Exception <a 'java/security/PrivilegedActionException'> (0x00000007aaeab3a0) thrown at [/Users/java_re/workspace/8-2-build-macosx-x86_64/jdk8u45/3457/hotspot/src/share/vm/prims/jvm.cpp, line 1382]
Event: 1.410 Thread 0x00007fa51b007000 Exception <a 'java/security/PrivilegedActionException'> (0x00000007aaeab558) thrown at [/Users/java_re/workspace/8-2-build-macosx-x86_64/jdk8u45/3457/hotspot/src/share/vm/prims/jvm.cpp, line 1382]
Event: 2.739 Thread 0x00007fa51b007000 Exception <a 'java/io/FileNotFoundException'> (0x00000007aaeb09c8) thrown at [/Users/java_re/workspace/8-2-build-macosx-x86_64/jdk8u45/3457/hotspot/src/share/vm/prims/jni.cpp, line 709]
Event: 2.739 Thread 0x00007fa51b007000 Exception <a 'java/io/FileNotFoundException'> (0x00000007aaeb1508) thrown at [/Users/java_re/workspace/8-2-build-macosx-x86_64/jdk8u45/3457/hotspot/src/share/vm/prims/jni.cpp, line 709]
Event: 3.059 Thread 0x00007fa51a841000 Exception <a 'java/lang/NoSuchFieldError': method resolution failed> (0x00000007ab056398) thrown at [/Users/java_re/workspace/8-2-build-macosx-x86_64/jdk8u45/3457/hotspot/src/share/vm/prims/methodHandles.cpp, line 1125]
Event: 3.065 Thread 0x00007fa51a841000 Exception <a 'java/lang/NoSuchFieldError': method resolution failed> (0x00000007ab064a98) thrown at [/Users/java_re/workspace/8-2-build-macosx-x86_64/jdk8u45/3457/hotspot/src/share/vm/prims/methodHandles.cpp, line 1125]
Event: 3.711 Thread 0x00007fa51b133800 Exception <a 'java/lang/NoClassDefFoundError'> (0x00000007ab246de8) thrown at [/Users/java_re/workspace/8-2-build-macosx-x86_64/jdk8u45/3457/hotspot/src/share/vm/prims/jvm.cpp, line 1386]
Event: 13.107 Thread 0x00007fa51ba57000 Exception <a 'java/lang/UnsatisfiedLinkError'> (0x00000007aba1b818) thrown at [/Users/java_re/workspace/8-2-build-macosx-x86_64/jdk8u45/3457/hotspot/src/share/vm/prims/jvm.cpp, line 1386]

Events (10 events):
Event: 13.914 loading class org/lwjgl/input/Controllers
Event: 13.914 loading class org/lwjgl/input/Controllers done
Event: 13.919 Executing VM operation: RevokeBias
Event: 13.923 Executing VM operation: RevokeBias done
Event: 13.923 Executing VM operation: RevokeBias
Event: 13.923 Executing VM operation: RevokeBias done
Event: 13.923 Executing VM operation: RevokeBias
Event: 13.923 Executing VM operation: RevokeBias done
Event: 13.926 Executing VM operation: RevokeBias
Event: 13.926 Executing VM operation: RevokeBias done


Dynamic libraries:
0x000000000d4c4000 	/System/Library/Frameworks/Cocoa.framework/Versions/A/Cocoa
0x000000000d4c4000 	/System/Library/Frameworks/Security.framework/Versions/A/Security
0x000000000d4c4000 	/System/Library/Frameworks/ApplicationServices.framework/Versions/A/ApplicationServices
0x000000000d4c4000 	/usr/lib/libz.1.dylib
0x000000000d4c4000 	/usr/lib/libSystem.B.dylib
0x000000000d4c4000 	/usr/lib/libobjc.A.dylib
0x000000000d4c4000 	/System/Library/Frameworks/CoreFoundation.framework/Versions/A/CoreFoundation
0x000000000d4c4000 	/System/Library/Frameworks/Foundation.framework/Versions/C/Foundation
0x000000000d4c4000 	/System/Library/Frameworks/AppKit.framework/Versions/C/AppKit
0x000000000d4c4000 	/System/Library/Frameworks/CoreData.framework/Versions/A/CoreData
0x000000000d4c4000 	/System/Library/PrivateFrameworks/RemoteViewServices.framework/Versions/A/RemoteViewServices
0x000000000d4c4000 	/System/Library/Frameworks/AudioToolbox.framework/Versions/A/AudioToolbox
0x000000000d4c4000 	/System/Library/Frameworks/AudioUnit.framework/Versions/A/AudioUnit
0x000000000d4c4000 	/System/Library/PrivateFrameworks/DataDetectorsCore.framework/Versions/A/DataDetectorsCore
0x000000000d4c4000 	/System/Library/PrivateFrameworks/DesktopServicesPriv.framework/Versions/A/DesktopServicesPriv
0x000000000d4c4000 	/System/Library/Frameworks/Carbon.framework/Versions/A/Frameworks/HIToolbox.framework/Versions/A/HIToolbox
0x000000000d4c4000 	/System/Library/Frameworks/QuartzCore.framework/Versions/A/QuartzCore
0x000000000d4c4000 	/System/Library/Frameworks/Carbon.framework/Versions/A/Frameworks/SpeechRecognition.framework/Versions/A/SpeechRecognition
0x000000000d4c4000 	/usr/lib/libauto.dylib
0x000000000d4c4000 	/usr/lib/libicucore.A.dylib
0x000000000d4c4000 	/usr/lib/libxml2.2.dylib
0x000000000d4c4000 	/System/Library/PrivateFrameworks/CoreUI.framework/Versions/A/CoreUI
0x000000000d4c4000 	/System/Library/Frameworks/CoreAudio.framework/Versions/A/CoreAudio
0x000000000d4c4000 	/System/Library/Frameworks/DiskArbitration.framework/Versions/A/DiskArbitration
0x000000000d4c4000 	/usr/lib/liblangid.dylib
0x000000000d4c4000 	/System/Library/PrivateFrameworks/MultitouchSupport.framework/Versions/A/MultitouchSupport
0x000000000d4c4000 	/System/Library/Frameworks/IOKit.framework/Versions/A/IOKit
0x000000000d4c4000 	/usr/lib/libDiagnosticMessagesClient.dylib
0x000000000d4c4000 	/System/Library/Frameworks/CoreServices.framework/Versions/A/CoreServices
0x000000000d4c4000 	/System/Library/PrivateFrameworks/PerformanceAnalysis.framework/Versions/A/PerformanceAnalysis
0x000000000d4c4000 	/System/Library/PrivateFrameworks/GenerationalStorage.framework/Versions/A/GenerationalStorage
0x000000000d4c4000 	/System/Library/Frameworks/OpenGL.framework/Versions/A/OpenGL
0x000000000d4c4000 	/System/Library/PrivateFrameworks/Sharing.framework/Versions/A/Sharing
0x000000000d4c4000 	/System/Library/Frameworks/ImageIO.framework/Versions/A/ImageIO
0x000000000d4c4000 	/System/Library/Frameworks/CoreText.framework/Versions/A/CoreText
0x000000000d4c4000 	/System/Library/Frameworks/CoreGraphics.framework/Versions/A/CoreGraphics
0x000000000d4c4000 	/System/Library/PrivateFrameworks/Backup.framework/Versions/A/Backup
0x000000000d4c4000 	/System/Library/Frameworks/CFNetwork.framework/Versions/A/CFNetwork
0x000000000d4c4000 	/System/Library/Frameworks/SystemConfiguration.framework/Versions/A/SystemConfiguration
0x000000000d4c4000 	/usr/lib/libCRFSuite.dylib
0x000000000d4c4000 	/usr/lib/libc++.1.dylib
0x000000000d4c4000 	/usr/lib/libc++abi.dylib
0x000000000d4c4000 	/usr/lib/system/libcache.dylib
0x000000000d4c4000 	/usr/lib/system/libcommonCrypto.dylib
0x000000000d4c4000 	/usr/lib/system/libcompiler_rt.dylib
0x000000000d4c4000 	/usr/lib/system/libcopyfile.dylib
0x000000000d4c4000 	/usr/lib/system/libcorecrypto.dylib
0x000000000d4c4000 	/usr/lib/system/libdispatch.dylib
0x000000000d4c4000 	/usr/lib/system/libdyld.dylib
0x000000000d4c4000 	/usr/lib/system/libkeymgr.dylib
0x000000000d4c4000 	/usr/lib/system/liblaunch.dylib
0x000000000d4c4000 	/usr/lib/system/libmacho.dylib
0x000000000d4c4000 	/usr/lib/system/libquarantine.dylib
0x000000000d4c4000 	/usr/lib/system/libremovefile.dylib
0x000000000d4c4000 	/usr/lib/system/libsystem_asl.dylib
0x000000000d4c4000 	/usr/lib/system/libsystem_blocks.dylib
0x000000000d4c4000 	/usr/lib/system/libsystem_c.dylib
0x000000000d4c4000 	/usr/lib/system/libsystem_configuration.dylib
0x000000000d4c4000 	/usr/lib/system/libsystem_dnssd.dylib
0x000000000d4c4000 	/usr/lib/system/libsystem_info.dylib
0x000000000d4c4000 	/usr/lib/system/libsystem_kernel.dylib
0x000000000d4c4000 	/usr/lib/system/libsystem_m.dylib
0x000000000d4c4000 	/usr/lib/system/libsystem_malloc.dylib
0x000000000d4c4000 	/usr/lib/system/libsystem_network.dylib
0x000000000d4c4000 	/usr/lib/system/libsystem_notify.dylib
0x000000000d4c4000 	/usr/lib/system/libsystem_platform.dylib
0x000000000d4c4000 	/usr/lib/system/libsystem_pthread.dylib
0x000000000d4c4000 	/usr/lib/system/libsystem_sandbox.dylib
0x000000000d4c4000 	/usr/lib/system/libsystem_stats.dylib
0x000000000d4c4000 	/usr/lib/system/libunc.dylib
0x000000000d4c4000 	/usr/lib/system/libunwind.dylib
0x000000000d4c4000 	/usr/lib/system/libxpc.dylib
0x000000000d4c4000 	/usr/lib/libbsm.0.dylib
0x000000000d4c4000 	/usr/lib/libsqlite3.dylib
0x000000000d4c4000 	/usr/lib/libxar.1.dylib
0x000000000d4c4000 	/usr/lib/libpam.2.dylib
0x000000000d4c4000 	/usr/lib/libOpenScriptingUtil.dylib
0x000000000d4c4000 	/usr/lib/libbz2.1.0.dylib
0x000000000d4c4000 	/System/Library/Frameworks/CoreServices.framework/Versions/A/Frameworks/CarbonCore.framework/Versions/A/CarbonCore
0x000000000d4c4000 	/System/Library/Frameworks/CoreServices.framework/Versions/A/Frameworks/Metadata.framework/Versions/A/Metadata
0x000000000d4c4000 	/System/Library/Frameworks/CoreServices.framework/Versions/A/Frameworks/OSServices.framework/Versions/A/OSServices
0x000000000d4c4000 	/System/Library/Frameworks/CoreServices.framework/Versions/A/Frameworks/SearchKit.framework/Versions/A/SearchKit
0x000000000d4c4000 	/System/Library/Frameworks/CoreServices.framework/Versions/A/Frameworks/AE.framework/Versions/A/AE
0x000000000d4c4000 	/System/Library/Frameworks/CoreServices.framework/Versions/A/Frameworks/LaunchServices.framework/Versions/A/LaunchServices
0x000000000d4c4000 	/System/Library/Frameworks/CoreServices.framework/Versions/A/Frameworks/DictionaryServices.framework/Versions/A/DictionaryServices
0x000000000d4c4000 	/System/Library/Frameworks/NetFS.framework/Versions/A/NetFS
0x000000000d4c4000 	/usr/lib/system/libkxld.dylib
0x000000000d4c4000 	/System/Library/PrivateFrameworks/NetAuth.framework/Versions/A/NetAuth
0x000000000d4c4000 	/System/Library/PrivateFrameworks/TCC.framework/Versions/A/TCC
0x000000000d4c4000 	/System/Library/Frameworks/OpenDirectory.framework/Versions/A/Frameworks/CFOpenDirectory.framework/Versions/A/CFOpenDirectory
0x000000000d4c4000 	/System/Library/Frameworks/ServiceManagement.framework/Versions/A/ServiceManagement
0x000000000d4c4000 	/usr/lib/libxslt.1.dylib
0x000000000d4c4000 	/System/Library/Frameworks/Carbon.framework/Versions/A/Frameworks/Ink.framework/Versions/A/Ink
0x000000000d4c4000 	/System/Library/Frameworks/ApplicationServices.framework/Versions/A/Frameworks/ATS.framework/Versions/A/ATS
0x000000000d4c4000 	/System/Library/Frameworks/ApplicationServices.framework/Versions/A/Frameworks/ColorSync.framework/Versions/A/ColorSync
0x000000000d4c4000 	/System/Library/Frameworks/ApplicationServices.framework/Versions/A/Frameworks/HIServices.framework/Versions/A/HIServices
0x000000000d4c4000 	/System/Library/Frameworks/ApplicationServices.framework/Versions/A/Frameworks/LangAnalysis.framework/Versions/A/LangAnalysis
0x000000000d4c4000 	/System/Library/Frameworks/ApplicationServices.framework/Versions/A/Frameworks/PrintCore.framework/Versions/A/PrintCore
0x000000000d4c4000 	/System/Library/Frameworks/ApplicationServices.framework/Versions/A/Frameworks/QD.framework/Versions/A/QD
0x000000000d4c4000 	/System/Library/Frameworks/ApplicationServices.framework/Versions/A/Frameworks/SpeechSynthesis.framework/Versions/A/SpeechSynthesis
0x000000000d4c4000 	/System/Library/Frameworks/IOSurface.framework/Versions/A/IOSurface
0x000000000d4c4000 	/System/Library/Frameworks/Accelerate.framework/Versions/A/Accelerate
0x000000000d4c4000 	/System/Library/Frameworks/Accelerate.framework/Versions/A/Frameworks/vImage.framework/Versions/A/vImage
0x000000000d4c4000 	/System/Library/Frameworks/Accelerate.framework/Versions/A/Frameworks/vecLib.framework/Versions/A/vecLib
0x000000000d4c4000 	/System/Library/Frameworks/Accelerate.framework/Versions/A/Frameworks/vecLib.framework/Versions/A/libvDSP.dylib
0x000000000d4c4000 	/System/Library/Frameworks/Accelerate.framework/Versions/A/Frameworks/vecLib.framework/Versions/A/libvMisc.dylib
0x000000000d4c4000 	/System/Library/Frameworks/Accelerate.framework/Versions/A/Frameworks/vecLib.framework/Versions/A/libLAPACK.dylib
0x000000000d4c4000 	/System/Library/Frameworks/Accelerate.framework/Versions/A/Frameworks/vecLib.framework/Versions/A/libBLAS.dylib
0x000000000d4c4000 	/System/Library/Frameworks/ApplicationServices.framework/Versions/A/Frameworks/ATS.framework/Versions/A/Resources/libFontParser.dylib
0x000000000d4c4000 	/System/Library/Frameworks/ApplicationServices.framework/Versions/A/Frameworks/ATS.framework/Versions/A/Resources/libFontRegistry.dylib
0x000000000d4c4000 	/System/Library/Frameworks/ImageIO.framework/Versions/A/Resources/libJPEG.dylib
0x000000000d4c4000 	/System/Library/Frameworks/ImageIO.framework/Versions/A/Resources/libTIFF.dylib
0x000000000d4c4000 	/System/Library/Frameworks/ImageIO.framework/Versions/A/Resources/libPng.dylib
0x000000000d4c4000 	/System/Library/Frameworks/ImageIO.framework/Versions/A/Resources/libGIF.dylib
0x000000000d4c4000 	/System/Library/Frameworks/ImageIO.framework/Versions/A/Resources/libJP2.dylib
0x000000000d4c4000 	/System/Library/Frameworks/ImageIO.framework/Versions/A/Resources/libRadiance.dylib
0x000000000d4c4000 	/usr/lib/libcups.2.dylib
0x000000000d4c4000 	/System/Library/Frameworks/Kerberos.framework/Versions/A/Kerberos
0x000000000d4c4000 	/System/Library/Frameworks/GSS.framework/Versions/A/GSS
0x000000000d4c4000 	/usr/lib/libresolv.9.dylib
0x000000000d4c4000 	/usr/lib/libiconv.2.dylib
0x000000000d4c4000 	/System/Library/PrivateFrameworks/Heimdal.framework/Versions/A/Heimdal
0x000000000d4c4000 	/System/Library/PrivateFrameworks/TrustEvaluationAgent.framework/Versions/A/TrustEvaluationAgent
0x000000000d4c4000 	/usr/lib/libheimdal-asn1.dylib
0x000000000d4c4000 	/System/Library/Frameworks/OpenDirectory.framework/Versions/A/OpenDirectory
0x000000000d4c4000 	/System/Library/PrivateFrameworks/CommonAuth.framework/Versions/A/CommonAuth
0x000000000d4c4000 	/System/Library/Frameworks/SecurityFoundation.framework/Versions/A/SecurityFoundation
0x000000000d4c4000 	/System/Library/PrivateFrameworks/Bom.framework/Versions/A/Bom
0x000000000d4c4000 	/System/Library/Frameworks/CoreVideo.framework/Versions/A/CoreVideo
0x000000000d4c4000 	/System/Library/Frameworks/QuartzCore.framework/Versions/A/Frameworks/CoreImage.framework/Versions/A/CoreImage
0x000000000d4c4000 	/System/Library/Frameworks/QuartzCore.framework/Versions/A/Frameworks/ScalableUserInterface.framework/Versions/A/ScalableUserInterface
0x000000000d4c4000 	/System/Library/Frameworks/OpenGL.framework/Versions/A/Libraries/libGLU.dylib
0x000000000d4c4000 	/System/Library/Frameworks/OpenGL.framework/Versions/A/Libraries/libGFXShared.dylib
0x000000000d4c4000 	/System/Library/Frameworks/OpenGL.framework/Versions/A/Libraries/libGL.dylib
0x000000000d4c4000 	/System/Library/Frameworks/OpenGL.framework/Versions/A/Libraries/libGLImage.dylib
0x000000000d4c4000 	/System/Library/Frameworks/OpenGL.framework/Versions/A/Libraries/libCVMSPluginSupport.dylib
0x000000000d4c4000 	/System/Library/Frameworks/OpenGL.framework/Versions/A/Libraries/libCoreVMClient.dylib
0x000000000d4c4000 	/System/Library/PrivateFrameworks/FaceCore.framework/Versions/A/FaceCore
0x000000000d4c4000 	/System/Library/PrivateFrameworks/CrashReporterSupport.framework/Versions/A/CrashReporterSupport
0x000000000d4c4000 	/System/Library/Frameworks/OpenCL.framework/Versions/A/OpenCL
0x000000000d4c4000 	/System/Library/PrivateFrameworks/AppleFSCompression.framework/Versions/A/AppleFSCompression
0x000000000d4c4000 	/System/Library/PrivateFrameworks/Ubiquity.framework/Versions/A/Ubiquity
0x000000000d4c4000 	/System/Library/PrivateFrameworks/IconServices.framework/Versions/A/IconServices
0x000000000d4c4000 	/System/Library/PrivateFrameworks/ChunkingLibrary.framework/Versions/A/ChunkingLibrary
0x000000000d4c4000 	/System/Library/PrivateFrameworks/CoreSymbolication.framework/Versions/A/CoreSymbolication
0x000000000d4c4000 	/System/Library/PrivateFrameworks/Symbolication.framework/Versions/A/Symbolication
0x000000000d4c4000 	/System/Library/PrivateFrameworks/DebugSymbols.framework/Versions/A/DebugSymbols
0x0000000106647000 	/Library/Java/JavaVirtualMachines/jdk1.8.0_45.jdk/Contents/Home/jre/lib/server/libjvm.dylib
0x000000000d4c4000 	/usr/lib/libstdc++.6.dylib
0x00000001075c6000 	/Library/Java/JavaVirtualMachines/jdk1.8.0_45.jdk/Contents/Home/jre/lib/libverify.dylib
0x0000000107f03000 	/Library/Java/JavaVirtualMachines/jdk1.8.0_45.jdk/Contents/Home/jre/lib/libjava.dylib
0x00000001075de000 	/Library/Java/JavaVirtualMachines/jdk1.8.0_45.jdk/Contents/Home/jre/lib/libzip.dylib
0x000000011ba32000 	/System/Library/Frameworks/JavaVM.framework/Frameworks/JavaRuntimeSupport.framework/JavaRuntimeSupport
0x000000011ba4a000 	/System/Library/Frameworks/JavaVM.framework/Versions/A/Frameworks/JavaNativeFoundation.framework/Versions/A/JavaNativeFoundation
0x000000011ba5f000 	/System/Library/Frameworks/JavaVM.framework/Versions/A/JavaVM
0x000000000d4c4000 	/System/Library/Frameworks/Carbon.framework/Versions/A/Carbon
0x000000011ba6c000 	/System/Library/PrivateFrameworks/JavaLaunching.framework/Versions/A/JavaLaunching
0x000000000d4c4000 	/System/Library/Frameworks/Carbon.framework/Versions/A/Frameworks/CommonPanels.framework/Versions/A/CommonPanels
0x000000000d4c4000 	/System/Library/Frameworks/Carbon.framework/Versions/A/Frameworks/Help.framework/Versions/A/Help
0x000000000d4c4000 	/System/Library/Frameworks/Carbon.framework/Versions/A/Frameworks/ImageCapture.framework/Versions/A/ImageCapture
0x000000000d4c4000 	/System/Library/Frameworks/Carbon.framework/Versions/A/Frameworks/OpenScripting.framework/Versions/A/OpenScripting
0x000000000d4c4000 	/System/Library/Frameworks/Carbon.framework/Versions/A/Frameworks/Print.framework/Versions/A/Print
0x000000000d4c4000 	/System/Library/Frameworks/Carbon.framework/Versions/A/Frameworks/SecurityHI.framework/Versions/A/SecurityHI
0x000000011c2b6000 	/Library/Java/JavaVirtualMachines/jdk1.8.0_45.jdk/Contents/Home/jre/lib/libawt.dylib
0x000000011c35e000 	/Library/Java/JavaVirtualMachines/jdk1.8.0_45.jdk/Contents/Home/jre/lib/./libmlib_image.dylib
0x000000011c42a000 	/Library/Java/JavaVirtualMachines/jdk1.8.0_45.jdk/Contents/Home/jre/lib/libawt_lwawt.dylib
0x000000011c4de000 	/Library/Java/JavaVirtualMachines/jdk1.8.0_45.jdk/Contents/Home/jre/lib/./libosxapp.dylib
0x000000000d4c4000 	/System/Library/Frameworks/ExceptionHandling.framework/Versions/A/ExceptionHandling
0x000000000d4c4000 	/System/Library/PrivateFrameworks/CoreServicesInternal.framework/Versions/A/CoreServicesInternal
0x000000000d4c4000 	/System/Library/PrivateFrameworks/Librarian.framework/Versions/A/Librarian
0x000000000d4c4000 	/System/Library/Frameworks/CoreGraphics.framework/Versions/A/Resources/libCGCMS.A.dylib
0x000000000d4c4000 	/System/Library/Frameworks/CoreGraphics.framework/Versions/A/Resources/libRIP.A.dylib
0x000000000d4c4000 	/System/Library/Frameworks/CoreGraphics.framework/Versions/A/Resources/libCGXType.A.dylib
0x000000000d4c4000 	/System/Library/PrivateFrameworks/FamilyControls.framework/Versions/A/FamilyControls
0x000000000d4c4000 	/System/Library/PrivateFrameworks/CommerceKit.framework/Versions/A/Frameworks/CommerceCore.framework/Versions/A/CommerceCore
0x000000000d4c4000 	/System/Library/PrivateFrameworks/SystemAdministration.framework/Versions/A/SystemAdministration
0x000000000d4c4000 	/System/Library/Frameworks/DirectoryService.framework/Versions/A/DirectoryService
0x000000000d4c4000 	/System/Library/PrivateFrameworks/DiskImages.framework/Versions/A/DiskImages
0x000000000d4c4000 	/System/Library/PrivateFrameworks/LoginUIKit.framework/Versions/A/Frameworks/LoginUICore.framework/Versions/A/LoginUICore
0x000000000d4c4000 	/usr/lib/libCoreStorage.dylib
0x000000000d4c4000 	/usr/lib/libcsfde.dylib
0x000000000d4c4000 	/usr/lib/libodfde.dylib
0x000000000d4c4000 	/System/Library/Frameworks/DiscRecording.framework/Versions/A/DiscRecording
0x000000000d4c4000 	/usr/lib/libcurl.4.dylib
0x000000000d4c4000 	/System/Library/PrivateFrameworks/MediaKit.framework/Versions/A/MediaKit
0x000000000d4c4000 	/System/Library/PrivateFrameworks/EFILogin.framework/Versions/A/EFILogin
0x000000000d4c4000 	/usr/lib/libutil.dylib
0x000000000d4c4000 	/System/Library/PrivateFrameworks/AOSNotification.framework/Versions/A/AOSNotification
0x000000000d4c4000 	/System/Library/Frameworks/LDAP.framework/Versions/A/LDAP
0x000000000d4c4000 	/usr/lib/libsasl2.2.dylib
0x000000000d4c4000 	/usr/lib/libcrypto.0.9.8.dylib
0x000000000d4c4000 	/usr/lib/libssl.0.9.8.dylib
0x000000011e3ee000 	/Library/Java/JavaVirtualMachines/jdk1.8.0_45.jdk/Contents/Home/jre/lib/libfontmanager.dylib
0x000000000d4c4000 	/System/Library/Frameworks/OpenGL.framework/Versions/A/Resources/GLEngine.bundle/GLEngine
0x000000000d4c4000 	/System/Library/Frameworks/OpenGL.framework/Versions/A/Libraries/libGLProgrammability.dylib
0x0000000000000000 	/System/Library/Extensions/AppleIntelHD3000GraphicsGLDriver.bundle/Contents/MacOS/AppleIntelHD3000GraphicsGLDriver
0x0000000120e3b000 	/System/Library/PrivateFrameworks/GPUSupport.framework/Versions/A/Libraries/libGPUSupport.dylib
0x000000000d4c4000 	/System/Library/Frameworks/OpenGL.framework/Versions/A/Resources/GLRendererFloat.bundle/GLRendererFloat
0x000000000d4c4000 	/System/Library/Frameworks/OpenCL.framework/Versions/A/Libraries/libcldcpuengine.dylib
0x000000012130d000 	/Library/Java/JavaVirtualMachines/jdk1.8.0_45.jdk/Contents/Home/jre/lib/libosxui.dylib
0x0000000120e50000 	/Library/Java/JavaVirtualMachines/jdk1.8.0_45.jdk/Contents/Home/jre/lib/libosx.dylib
0x0000000122e83000 	/Library/Java/JavaVirtualMachines/jdk1.8.0_45.jdk/Contents/Home/jre/lib/libnet.dylib
0x0000000122100000 	/Library/Java/JavaVirtualMachines/jdk1.8.0_45.jdk/Contents/Home/jre/lib/libnio.dylib
0x000000012146b000 	/Users/juliusskye/Desktop/FYPI/simplevoicehud/liblwjgl.dylib
0x00000001214e6000 	/Library/Java/JavaVirtualMachines/jdk1.8.0_45.jdk/Contents/Home/jre/lib/libjawt.dylib

VM Arguments:
jvm_args: -Dfile.encoding=UTF-8 
java_command: julius.sky.voicehud.App
java_class_path (initial): /Users/juliusskye/Desktop/FYPI/simplevoicehud/target/classes:/Users/juliusskye/.m2/repository/edu/cmu/sphinx/sphinx4-core/1.0-SNAPSHOT/sphinx4-core-1.0-SNAPSHOT.jar:/Users/juliusskye/.m2/repository/org/apache/commons/commons-math3/3.2/commons-math3-3.2.jar:/Users/juliusskye/.m2/repository/edu/cmu/sphinx/sphinx4-data/1.0-SNAPSHOT/sphinx4-data-1.0-SNAPSHOT.jar:/Users/juliusskye/.m2/repository/edu/cmu/sphinx/sphinx4-samples/1.0-SNAPSHOT/sphinx4-samples-1.0-SNAPSHOT.jar:/Users/juliusskye/.m2/repository/com/jme3/jme3-core/3.0.10/jme3-core-3.0.10.jar:/Users/juliusskye/.m2/repository/com/jme3/jme3-desktop/3.0.10/jme3-desktop-3.0.10.jar:/Users/juliusskye/.m2/repository/com/jme3/jme3-lwjgl/3.0.10/jme3-lwjgl-3.0.10.jar:/Users/juliusskye/.m2/repository/com/jme3-lib/lwjgl/2.9.0/lwjgl-2.9.0.jar:/Users/juliusskye/.m2/repository/com/jme3-lib/jinput/2.0.0-b01/jinput-2.0.0-b01.jar:/Users/juliusskye/.m2/repository/com/jme3-lib/lwjgl-natives/2.9.0/lwjgl-natives-2.9.0.jar:/Users/juliusskye/.m2/repository/com/jme3/jme3-plugins/3.0.10/jme3-plugins-3.0.10.jar:/Users/juliusskye/.m2/repository/com/jme3/jme3-niftygui/3.0.10/jme3-niftygui-3.0.10.jar:/Users/juliusskye/.m2/repository/com/jme3-lib/nifty/1.3.3/nifty-1.3.3.jar:/Users/juliusskye/.m2/repository/com/jme3-lib/nifty-default-controls/1.3.3/nifty-default-controls-1.3.3.jar:/Users/juliusskye/.m2/repository/com/jme3-lib/nifty-style-black/1.3.3/nifty-style-black-1.3.3.jar:/Users/juliusskye/.m2/repository/com/jme3-lib/jglfont-core/1.3/jglfont-core-1.3.jar:/Users/juliusskye/.m2/repository/com/jme3-lib/xmlpull-xpp3/1.4.4c/xmlpull-xpp3-1.4.4c.jar:/Users/juliusskye/.m2/repository/lessvoid/nifty/1.4.1/nifty-1.4.1.jar:/Users/juliusskye/.m2/repository/xpp3/xpp3/1.1.4c/xpp3-1.1.4c.jar:/Users/juliusskye/.m2/repository/org/bushe/eventbus/1.4/eventbus-1.4.jar:/Users/juliusskye/.m2/repository/com/google/code/findbugs/jsr305/2.0.2/jsr305-2.0.2.jar:/Users/juliusskye/.m2/repository/org/jglfont/jglfont-core/1.4/jglfont-core-1.4.
Launcher Type: SUN_STANDARD

Environment Variables:
PATH=/usr/bin:/bin:/usr/sbin:/sbin
SHELL=/bin/bash
DISPLAY=/tmp/launch-bT2pGA/org.macosforge.xquartz:0

Signal Handlers:
SIGSEGV: [libjvm.dylib+0x58ef95], sa_mask[0]=11111111011111110111111111111111, sa_flags=SA_ONSTACK|SA_RESTART|SA_SIGINFO
SIGBUS: [libjvm.dylib+0x58ef95], sa_mask[0]=11111111011111110111111111111111, sa_flags=SA_RESTART|SA_SIGINFO
SIGFPE: [libjvm.dylib+0x46c108], sa_mask[0]=11111111011111110111111111111111, sa_flags=SA_RESTART|SA_SIGINFO
SIGPIPE: [libjvm.dylib+0x46c108], sa_mask[0]=11111111011111110111111111111111, sa_flags=SA_RESTART|SA_SIGINFO
SIGXFSZ: [libjvm.dylib+0x46c108], sa_mask[0]=11111111011111110111111111111111, sa_flags=SA_RESTART|SA_SIGINFO
SIGILL: [libjvm.dylib+0x46c108], sa_mask[0]=11111111011111110111111111111111, sa_flags=SA_RESTART|SA_SIGINFO
SIGUSR1: SIG_DFL, sa_mask[0]=00000000000000000000000000000000, sa_flags=SA_RESTART
SIGUSR2: [libjvm.dylib+0x46bc26], sa_mask[0]=00100000000000000000000000000000, sa_flags=SA_RESTART|SA_SIGINFO
SIGHUP: [libjvm.dylib+0x46a1f9], sa_mask[0]=11111111011111110111111111111111, sa_flags=SA_RESTART|SA_SIGINFO
SIGINT: [libjvm.dylib+0x46a1f9], sa_mask[0]=11111111011111110111111111111111, sa_flags=SA_RESTART|SA_SIGINFO
SIGTERM: [libjvm.dylib+0x46a1f9], sa_mask[0]=11111111011111110111111111111111, sa_flags=SA_RESTART|SA_SIGINFO
SIGQUIT: [libjvm.dylib+0x46a1f9], sa_mask[0]=11111111011111110111111111111111, sa_flags=SA_RESTART|SA_SIGINFO


---------------  S Y S T E M  ---------------

OS:Bsduname:Darwin 13.4.0 Darwin Kernel Version 13.4.0: Wed Mar 18 16:20:14 PDT 2015; root:xnu-2422.115.14~1/RELEASE_X86_64 x86_64
rlimit: STACK 8192k, CORE 0k, NPROC 709, NOFILE 10240, AS infinity
load average:7.24 6.89 6.44

CPU:total 4 (2 cores per cpu, 2 threads per core) family 6 model 42 stepping 7, cmov, cx8, fxsr, mmx, sse, sse2, sse3, ssse3, sse4.1, sse4.2, popcnt, avx, aes, clmul, ht, tsc, tscinvbit

Memory: 4k page, physical 4194304k(14540k free)

/proc/meminfo:


vm_info: Java HotSpot(TM) 64-Bit Server VM (25.45-b02) for bsd-amd64 JRE (1.8.0_45-b14), built on Apr 10 2015 10:46:38 by "java_re" with gcc 4.2.1 (Based on Apple Inc. build 5658) (LLVM build 2336.11.00)

time: Fri Oct 23 19:51:55 2015
elapsed time: 13 seconds (0d 0h 0m 13s)

