#
# A fatal error has been detected by the Java Runtime Environment:
#
#  SIGSEGV (0xb) at pc=0x00007fff8b15c62a, pid=2652, tid=59911
#
# JRE version: Java(TM) SE Runtime Environment (8.0_45-b14) (build 1.8.0_45-b14)
# Java VM: Java HotSpot(TM) 64-Bit Server VM (25.45-b02 mixed mode bsd-amd64 compressed oops)
# Problematic frame:
# C  [libobjc.A.dylib+0x762a]  (anonymous namespace)::AutoreleasePoolPage::pop(void*)+0x1c6
#
# Failed to write core dump. Core dumps have been disabled. To enable core dumping, try "ulimit -c unlimited" before starting Java again
#
# If you would like to submit a bug report, please visit:
#   http://bugreport.java.com/bugreport/crash.jsp
# The crash happened outside the Java Virtual Machine in native code.
# See problematic frame for where to report the bug.
#

---------------  T H R E A D  ---------------

Current thread (0x00007f9a4cb07800):  JavaThread "LWJGL Renderer Thread" [_thread_in_native, id=59911, stack(0x00000001a6554000,0x00000001a6654000)]

siginfo: si_signo: 11 (SIGSEGV), si_code: 1 (SEGV_MAPERR), si_addr: 0x0000000000000010

Registers:
RAX=0x00007f9a4d3e5038, RBX=0xa3a3a3a3a3a3a3a3, RCX=0x00007f9a4d3e5038, RDX=0x00000000a1a1a1a1
RSP=0x00000001a6653140, RBP=0x00000001a6653590, RSI=0x0000000000000000, RDI=0x00007f9a4db41038
R8 =0x00007f9a4bc73d40, R9 =0x0000000000000000, R10=0x00007f9a4bf27640, R11=0x00007fff795fbe30
R12=0x0000000000000000, R13=0x00000001a72b71e0, R14=0x00007f9a4db41038, R15=0x00007f9a4db41000
RIP=0x00007fff8b15c62a, EFLAGS=0x0000000000010246, ERR=0x0000000000000004
  TRAPNO=0x000000000000000e

Top of Stack: (sp=0x00000001a6653140)
0x00000001a6653140:   00000001a6653180 00007fff8ba718f3
0x00000001a6653150:   0000000000000018 00007f9a4db41038
0x00000001a6653160:   000c8000000c8000 00007f9a4be002e0
0x00000001a6653170:   00000001a66531a0 00007f9a4be002f0
0x00000001a6653180:   00000001a66532d0 00007fff9326529c
0x00000001a6653190:   0000000000000000 0000000000001e00
0x00000001a66531a0:   0000001800000013 0000000000001103
0x00000001a66531b0:   000000004cb07800 000000015d40f368
0x00000001a66531c0:   0000000000001e00 0000000000000030
0x00000001a66531d0:   0000000000012068 00007f9a4bd28780
0x00000001a66531e0:   0000000000012068 00000001a665329c
0x00000001a66531f0:   00000001a6653280 00007fff8ba714a9
0x00000001a6653200:   00000001a6653290 00000001a66532a4
0x00000001a6653210:   00000001a66532a0 0000000000000000
0x00000001a6653220:   00000001a665329c 00007f9a4bd2879c
0x00000001a6653230:   000000000004071a 000001004bd288b4
0x00000001a6653240:   00007f9a4bd28798 0001206800211aef
0x00000001a6653250:   000000000004071a 0000000000000001
0x00000001a6653260:   0000000000000001 0000000000000008
0x00000001a6653270:   00007f9a4bd28780 0000000000000000
0x00000001a6653280:   00000001a66532c0 00007fff8ba718f3
0x00000001a6653290:   00000001a66532d0 0001206800000001
0x00000001a66532a0:   0000000000000000 00007f9a4bc79af0
0x00000001a66532b0:   0000000000000000 0000000000000000
0x00000001a66532c0:   00000001a6653340 00007fff8ba71779
0x00000001a66532d0:   000000000004071a 00007f9a4bc79b08
0x00000001a66532e0:   00007f9a4bc79b0c 00007f9a4bc79b04
0x00000001a66532f0:   00007f9a4bc79af0 0000000000000100
0x00000001a6653300:   0000000000000303 0000000100d0af10
0x00000001a6653310:   00000001a6653388 00007f9a4bc79ae0
0x00000001a6653320:   00007fff78da6e90 00007fff78da6e90
0x00000001a6653330:   00000001a6653360 00007fff8b17261b 

Instructions: (pc=0x00007fff8b15c62a)
0x00007fff8b15c60a:   48 8b 76 20 48 85 f6 74 0e 8b 16 81 fa a1 a1 a1
0x00007fff8b15c61a:   a1 0f 85 15 01 00 00 65 48 89 34 25 80 01 00 00
0x00007fff8b15c62a:   48 8b 46 10 48 8d 4e 38 48 39 c8 74 d3 48 83 c6
0x00007fff8b15c63a:   10 eb 04 48 8d 76 10 48 8d 48 f8 48 89 0e 48 8b 

Register to memory mapping:

RAX=0x00007f9a4d3e5038 is an unknown value
RBX=0xa3a3a3a3a3a3a3a3 is an unknown value
RCX=0x00007f9a4d3e5038 is an unknown value
RDX=0x00000000a1a1a1a1 is an unknown value
RSP=0x00000001a6653140 is pointing into the stack for thread: 0x00007f9a4cb07800
RBP=0x00000001a6653590 is pointing into the stack for thread: 0x00007f9a4cb07800
RSI=0x0000000000000000 is an unknown value
RDI=0x00007f9a4db41038 is an unknown value
R8 =0x00007f9a4bc73d40 is an unknown value
R9 =0x0000000000000000 is an unknown value
R10=0x00007f9a4bf27640 is an unknown value
R11=0x00007fff795fbe30: OBJC_CLASS_$_NSAutoreleasePool+0 in /System/Library/Frameworks/Foundation.framework/Versions/C/Foundation at 0x00007fff8ee47000
R12=0x0000000000000000 is an unknown value
R13={method} {0x00000001a72b71e0} 'nDestroyWindow' '(Ljava/nio/ByteBuffer;)V' in 'org/lwjgl/opengl/MacOSXDisplay'
R14=0x00007f9a4db41038 is an unknown value
R15=0x00007f9a4db41000 is an unknown value


Stack: [0x00000001a6554000,0x00000001a6654000],  sp=0x00000001a6653140,  free space=1020k
Native frames: (J=compiled Java code, j=interpreted, Vv=VM code, C=native code)
C  [libobjc.A.dylib+0x762a]  (anonymous namespace)::AutoreleasePoolPage::pop(void*)+0x1c6
C  [CoreFoundation+0x38932]  _CFAutoreleasePoolPop+0x32
C  [Foundation+0x1b437]  -[NSAutoreleasePool drain]+0x93
j  org.lwjgl.opengl.MacOSXDisplay.nDestroyWindow(Ljava/nio/ByteBuffer;)V+0
j  org.lwjgl.opengl.MacOSXDisplay.destroyWindow()V+43
j  org.lwjgl.opengl.Display.destroyWindow()V+46
j  org.lwjgl.opengl.Display.setDisplayMode(Lorg/lwjgl/opengl/DisplayMode;)V+34
j  com.jme3.system.lwjgl.LwjglDisplay.createContext(Lcom/jme3/system/AppSettings;)V+270
j  com.jme3.system.lwjgl.LwjglAbstractDisplay.initInThread()Z+25
j  com.jme3.system.lwjgl.LwjglAbstractDisplay.run()V+32
j  java.lang.Thread.run()V+11
v  ~StubRoutines::call_stub
V  [libjvm.dylib+0x2e032a]  JavaCalls::call_helper(JavaValue*, methodHandle*, JavaCallArguments*, Thread*)+0x6ae
V  [libjvm.dylib+0x2e0ab8]  JavaCalls::call_virtual(JavaValue*, KlassHandle, Symbol*, Symbol*, JavaCallArguments*, Thread*)+0x164
V  [libjvm.dylib+0x2e0c64]  JavaCalls::call_virtual(JavaValue*, Handle, KlassHandle, Symbol*, Symbol*, Thread*)+0x4a
V  [libjvm.dylib+0x3331a5]  thread_entry(JavaThread*, Thread*)+0x7c
V  [libjvm.dylib+0x549acf]  JavaThread::thread_main_inner()+0x9b
V  [libjvm.dylib+0x54b1c0]  JavaThread::run()+0x1c2
V  [libjvm.dylib+0x46ea7e]  java_start(Thread*)+0xf6
C  [libsystem_pthread.dylib+0x1899]  _pthread_body+0x8a
C  [libsystem_pthread.dylib+0x172a]  _pthread_struct_init+0x0
C  [libsystem_pthread.dylib+0x5fc9]  thread_start+0xd
C  0x0000000000000000

Java frames: (J=compiled Java code, j=interpreted, Vv=VM code)
j  org.lwjgl.opengl.MacOSXDisplay.nDestroyWindow(Ljava/nio/ByteBuffer;)V+0
j  org.lwjgl.opengl.MacOSXDisplay.destroyWindow()V+43
j  org.lwjgl.opengl.Display.destroyWindow()V+46
j  org.lwjgl.opengl.Display.setDisplayMode(Lorg/lwjgl/opengl/DisplayMode;)V+34
j  com.jme3.system.lwjgl.LwjglDisplay.createContext(Lcom/jme3/system/AppSettings;)V+270
j  com.jme3.system.lwjgl.LwjglAbstractDisplay.initInThread()Z+25
j  com.jme3.system.lwjgl.LwjglAbstractDisplay.run()V+32
j  java.lang.Thread.run()V+11
v  ~StubRoutines::call_stub

---------------  P R O C E S S  ---------------

Java Threads: ( => current thread )
  0x00007f9a4daaf000 JavaThread "DestroyJavaVM" [_thread_blocked, id=6403, stack(0x000000010b36a000,0x000000010b46a000)]
  0x00007f9a4cb08000 JavaThread "Thread-9" daemon [_thread_in_native, id=60167, stack(0x00000001a7575000,0x00000001a7675000)]
=>0x00007f9a4cb07800 JavaThread "LWJGL Renderer Thread" [_thread_in_native, id=59911, stack(0x00000001a6554000,0x00000001a6654000)]
  0x00007f9a4dab7000 JavaThread "LWJGL Renderer Thread" [_thread_blocked, id=59399, stack(0x00000001a61ba000,0x00000001a62ba000)]
  0x00007f9a4db21800 JavaThread "TimerQueue" daemon [_thread_blocked, id=62995, stack(0x00000001a7eb6000,0x00000001a7fb6000)]
  0x00007f9a4da7c000 JavaThread "Image Fetcher 0" daemon [_thread_blocked, id=57095, stack(0x00000001a5aea000,0x00000001a5bea000)]
  0x00007f9a4da50000 JavaThread "Timer-0" daemon [_thread_blocked, id=56327, stack(0x00000001a59e7000,0x00000001a5ae7000)]
  0x00007f9a4d1ea800 JavaThread "Java2D Disposer" daemon [_thread_blocked, id=55811, stack(0x00000001a56cc000,0x00000001a57cc000)]
  0x00007f9a4c168000 JavaThread "Java2D Queue Flusher" daemon [_thread_blocked, id=34055, stack(0x00000001a520c000,0x00000001a530c000)]
  0x00007f9a4c154800 JavaThread "AWT-EventQueue-0" [_thread_blocked, id=50947, stack(0x00000001a3fda000,0x00000001a40da000)]
  0x00007f9a4c93d000 JavaThread "AWT-Shutdown" [_thread_blocked, id=50695, stack(0x00000001a3ed7000,0x00000001a3fd7000)]
  0x00007f9a4d12b800 JavaThread "Thread-5" daemon [_thread_in_native, id=36867, stack(0x00000001a1af1000,0x00000001a1b71000)]
  0x00007f9a4d10c800 JavaThread "JavaFX Application Thread" [_thread_in_native, id=3335, stack(0x00007fff55924000,0x00007fff56124000)]
  0x00007f9a4d935000 JavaThread "Thread-2" daemon [_thread_blocked, id=25883, stack(0x000000019fe79000,0x000000019ff79000)]
  0x00007f9a4d857000 JavaThread "QuantumRenderer-0" daemon [_thread_blocked, id=20739, stack(0x000000019fa48000,0x000000019fb48000)]
  0x00007f9a4d071000 JavaThread "Service Thread" daemon [_thread_blocked, id=19715, stack(0x000000019f71d000,0x000000019f81d000)]
  0x00007f9a4d077000 JavaThread "C1 CompilerThread2" daemon [_thread_blocked, id=19203, stack(0x000000019f61a000,0x000000019f71a000)]
  0x00007f9a4d076000 JavaThread "C2 CompilerThread1" daemon [_thread_blocked, id=18691, stack(0x000000019f517000,0x000000019f617000)]
  0x00007f9a4d04c000 JavaThread "C2 CompilerThread0" daemon [_thread_blocked, id=18179, stack(0x000000019f414000,0x000000019f514000)]
  0x00007f9a4d80b000 JavaThread "Signal Dispatcher" daemon [_thread_blocked, id=17667, stack(0x000000019f311000,0x000000019f411000)]
  0x00007f9a4d81b800 JavaThread "Finalizer" daemon [_thread_blocked, id=12547, stack(0x000000019f0c2000,0x000000019f1c2000)]
  0x00007f9a4d81a800 JavaThread "Reference Handler" daemon [_thread_blocked, id=12035, stack(0x000000019efbf000,0x000000019f0bf000)]

Other Threads:
  0x00007f9a4c00f800 VMThread [stack: 0x000000019eebc000,0x000000019efbc000] [id=11523]
  0x00007f9a4d072000 WatcherThread [stack: 0x000000019f820000,0x000000019f920000] [id=20227]

VM state:not at safepoint (normal execution)

VM Mutex/Monitor currently owned by a thread: None

Heap:
 PSYoungGen      total 18944K, used 13287K [0x0000000145700000, 0x0000000146c00000, 0x000000015ac00000)
  eden space 16384K, 65% used [0x0000000145700000,0x000000014617dea0,0x0000000146700000)
  from space 2560K, 99% used [0x0000000146700000,0x000000014697c020,0x0000000146980000)
  to   space 2560K, 0% used [0x0000000146980000,0x0000000146980000,0x0000000146c00000)
 ParOldGen       total 44032K, used 2114K [0x000000011ac00000, 0x000000011d700000, 0x0000000145700000)
  object space 44032K, 4% used [0x000000011ac00000,0x000000011ae10bd8,0x000000011d700000)
 Metaspace       used 18141K, capacity 18500K, committed 18816K, reserved 1064960K
  class space    used 2217K, capacity 2344K, committed 2432K, reserved 1048576K

Card table byte_map: [0x000000015ac00000,0x000000015ae01000] byte_map_base: 0x000000015a32a000

Marking Bits: (ParMarkBitMap*) 0x000000010acc27a0
 Begin Bits: [0x000000015b20d000, 0x000000015c20d000)
 End Bits:   [0x000000015c20d000, 0x000000015d20d000)

Polling page: 0x0000000109bff000

CodeCache: size=245760Kb used=4316Kb max_used=4319Kb free=241443Kb
 bounds [0x000000010b4b3000, 0x000000010b8f3000, 0x000000011a4b3000]
 total_blobs=1942 nmethods=1250 adapters=605
 compilation: enabled

Compilation events (10 events):
Event: 4.542 Thread 0x00007f9a4d077000 nmethod 1239 0x000000010b8e7850 code [0x000000010b8e79c0, 0x000000010b8e7c30]
Event: 4.542 Thread 0x00007f9a4d077000 1236       3       java.util.LinkedHashMap::afterNodeInsertion (40 bytes)
Event: 4.542 Thread 0x00007f9a4d077000 nmethod 1236 0x000000010b8e6fd0 code [0x000000010b8e7180, 0x000000010b8e76c8]
Event: 4.542 Thread 0x00007f9a4d077000 1237       3       java.lang.Class::getAnnotations (11 bytes)
Event: 4.543 Thread 0x00007f9a4d077000 nmethod 1237 0x000000010b8e6810 code [0x000000010b8e69c0, 0x000000010b8e6e28]
Event: 4.544 Thread 0x00007f9a4d077000 1240       3       java.util.Formatter$Flags::contains (22 bytes)
Event: 4.544 Thread 0x00007f9a4d076000 1241       4       java.nio.DirectByteBuffer::put (18 bytes)
Event: 4.545 Thread 0x00007f9a4d077000 nmethod 1240 0x000000010b8e63d0 code [0x000000010b8e6540, 0x000000010b8e6750]
Event: 4.545 Thread 0x00007f9a4d076000 nmethod 1241 0x000000010b8d9510 code [0x000000010b8d9660, 0x000000010b8d9718]
Event: 4.546 Thread 0x00007f9a4d04c000 1242       4       java.lang.StringBuilder::<init> (7 bytes)

GC Heap History (2 events):
Event: 2.632 GC heap before
{Heap before GC invocations=1 (full 0):
 PSYoungGen      total 18944K, used 16384K [0x0000000145700000, 0x0000000146c00000, 0x000000015ac00000)
  eden space 16384K, 100% used [0x0000000145700000,0x0000000146700000,0x0000000146700000)
  from space 2560K, 0% used [0x0000000146980000,0x0000000146980000,0x0000000146c00000)
  to   space 2560K, 0% used [0x0000000146700000,0x0000000146700000,0x0000000146980000)
 ParOldGen       total 44032K, used 0K [0x000000011ac00000, 0x000000011d700000, 0x0000000145700000)
  object space 44032K, 0% used [0x000000011ac00000,0x000000011ac00000,0x000000011d700000)
 Metaspace       used 13726K, capacity 14054K, committed 14208K, reserved 1060864K
  class space    used 1780K, capacity 1918K, committed 1920K, reserved 1048576K
Event: 2.652 GC heap after
Heap after GC invocations=1 (full 0):
 PSYoungGen      total 18944K, used 2544K [0x0000000145700000, 0x0000000146c00000, 0x000000015ac00000)
  eden space 16384K, 0% used [0x0000000145700000,0x0000000145700000,0x0000000146700000)
  from space 2560K, 99% used [0x0000000146700000,0x000000014697c020,0x0000000146980000)
  to   space 2560K, 0% used [0x0000000146980000,0x0000000146980000,0x0000000146c00000)
 ParOldGen       total 44032K, used 2114K [0x000000011ac00000, 0x000000011d700000, 0x0000000145700000)
  object space 44032K, 4% used [0x000000011ac00000,0x000000011ae10bd8,0x000000011d700000)
 Metaspace       used 13726K, capacity 14054K, committed 14208K, reserved 1060864K
  class space    used 1780K, capacity 1918K, committed 1920K, reserved 1048576K
}

Deoptimization events (7 events):
Event: 0.333 Thread 0x00007f9a4d008800 Uncommon trap: reason=unstable_if action=reinterpret pc=0x000000010b5da32c method=java.lang.String.hashCode()I @ 14
Event: 0.463 Thread 0x00007f9a4d008800 Uncommon trap: reason=unstable_if action=reinterpret pc=0x000000010b5fb5c0 method=java.lang.String.indexOf(II)I @ 49
Event: 0.739 Thread 0x00007f9a4d857000 Uncommon trap: reason=unstable_if action=reinterpret pc=0x000000010b660c70 method=java.lang.String.indexOf([CII[CIII)I @ 134
Event: 1.402 Thread 0x00007f9a4c154800 Uncommon trap: reason=unstable_if action=reinterpret pc=0x000000010b6d88dc method=java.lang.AbstractStringBuilder.append(Ljava/lang/String;)Ljava/lang/AbstractStringBuilder; @ 1
Event: 4.383 Thread 0x00007f9a4cb08000 Uncommon trap: reason=unstable_if action=reinterpret pc=0x000000010b757b1c method=java.util.HashMap.getNode(ILjava/lang/Object;)Ljava/util/HashMap$Node; @ 62
Event: 4.383 Thread 0x00007f9a4cb08000 Uncommon trap: reason=unstable_if action=reinterpret pc=0x000000010b7031fc method=java.util.HashMap.getNode(ILjava/lang/Object;)Ljava/util/HashMap$Node; @ 62
Event: 4.438 Thread 0x00007f9a4cb08000 Uncommon trap: reason=unstable_if action=reinterpret pc=0x000000010b65c2dc method=java.lang.String.replace(CC)Ljava/lang/String; @ 26

Internal exceptions (10 events):
Event: 0.533 Thread 0x00007f9a4d008800 Exception <a 'java/lang/NoSuchFieldError': method resolution failed> (0x0000000145b15470) thrown at [/Users/java_re/workspace/8-2-build-macosx-x86_64/jdk8u45/3457/hotspot/src/share/vm/prims/methodHandles.cpp, line 1125]
Event: 0.702 Thread 0x00007f9a4d857000 Exception <a 'java/security/PrivilegedActionException'> (0x0000000145d5a758) thrown at [/Users/java_re/workspace/8-2-build-macosx-x86_64/jdk8u45/3457/hotspot/src/share/vm/prims/jvm.cpp, line 1382]
Event: 0.702 Thread 0x00007f9a4d857000 Exception <a 'java/security/PrivilegedActionException'> (0x0000000145d5a910) thrown at [/Users/java_re/workspace/8-2-build-macosx-x86_64/jdk8u45/3457/hotspot/src/share/vm/prims/jvm.cpp, line 1382]
Event: 0.702 Thread 0x00007f9a4d857000 Exception <a 'java/security/PrivilegedActionException'> (0x0000000145d5db00) thrown at [/Users/java_re/workspace/8-2-build-macosx-x86_64/jdk8u45/3457/hotspot/src/share/vm/prims/jvm.cpp, line 1382]
Event: 0.703 Thread 0x00007f9a4d857000 Exception <a 'java/security/PrivilegedActionException'> (0x0000000145d5dcb8) thrown at [/Users/java_re/workspace/8-2-build-macosx-x86_64/jdk8u45/3457/hotspot/src/share/vm/prims/jvm.cpp, line 1382]
Event: 1.091 Thread 0x00007f9a4d008800 Exception <a 'java/io/FileNotFoundException'> (0x00000001460b8990) thrown at [/Users/java_re/workspace/8-2-build-macosx-x86_64/jdk8u45/3457/hotspot/src/share/vm/prims/jni.cpp, line 709]
Event: 1.092 Thread 0x00007f9a4d008800 Exception <a 'java/io/FileNotFoundException'> (0x00000001460b94a0) thrown at [/Users/java_re/workspace/8-2-build-macosx-x86_64/jdk8u45/3457/hotspot/src/share/vm/prims/jni.cpp, line 709]
Event: 1.402 Thread 0x00007f9a4c154800 Implicit null exception at 0x000000010b6d8575 to 0x000000010b6d88c9
Event: 1.432 Thread 0x00007f9a4c154800 Exception <a 'java/lang/NoClassDefFoundError'> (0x00000001462acaa0) thrown at [/Users/java_re/workspace/8-2-build-macosx-x86_64/jdk8u45/3457/hotspot/src/share/vm/prims/jvm.cpp, line 1386]
Event: 4.201 Thread 0x00007f9a4dab7000 Exception <a 'java/lang/UnsatisfiedLinkError'> (0x0000000145ab9110) thrown at [/Users/java_re/workspace/8-2-build-macosx-x86_64/jdk8u45/3457/hotspot/src/share/vm/prims/jvm.cpp, line 1386]

Events (10 events):
Event: 4.540 loading class edu/cmu/sphinx/linguist/language/ngram/large/LargeTrigramModel
Event: 4.540 loading class edu/cmu/sphinx/linguist/language/ngram/large/LargeTrigramModel done
Event: 4.541 loading class org/lwjgl/input/Controllers
Event: 4.541 loading class org/lwjgl/input/Controllers done
Event: 4.542 loading class edu/cmu/sphinx/linguist/language/ngram/large/LargeNGramModel
Event: 4.542 loading class edu/cmu/sphinx/linguist/language/ngram/large/LargeNGramModel done
Event: 4.546 loading class edu/cmu/sphinx/linguist/language/ngram/large/NMaxGramBuffer
Event: 4.546 loading class edu/cmu/sphinx/linguist/language/ngram/large/NMaxGramBuffer done
Event: 4.546 loading class edu/cmu/sphinx/linguist/language/ngram/large/NGramBuffer
Event: 4.546 loading class edu/cmu/sphinx/linguist/language/ngram/large/NGramBuffer done


Dynamic libraries:
0x000000000861f000 	/System/Library/Frameworks/Cocoa.framework/Versions/A/Cocoa
0x000000000861f000 	/System/Library/Frameworks/Security.framework/Versions/A/Security
0x000000000861f000 	/System/Library/Frameworks/ApplicationServices.framework/Versions/A/ApplicationServices
0x000000000861f000 	/usr/lib/libz.1.dylib
0x000000000861f000 	/usr/lib/libSystem.B.dylib
0x000000000861f000 	/usr/lib/libobjc.A.dylib
0x000000000861f000 	/System/Library/Frameworks/CoreFoundation.framework/Versions/A/CoreFoundation
0x000000000861f000 	/System/Library/Frameworks/Foundation.framework/Versions/C/Foundation
0x000000000861f000 	/System/Library/Frameworks/AppKit.framework/Versions/C/AppKit
0x000000000861f000 	/System/Library/Frameworks/CoreData.framework/Versions/A/CoreData
0x000000000861f000 	/System/Library/PrivateFrameworks/RemoteViewServices.framework/Versions/A/RemoteViewServices
0x000000000861f000 	/System/Library/Frameworks/AudioToolbox.framework/Versions/A/AudioToolbox
0x000000000861f000 	/System/Library/Frameworks/AudioUnit.framework/Versions/A/AudioUnit
0x000000000861f000 	/System/Library/PrivateFrameworks/DataDetectorsCore.framework/Versions/A/DataDetectorsCore
0x000000000861f000 	/System/Library/PrivateFrameworks/DesktopServicesPriv.framework/Versions/A/DesktopServicesPriv
0x000000000861f000 	/System/Library/Frameworks/Carbon.framework/Versions/A/Frameworks/HIToolbox.framework/Versions/A/HIToolbox
0x000000000861f000 	/System/Library/Frameworks/QuartzCore.framework/Versions/A/QuartzCore
0x000000000861f000 	/System/Library/Frameworks/Carbon.framework/Versions/A/Frameworks/SpeechRecognition.framework/Versions/A/SpeechRecognition
0x000000000861f000 	/usr/lib/libauto.dylib
0x000000000861f000 	/usr/lib/libicucore.A.dylib
0x000000000861f000 	/usr/lib/libxml2.2.dylib
0x000000000861f000 	/System/Library/PrivateFrameworks/CoreUI.framework/Versions/A/CoreUI
0x000000000861f000 	/System/Library/Frameworks/CoreAudio.framework/Versions/A/CoreAudio
0x000000000861f000 	/System/Library/Frameworks/DiskArbitration.framework/Versions/A/DiskArbitration
0x000000000861f000 	/usr/lib/liblangid.dylib
0x000000000861f000 	/System/Library/PrivateFrameworks/MultitouchSupport.framework/Versions/A/MultitouchSupport
0x000000000861f000 	/System/Library/Frameworks/IOKit.framework/Versions/A/IOKit
0x000000000861f000 	/usr/lib/libDiagnosticMessagesClient.dylib
0x000000000861f000 	/System/Library/Frameworks/CoreServices.framework/Versions/A/CoreServices
0x000000000861f000 	/System/Library/PrivateFrameworks/PerformanceAnalysis.framework/Versions/A/PerformanceAnalysis
0x000000000861f000 	/System/Library/PrivateFrameworks/GenerationalStorage.framework/Versions/A/GenerationalStorage
0x000000000861f000 	/System/Library/Frameworks/OpenGL.framework/Versions/A/OpenGL
0x000000000861f000 	/System/Library/PrivateFrameworks/Sharing.framework/Versions/A/Sharing
0x000000000861f000 	/System/Library/Frameworks/ImageIO.framework/Versions/A/ImageIO
0x000000000861f000 	/System/Library/Frameworks/CoreText.framework/Versions/A/CoreText
0x000000000861f000 	/System/Library/Frameworks/CoreGraphics.framework/Versions/A/CoreGraphics
0x000000000861f000 	/System/Library/PrivateFrameworks/Backup.framework/Versions/A/Backup
0x000000000861f000 	/System/Library/Frameworks/CFNetwork.framework/Versions/A/CFNetwork
0x000000000861f000 	/System/Library/Frameworks/SystemConfiguration.framework/Versions/A/SystemConfiguration
0x000000000861f000 	/usr/lib/libCRFSuite.dylib
0x000000000861f000 	/usr/lib/libc++.1.dylib
0x000000000861f000 	/usr/lib/libc++abi.dylib
0x000000000861f000 	/usr/lib/system/libcache.dylib
0x000000000861f000 	/usr/lib/system/libcommonCrypto.dylib
0x000000000861f000 	/usr/lib/system/libcompiler_rt.dylib
0x000000000861f000 	/usr/lib/system/libcopyfile.dylib
0x000000000861f000 	/usr/lib/system/libcorecrypto.dylib
0x000000000861f000 	/usr/lib/system/libdispatch.dylib
0x000000000861f000 	/usr/lib/system/libdyld.dylib
0x000000000861f000 	/usr/lib/system/libkeymgr.dylib
0x000000000861f000 	/usr/lib/system/liblaunch.dylib
0x000000000861f000 	/usr/lib/system/libmacho.dylib
0x000000000861f000 	/usr/lib/system/libquarantine.dylib
0x000000000861f000 	/usr/lib/system/libremovefile.dylib
0x000000000861f000 	/usr/lib/system/libsystem_asl.dylib
0x000000000861f000 	/usr/lib/system/libsystem_blocks.dylib
0x000000000861f000 	/usr/lib/system/libsystem_c.dylib
0x000000000861f000 	/usr/lib/system/libsystem_configuration.dylib
0x000000000861f000 	/usr/lib/system/libsystem_dnssd.dylib
0x000000000861f000 	/usr/lib/system/libsystem_info.dylib
0x000000000861f000 	/usr/lib/system/libsystem_kernel.dylib
0x000000000861f000 	/usr/lib/system/libsystem_m.dylib
0x000000000861f000 	/usr/lib/system/libsystem_malloc.dylib
0x000000000861f000 	/usr/lib/system/libsystem_network.dylib
0x000000000861f000 	/usr/lib/system/libsystem_notify.dylib
0x000000000861f000 	/usr/lib/system/libsystem_platform.dylib
0x000000000861f000 	/usr/lib/system/libsystem_pthread.dylib
0x000000000861f000 	/usr/lib/system/libsystem_sandbox.dylib
0x000000000861f000 	/usr/lib/system/libsystem_stats.dylib
0x000000000861f000 	/usr/lib/system/libunc.dylib
0x000000000861f000 	/usr/lib/system/libunwind.dylib
0x000000000861f000 	/usr/lib/system/libxpc.dylib
0x000000000861f000 	/usr/lib/libbsm.0.dylib
0x000000000861f000 	/usr/lib/libsqlite3.dylib
0x000000000861f000 	/usr/lib/libxar.1.dylib
0x000000000861f000 	/usr/lib/libpam.2.dylib
0x000000000861f000 	/usr/lib/libOpenScriptingUtil.dylib
0x000000000861f000 	/usr/lib/libbz2.1.0.dylib
0x000000000861f000 	/System/Library/Frameworks/CoreServices.framework/Versions/A/Frameworks/CarbonCore.framework/Versions/A/CarbonCore
0x000000000861f000 	/System/Library/Frameworks/CoreServices.framework/Versions/A/Frameworks/Metadata.framework/Versions/A/Metadata
0x000000000861f000 	/System/Library/Frameworks/CoreServices.framework/Versions/A/Frameworks/OSServices.framework/Versions/A/OSServices
0x000000000861f000 	/System/Library/Frameworks/CoreServices.framework/Versions/A/Frameworks/SearchKit.framework/Versions/A/SearchKit
0x000000000861f000 	/System/Library/Frameworks/CoreServices.framework/Versions/A/Frameworks/AE.framework/Versions/A/AE
0x000000000861f000 	/System/Library/Frameworks/CoreServices.framework/Versions/A/Frameworks/LaunchServices.framework/Versions/A/LaunchServices
0x000000000861f000 	/System/Library/Frameworks/CoreServices.framework/Versions/A/Frameworks/DictionaryServices.framework/Versions/A/DictionaryServices
0x000000000861f000 	/System/Library/Frameworks/NetFS.framework/Versions/A/NetFS
0x000000000861f000 	/usr/lib/system/libkxld.dylib
0x000000000861f000 	/System/Library/PrivateFrameworks/NetAuth.framework/Versions/A/NetAuth
0x000000000861f000 	/System/Library/PrivateFrameworks/TCC.framework/Versions/A/TCC
0x000000000861f000 	/System/Library/Frameworks/OpenDirectory.framework/Versions/A/Frameworks/CFOpenDirectory.framework/Versions/A/CFOpenDirectory
0x000000000861f000 	/System/Library/Frameworks/ServiceManagement.framework/Versions/A/ServiceManagement
0x000000000861f000 	/usr/lib/libxslt.1.dylib
0x000000000861f000 	/System/Library/Frameworks/Carbon.framework/Versions/A/Frameworks/Ink.framework/Versions/A/Ink
0x000000000861f000 	/System/Library/Frameworks/ApplicationServices.framework/Versions/A/Frameworks/ATS.framework/Versions/A/ATS
0x000000000861f000 	/System/Library/Frameworks/ApplicationServices.framework/Versions/A/Frameworks/ColorSync.framework/Versions/A/ColorSync
0x000000000861f000 	/System/Library/Frameworks/ApplicationServices.framework/Versions/A/Frameworks/HIServices.framework/Versions/A/HIServices
0x000000000861f000 	/System/Library/Frameworks/ApplicationServices.framework/Versions/A/Frameworks/LangAnalysis.framework/Versions/A/LangAnalysis
0x000000000861f000 	/System/Library/Frameworks/ApplicationServices.framework/Versions/A/Frameworks/PrintCore.framework/Versions/A/PrintCore
0x000000000861f000 	/System/Library/Frameworks/ApplicationServices.framework/Versions/A/Frameworks/QD.framework/Versions/A/QD
0x000000000861f000 	/System/Library/Frameworks/ApplicationServices.framework/Versions/A/Frameworks/SpeechSynthesis.framework/Versions/A/SpeechSynthesis
0x000000000861f000 	/System/Library/Frameworks/IOSurface.framework/Versions/A/IOSurface
0x000000000861f000 	/System/Library/Frameworks/Accelerate.framework/Versions/A/Accelerate
0x000000000861f000 	/System/Library/Frameworks/Accelerate.framework/Versions/A/Frameworks/vImage.framework/Versions/A/vImage
0x000000000861f000 	/System/Library/Frameworks/Accelerate.framework/Versions/A/Frameworks/vecLib.framework/Versions/A/vecLib
0x000000000861f000 	/System/Library/Frameworks/Accelerate.framework/Versions/A/Frameworks/vecLib.framework/Versions/A/libvDSP.dylib
0x000000000861f000 	/System/Library/Frameworks/Accelerate.framework/Versions/A/Frameworks/vecLib.framework/Versions/A/libvMisc.dylib
0x000000000861f000 	/System/Library/Frameworks/Accelerate.framework/Versions/A/Frameworks/vecLib.framework/Versions/A/libLAPACK.dylib
0x000000000861f000 	/System/Library/Frameworks/Accelerate.framework/Versions/A/Frameworks/vecLib.framework/Versions/A/libBLAS.dylib
0x000000000861f000 	/System/Library/Frameworks/ApplicationServices.framework/Versions/A/Frameworks/ATS.framework/Versions/A/Resources/libFontParser.dylib
0x000000000861f000 	/System/Library/Frameworks/ApplicationServices.framework/Versions/A/Frameworks/ATS.framework/Versions/A/Resources/libFontRegistry.dylib
0x000000000861f000 	/System/Library/Frameworks/ImageIO.framework/Versions/A/Resources/libJPEG.dylib
0x000000000861f000 	/System/Library/Frameworks/ImageIO.framework/Versions/A/Resources/libTIFF.dylib
0x000000000861f000 	/System/Library/Frameworks/ImageIO.framework/Versions/A/Resources/libPng.dylib
0x000000000861f000 	/System/Library/Frameworks/ImageIO.framework/Versions/A/Resources/libGIF.dylib
0x000000000861f000 	/System/Library/Frameworks/ImageIO.framework/Versions/A/Resources/libJP2.dylib
0x000000000861f000 	/System/Library/Frameworks/ImageIO.framework/Versions/A/Resources/libRadiance.dylib
0x000000000861f000 	/usr/lib/libcups.2.dylib
0x000000000861f000 	/System/Library/Frameworks/Kerberos.framework/Versions/A/Kerberos
0x000000000861f000 	/System/Library/Frameworks/GSS.framework/Versions/A/GSS
0x000000000861f000 	/usr/lib/libresolv.9.dylib
0x000000000861f000 	/usr/lib/libiconv.2.dylib
0x000000000861f000 	/System/Library/PrivateFrameworks/Heimdal.framework/Versions/A/Heimdal
0x000000000861f000 	/System/Library/PrivateFrameworks/TrustEvaluationAgent.framework/Versions/A/TrustEvaluationAgent
0x000000000861f000 	/usr/lib/libheimdal-asn1.dylib
0x000000000861f000 	/System/Library/Frameworks/OpenDirectory.framework/Versions/A/OpenDirectory
0x000000000861f000 	/System/Library/PrivateFrameworks/CommonAuth.framework/Versions/A/CommonAuth
0x000000000861f000 	/System/Library/Frameworks/SecurityFoundation.framework/Versions/A/SecurityFoundation
0x000000000861f000 	/System/Library/PrivateFrameworks/Bom.framework/Versions/A/Bom
0x000000000861f000 	/System/Library/Frameworks/CoreVideo.framework/Versions/A/CoreVideo
0x000000000861f000 	/System/Library/Frameworks/QuartzCore.framework/Versions/A/Frameworks/CoreImage.framework/Versions/A/CoreImage
0x000000000861f000 	/System/Library/Frameworks/QuartzCore.framework/Versions/A/Frameworks/ScalableUserInterface.framework/Versions/A/ScalableUserInterface
0x000000000861f000 	/System/Library/Frameworks/OpenGL.framework/Versions/A/Libraries/libGLU.dylib
0x000000000861f000 	/System/Library/Frameworks/OpenGL.framework/Versions/A/Libraries/libGFXShared.dylib
0x000000000861f000 	/System/Library/Frameworks/OpenGL.framework/Versions/A/Libraries/libGL.dylib
0x000000000861f000 	/System/Library/Frameworks/OpenGL.framework/Versions/A/Libraries/libGLImage.dylib
0x000000000861f000 	/System/Library/Frameworks/OpenGL.framework/Versions/A/Libraries/libCVMSPluginSupport.dylib
0x000000000861f000 	/System/Library/Frameworks/OpenGL.framework/Versions/A/Libraries/libCoreVMClient.dylib
0x000000000861f000 	/System/Library/PrivateFrameworks/FaceCore.framework/Versions/A/FaceCore
0x000000000861f000 	/System/Library/PrivateFrameworks/CrashReporterSupport.framework/Versions/A/CrashReporterSupport
0x000000000861f000 	/System/Library/Frameworks/OpenCL.framework/Versions/A/OpenCL
0x000000000861f000 	/System/Library/PrivateFrameworks/AppleFSCompression.framework/Versions/A/AppleFSCompression
0x000000000861f000 	/System/Library/PrivateFrameworks/Ubiquity.framework/Versions/A/Ubiquity
0x000000000861f000 	/System/Library/PrivateFrameworks/IconServices.framework/Versions/A/IconServices
0x000000000861f000 	/System/Library/PrivateFrameworks/ChunkingLibrary.framework/Versions/A/ChunkingLibrary
0x000000000861f000 	/System/Library/PrivateFrameworks/CoreSymbolication.framework/Versions/A/CoreSymbolication
0x000000000861f000 	/System/Library/PrivateFrameworks/Symbolication.framework/Versions/A/Symbolication
0x000000000861f000 	/System/Library/PrivateFrameworks/DebugSymbols.framework/Versions/A/DebugSymbols
0x000000010a400000 	/Library/Java/JavaVirtualMachines/jdk1.8.0_45.jdk/Contents/Home/jre/lib/server/libjvm.dylib
0x000000000861f000 	/usr/lib/libstdc++.6.dylib
0x0000000109bf1000 	/Library/Java/JavaVirtualMachines/jdk1.8.0_45.jdk/Contents/Home/jre/lib/libverify.dylib
0x000000010b46c000 	/Library/Java/JavaVirtualMachines/jdk1.8.0_45.jdk/Contents/Home/jre/lib/libjava.dylib
0x000000010b4aa000 	/Library/Java/JavaVirtualMachines/jdk1.8.0_45.jdk/Contents/Home/jre/lib/libzip.dylib
0x000000019f1c4000 	/System/Library/Frameworks/JavaVM.framework/Frameworks/JavaRuntimeSupport.framework/JavaRuntimeSupport
0x000000019f1dc000 	/System/Library/Frameworks/JavaVM.framework/Versions/A/Frameworks/JavaNativeFoundation.framework/Versions/A/JavaNativeFoundation
0x000000019f1f1000 	/System/Library/Frameworks/JavaVM.framework/Versions/A/JavaVM
0x000000000861f000 	/System/Library/Frameworks/Carbon.framework/Versions/A/Carbon
0x000000019f1fe000 	/System/Library/PrivateFrameworks/JavaLaunching.framework/Versions/A/JavaLaunching
0x000000000861f000 	/System/Library/Frameworks/Carbon.framework/Versions/A/Frameworks/CommonPanels.framework/Versions/A/CommonPanels
0x000000000861f000 	/System/Library/Frameworks/Carbon.framework/Versions/A/Frameworks/Help.framework/Versions/A/Help
0x000000000861f000 	/System/Library/Frameworks/Carbon.framework/Versions/A/Frameworks/ImageCapture.framework/Versions/A/ImageCapture
0x000000000861f000 	/System/Library/Frameworks/Carbon.framework/Versions/A/Frameworks/OpenScripting.framework/Versions/A/OpenScripting
0x000000000861f000 	/System/Library/Frameworks/Carbon.framework/Versions/A/Frameworks/Print.framework/Versions/A/Print
0x000000000861f000 	/System/Library/Frameworks/Carbon.framework/Versions/A/Frameworks/SecurityHI.framework/Versions/A/SecurityHI
0x000000019fb4a000 	/Library/Java/JavaVirtualMachines/jdk1.8.0_45.jdk/Contents/Home/jre/lib/libprism_es2.dylib
0x000000000861f000 	/System/Library/Frameworks/OpenGL.framework/Versions/A/Resources/GLEngine.bundle/GLEngine
0x000000000861f000 	/System/Library/Frameworks/OpenGL.framework/Versions/A/Libraries/libGLProgrammability.dylib
0x0000000000000000 	/System/Library/Extensions/AppleIntelHD3000GraphicsGLDriver.bundle/Contents/MacOS/AppleIntelHD3000GraphicsGLDriver
0x000000019fba4000 	/System/Library/PrivateFrameworks/GPUSupport.framework/Versions/A/Libraries/libGPUSupport.dylib
0x000000000861f000 	/System/Library/Frameworks/OpenGL.framework/Versions/A/Resources/GLRendererFloat.bundle/GLRendererFloat
0x000000000861f000 	/System/Library/Frameworks/OpenCL.framework/Versions/A/Libraries/libcldcpuengine.dylib
0x000000000861f000 	/System/Library/PrivateFrameworks/DiskImages.framework/Versions/A/DiskImages
0x000000000861f000 	/System/Library/Frameworks/DiscRecording.framework/Versions/A/DiscRecording
0x000000000861f000 	/usr/lib/libcsfde.dylib
0x000000000861f000 	/usr/lib/libcurl.4.dylib
0x000000000861f000 	/System/Library/PrivateFrameworks/MediaKit.framework/Versions/A/MediaKit
0x000000000861f000 	/usr/lib/libCoreStorage.dylib
0x000000000861f000 	/System/Library/PrivateFrameworks/EFILogin.framework/Versions/A/EFILogin
0x000000000861f000 	/usr/lib/libutil.dylib
0x000000000861f000 	/System/Library/PrivateFrameworks/AOSNotification.framework/Versions/A/AOSNotification
0x000000000861f000 	/System/Library/Frameworks/LDAP.framework/Versions/A/LDAP
0x000000000861f000 	/usr/lib/libsasl2.2.dylib
0x000000000861f000 	/usr/lib/libcrypto.0.9.8.dylib
0x000000000861f000 	/usr/lib/libssl.0.9.8.dylib
0x000000019fe1a000 	/Library/Java/JavaVirtualMachines/jdk1.8.0_45.jdk/Contents/Home/jre/lib/libglass.dylib
0x000000000861f000 	/System/Library/PrivateFrameworks/CoreServicesInternal.framework/Versions/A/CoreServicesInternal
0x000000000861f000 	/System/Library/PrivateFrameworks/Librarian.framework/Versions/A/Librarian
0x000000000861f000 	/System/Library/CoreServices/RawCamera.bundle/Contents/MacOS/RawCamera
0x000000000861f000 	/System/Library/Frameworks/CoreGraphics.framework/Versions/A/Resources/libCGCMS.A.dylib
0x000000000861f000 	/System/Library/Frameworks/CoreGraphics.framework/Versions/A/Resources/libRIP.A.dylib
0x000000000861f000 	/System/Library/PrivateFrameworks/FamilyControls.framework/Versions/A/FamilyControls
0x000000000861f000 	/System/Library/PrivateFrameworks/CommerceKit.framework/Versions/A/Frameworks/CommerceCore.framework/Versions/A/CommerceCore
0x000000000861f000 	/System/Library/PrivateFrameworks/SystemAdministration.framework/Versions/A/SystemAdministration
0x000000000861f000 	/System/Library/Frameworks/DirectoryService.framework/Versions/A/DirectoryService
0x000000000861f000 	/System/Library/PrivateFrameworks/LoginUIKit.framework/Versions/A/Frameworks/LoginUICore.framework/Versions/A/LoginUICore
0x000000000861f000 	/usr/lib/libodfde.dylib
0x00000001a1ccd000 	/Library/Java/JavaVirtualMachines/jdk1.8.0_45.jdk/Contents/Home/jre/lib/libawt.dylib
0x00000001a1d75000 	/Library/Java/JavaVirtualMachines/jdk1.8.0_45.jdk/Contents/Home/jre/lib/./libmlib_image.dylib
0x00000001a3d86000 	/Library/Java/JavaVirtualMachines/jdk1.8.0_45.jdk/Contents/Home/jre/lib/libawt_lwawt.dylib
0x00000001a18e9000 	/Library/Java/JavaVirtualMachines/jdk1.8.0_45.jdk/Contents/Home/jre/lib/./libosxapp.dylib
0x000000000861f000 	/System/Library/Frameworks/ExceptionHandling.framework/Versions/A/ExceptionHandling
0x00000001a3e3a000 	/Library/Java/JavaVirtualMachines/jdk1.8.0_45.jdk/Contents/Home/jre/lib/libfontmanager.dylib
0x000000000861f000 	/System/Library/Frameworks/CoreGraphics.framework/Versions/A/Resources/libCGXType.A.dylib
0x00000001a59ce000 	/Library/Java/JavaVirtualMachines/jdk1.8.0_45.jdk/Contents/Home/jre/lib/libosxui.dylib
0x00000001a59d8000 	/Library/Java/JavaVirtualMachines/jdk1.8.0_45.jdk/Contents/Home/jre/lib/libosx.dylib
0x00000001a7106000 	/Library/Java/JavaVirtualMachines/jdk1.8.0_45.jdk/Contents/Home/jre/lib/libnet.dylib
0x00000001a711d000 	/Library/Java/JavaVirtualMachines/jdk1.8.0_45.jdk/Contents/Home/jre/lib/libnio.dylib
0x00000001a5f31000 	/Users/juliusskye/Desktop/FYPI/simplevoicehud/liblwjgl.dylib
0x00000001a54f5000 	/Library/Java/JavaVirtualMachines/jdk1.8.0_45.jdk/Contents/Home/jre/lib/libjawt.dylib

VM Arguments:
jvm_args: -Dfile.encoding=UTF-8 
java_command: julius.sky.voicehud.App -Xms512M -Xmx512M
java_class_path (initial): /Users/juliusskye/Desktop/FYPI/simplevoicehud/target/classes:/Users/juliusskye/.m2/repository/edu/cmu/sphinx/sphinx4-core/1.0-SNAPSHOT/sphinx4-core-1.0-SNAPSHOT.jar:/Users/juliusskye/.m2/repository/org/apache/commons/commons-math3/3.2/commons-math3-3.2.jar:/Users/juliusskye/.m2/repository/edu/cmu/sphinx/sphinx4-data/1.0-SNAPSHOT/sphinx4-data-1.0-SNAPSHOT.jar:/Users/juliusskye/.m2/repository/edu/cmu/sphinx/sphinx4-samples/1.0-SNAPSHOT/sphinx4-samples-1.0-SNAPSHOT.jar:/Users/juliusskye/.m2/repository/com/jme3/jme3-core/3.0.10/jme3-core-3.0.10.jar:/Users/juliusskye/.m2/repository/com/jme3/jme3-desktop/3.0.10/jme3-desktop-3.0.10.jar:/Users/juliusskye/.m2/repository/com/jme3/jme3-lwjgl/3.0.10/jme3-lwjgl-3.0.10.jar:/Users/juliusskye/.m2/repository/com/jme3-lib/lwjgl/2.9.0/lwjgl-2.9.0.jar:/Users/juliusskye/.m2/repository/com/jme3-lib/jinput/2.0.0-b01/jinput-2.0.0-b01.jar:/Users/juliusskye/.m2/repository/com/jme3-lib/lwjgl-natives/2.9.0/lwjgl-natives-2.9.0.jar:/Users/juliusskye/.m2/repository/com/jme3/jme3-plugins/3.0.10/jme3-plugins-3.0.10.jar:/Users/juliusskye/.m2/repository/com/jme3/jme3-niftygui/3.0.10/jme3-niftygui-3.0.10.jar:/Users/juliusskye/.m2/repository/com/jme3-lib/nifty/1.3.3/nifty-1.3.3.jar:/Users/juliusskye/.m2/repository/com/jme3-lib/nifty-default-controls/1.3.3/nifty-default-controls-1.3.3.jar:/Users/juliusskye/.m2/repository/com/jme3-lib/nifty-style-black/1.3.3/nifty-style-black-1.3.3.jar:/Users/juliusskye/.m2/repository/com/jme3-lib/jglfont-core/1.3/jglfont-core-1.3.jar:/Users/juliusskye/.m2/repository/com/jme3-lib/xmlpull-xpp3/1.4.4c/xmlpull-xpp3-1.4.4c.jar:/Users/juliusskye/.m2/repository/lessvoid/nifty/1.4.1/nifty-1.4.1.jar:/Users/juliusskye/.m2/repository/xpp3/xpp3/1.1.4c/xpp3-1.1.4c.jar:/Users/juliusskye/.m2/repository/org/bushe/eventbus/1.4/eventbus-1.4.jar:/Users/juliusskye/.m2/repository/com/google/code/findbugs/jsr305/2.0.2/jsr305-2.0.2.jar:/Users/juliusskye/.m2/repository/org/jglfont/jglfont-core/1.4/jglfont-core-1.4.
Launcher Type: SUN_STANDARD

Environment Variables:
PATH=/usr/bin:/bin:/usr/sbin:/sbin
SHELL=/bin/bash
DISPLAY=/tmp/launch-UuvqYh/org.macosforge.xquartz:0

Signal Handlers:
SIGSEGV: [libjvm.dylib+0x58ef95], sa_mask[0]=11111111011111110111111111111111, sa_flags=SA_ONSTACK|SA_RESTART|SA_SIGINFO
SIGBUS: [libjvm.dylib+0x58ef95], sa_mask[0]=11111111011111110111111111111111, sa_flags=SA_RESTART|SA_SIGINFO
SIGFPE: [libjvm.dylib+0x46c108], sa_mask[0]=11111111011111110111111111111111, sa_flags=SA_RESTART|SA_SIGINFO
SIGPIPE: [libjvm.dylib+0x46c108], sa_mask[0]=11111111011111110111111111111111, sa_flags=SA_RESTART|SA_SIGINFO
SIGXFSZ: [libjvm.dylib+0x46c108], sa_mask[0]=11111111011111110111111111111111, sa_flags=SA_RESTART|SA_SIGINFO
SIGILL: [libjvm.dylib+0x46c108], sa_mask[0]=11111111011111110111111111111111, sa_flags=SA_RESTART|SA_SIGINFO
SIGUSR1: SIG_DFL, sa_mask[0]=00000000000000000000000000000000, sa_flags=SA_RESTART
SIGUSR2: [libjvm.dylib+0x46bc26], sa_mask[0]=00100000000000000000000000000000, sa_flags=SA_RESTART|SA_SIGINFO
SIGHUP: [libjvm.dylib+0x46a1f9], sa_mask[0]=11111111011111110111111111111111, sa_flags=SA_RESTART|SA_SIGINFO
SIGINT: [libjvm.dylib+0x46a1f9], sa_mask[0]=11111111011111110111111111111111, sa_flags=SA_RESTART|SA_SIGINFO
SIGTERM: [libjvm.dylib+0x46a1f9], sa_mask[0]=11111111011111110111111111111111, sa_flags=SA_RESTART|SA_SIGINFO
SIGQUIT: [libjvm.dylib+0x46a1f9], sa_mask[0]=11111111011111110111111111111111, sa_flags=SA_RESTART|SA_SIGINFO


---------------  S Y S T E M  ---------------

OS:Bsduname:Darwin 13.4.0 Darwin Kernel Version 13.4.0: Wed Mar 18 16:20:14 PDT 2015; root:xnu-2422.115.14~1/RELEASE_X86_64 x86_64
rlimit: STACK 8192k, CORE 0k, NPROC 709, NOFILE 10240, AS infinity
load average:1.48 1.80 1.84

CPU:total 4 (2 cores per cpu, 2 threads per core) family 6 model 42 stepping 7, cmov, cx8, fxsr, mmx, sse, sse2, sse3, ssse3, sse4.1, sse4.2, popcnt, avx, aes, clmul, ht, tsc, tscinvbit

Memory: 4k page, physical 4194304k(27872k free)

/proc/meminfo:


vm_info: Java HotSpot(TM) 64-Bit Server VM (25.45-b02) for bsd-amd64 JRE (1.8.0_45-b14), built on Apr 10 2015 10:46:38 by "java_re" with gcc 4.2.1 (Based on Apple Inc. build 5658) (LLVM build 2336.11.00)

time: Sat Oct 24 11:42:43 2015
elapsed time: 4 seconds (0d 0h 0m 4s)

