#
# A fatal error has been detected by the Java Runtime Environment:
#
#  SIGSEGV (0xb) at pc=0x00007fff8b15c62a, pid=1501, tid=56839
#
# JRE version: Java(TM) SE Runtime Environment (8.0_45-b14) (build 1.8.0_45-b14)
# Java VM: Java HotSpot(TM) 64-Bit Server VM (25.45-b02 mixed mode bsd-amd64 compressed oops)
# Problematic frame:
# C  [libobjc.A.dylib+0x762a]  _ZN12_GLOBAL__N_119AutoreleasePoolPage3popEPv+0x1c6
#
# Failed to write core dump. Core dumps have been disabled. To enable core dumping, try "ulimit -c unlimited" before starting Java again
#
# If you would like to submit a bug report, please visit:
#   http://bugreport.java.com/bugreport/crash.jsp
# The crash happened outside the Java Virtual Machine in native code.
# See problematic frame for where to report the bug.
#

---------------  T H R E A D  ---------------

Current thread (0x00007fa4021a8800):  JavaThread "LWJGL Renderer Thread" [_thread_in_native, id=56839, stack(0x000000011f9b7000,0x000000011fab7000)]

siginfo: si_signo: 11 (SIGSEGV), si_code: 1 (SEGV_MAPERR), si_addr: 0x0000000000000010

Registers:
RAX=0x00007fa402a5a038, RBX=0xa3a3a3a3a3a3a3a3, RCX=0x00007fa402a5a038, RDX=0x00000000a1a1a1a1
RSP=0x000000011fab6140, RBP=0x000000011fab6590, RSI=0x0000000000000000, RDI=0x00007fa4021b2038
R8 =0x00007fa401ec7e30, R9 =0x0000000000000000, R10=0x00007fa401c19bc0, R11=0x00007fff795fbe30
R12=0x0000000000000000, R13=0x000000011fd89190, R14=0x00007fa4021b2038, R15=0x00007fa4021b2000
RIP=0x00007fff8b15c62a, EFLAGS=0x0000000000010246, ERR=0x0000000000000004
  TRAPNO=0x000000000000000e

Top of Stack: (sp=0x000000011fab6140)
0x000000011fab6140:   000000011fab6180 00007fff8ba718f3
0x000000011fab6150:   0000000000000018 00007fa4021b2038
0x000000011fab6160:   001efc00001efc00 00007fa401f00440
0x000000011fab6170:   000000011fab61a0 00007fa401f00450
0x000000011fab6180:   000000011fab62d0 00007fff9326529c
0x000000011fab6190:   0000000000000000 0000000000001e00
0x000000011fab61a0:   0000001800000013 0000000000001103
0x000000011fab61b0:   00000000021a8800 00000007c0002368
0x000000011fab61c0:   0000000000001e00 0000000000000030
0x000000011fab61d0:   0000000000012068 00007fa401f1f0f0
0x000000011fab61e0:   0000000000012068 000000011fab629c
0x000000011fab61f0:   000000011fab6280 00007fff8ba714a9
0x000000011fab6200:   000000011fab6290 000000011fab62a4
0x000000011fab6210:   000000011fab62a0 0000000000000000
0x000000011fab6220:   000000011fab629c 00007fa401f1f10c
0x000000011fab6230:   00000000000285c7 0000010001f1f194
0x000000011fab6240:   00007fa401f1f108 0001206800211aef
0x000000011fab6250:   00000000000285c7 0000000000000001
0x000000011fab6260:   0000000000000001 0000000000000008
0x000000011fab6270:   00007fa401f1f0f0 0000000000000000
0x000000011fab6280:   000000011fab62c0 00007fff8ba718f3
0x000000011fab6290:   000000011fab62d0 0001206800000001
0x000000011fab62a0:   0000000000000000 00007fa401ec7e70
0x000000011fab62b0:   0000000000000000 0000000000000000
0x000000011fab62c0:   000000011fab6340 00007fff8ba716ea
0x000000011fab62d0:   000000011fab63d0 000000011fab63c0
0x000000011fab62e0:   000000011fab63cc 00007fa401ec7e8c
0x000000011fab62f0:   00007fa401ec7e70 0000000000000200
0x000000011fab6300:   00007fa401ec7e88 0000000000c0a890
0x000000011fab6310:   000000011fab6388 00007fa401ec7e60
0x000000011fab6320:   00007fff78da6d90 00007fff78da6d90
0x000000011fab6330:   00007fa401ec7e30 0000000103d61800 

Instructions: (pc=0x00007fff8b15c62a)
0x00007fff8b15c60a:   48 8b 76 20 48 85 f6 74 0e 8b 16 81 fa a1 a1 a1
0x00007fff8b15c61a:   a1 0f 85 15 01 00 00 65 48 89 34 25 80 01 00 00
0x00007fff8b15c62a:   48 8b 46 10 48 8d 4e 38 48 39 c8 74 d3 48 83 c6
0x00007fff8b15c63a:   10 eb 04 48 8d 76 10 48 8d 48 f8 48 89 0e 48 8b 

Register to memory mapping:

RAX=0x00007fa402a5a038 is an unknown value
RBX=0xa3a3a3a3a3a3a3a3 is an unknown value
RCX=0x00007fa402a5a038 is an unknown value
RDX=0x00000000a1a1a1a1 is an unknown value
RSP=0x000000011fab6140 is pointing into the stack for thread: 0x00007fa4021a8800
RBP=0x000000011fab6590 is pointing into the stack for thread: 0x00007fa4021a8800
RSI=0x0000000000000000 is an unknown value
RDI=0x00007fa4021b2038 is an unknown value
R8 =0x00007fa401ec7e30 is an unknown value
R9 =0x0000000000000000 is an unknown value
R10=0x00007fa401c19bc0 is an unknown value
R11=0x00007fff795fbe30: OBJC_CLASS_$_NSAutoreleasePool+0 in /System/Library/Frameworks/Foundation.framework/Versions/C/Foundation at 0x00007fff8ee47000
R12=0x0000000000000000 is an unknown value
R13={method} {0x000000011fd89190} 'nDestroyWindow' '(Ljava/nio/ByteBuffer;)V' in 'org/lwjgl/opengl/MacOSXDisplay'
R14=0x00007fa4021b2038 is an unknown value
R15=0x00007fa4021b2000 is an unknown value


Stack: [0x000000011f9b7000,0x000000011fab7000],  sp=0x000000011fab6140,  free space=1020k
Native frames: (J=compiled Java code, j=interpreted, Vv=VM code, C=native code)
C  [libobjc.A.dylib+0x762a]  _ZN12_GLOBAL__N_119AutoreleasePoolPage3popEPv+0x1c6
C  [CoreFoundation+0x38932]  _CFAutoreleasePoolPop+0x32
C  [Foundation+0x1b437]  -[NSAutoreleasePool drain]+0x93
j  org.lwjgl.opengl.MacOSXDisplay.nDestroyWindow(Ljava/nio/ByteBuffer;)V+0
j  org.lwjgl.opengl.MacOSXDisplay.destroyWindow()V+43
j  org.lwjgl.opengl.Display.destroyWindow()V+46
j  org.lwjgl.opengl.Display.setDisplayMode(Lorg/lwjgl/opengl/DisplayMode;)V+34
j  com.jme3.system.lwjgl.LwjglDisplay.createContext(Lcom/jme3/system/AppSettings;)V+270
j  com.jme3.system.lwjgl.LwjglAbstractDisplay.initInThread()Z+25
j  com.jme3.system.lwjgl.LwjglAbstractDisplay.run()V+32
j  java.lang.Thread.run()V+11
v  ~StubRoutines::call_stub
V  [libjvm.dylib+0x2e032a]
V  [libjvm.dylib+0x2e0ab8]
V  [libjvm.dylib+0x2e0c64]
V  [libjvm.dylib+0x3331a5]
V  [libjvm.dylib+0x549acf]
V  [libjvm.dylib+0x54b1c0]
V  [libjvm.dylib+0x46ea7e]
C  [libsystem_pthread.dylib+0x1899]  _pthread_body+0x8a
C  [libsystem_pthread.dylib+0x172a]  _pthread_struct_init+0x0
C  [libsystem_pthread.dylib+0x5fc9]  thread_start+0xd
C  0x0000000000000000

Java frames: (J=compiled Java code, j=interpreted, Vv=VM code)
j  org.lwjgl.opengl.MacOSXDisplay.nDestroyWindow(Ljava/nio/ByteBuffer;)V+0
j  org.lwjgl.opengl.MacOSXDisplay.destroyWindow()V+43
j  org.lwjgl.opengl.Display.destroyWindow()V+46
j  org.lwjgl.opengl.Display.setDisplayMode(Lorg/lwjgl/opengl/DisplayMode;)V+34
j  com.jme3.system.lwjgl.LwjglDisplay.createContext(Lcom/jme3/system/AppSettings;)V+270
j  com.jme3.system.lwjgl.LwjglAbstractDisplay.initInThread()Z+25
j  com.jme3.system.lwjgl.LwjglAbstractDisplay.run()V+32
j  java.lang.Thread.run()V+11
v  ~StubRoutines::call_stub

---------------  P R O C E S S  ---------------

Java Threads: ( => current thread )
  0x00007fa402224000 JavaThread "DestroyJavaVM" [_thread_blocked, id=6403, stack(0x0000000105601000,0x0000000105701000)]
  0x00007fa40304a000 JavaThread "Thread-5" daemon [_thread_in_vm, id=57607, stack(0x000000012186d000,0x000000012196d000)]
  0x00007fa403049800 JavaThread "LWJGL Renderer Thread" [_thread_blocked, id=57351, stack(0x0000000120dbc000,0x0000000120ebc000)]
=>0x00007fa4021a8800 JavaThread "LWJGL Renderer Thread" [_thread_in_native, id=56839, stack(0x000000011f9b7000,0x000000011fab7000)]
  0x00007fa40313e000 JavaThread "TimerQueue" daemon [_thread_blocked, id=60935, stack(0x0000000121669000,0x0000000121769000)]
  0x00007fa40214b800 JavaThread "Timer-0" daemon [_thread_blocked, id=52995, stack(0x000000011eb8b000,0x000000011ec8b000)]
  0x00007fa40324f000 JavaThread "Java2D Disposer" daemon [_thread_blocked, id=52483, stack(0x000000011ea88000,0x000000011eb88000)]
  0x00007fa402960800 JavaThread "Java2D Queue Flusher" daemon [_thread_blocked, id=47879, stack(0x000000011e5b6000,0x000000011e6b6000)]
  0x00007fa40293d000 JavaThread "AWT-EventQueue-0" [_thread_blocked, id=30471, stack(0x000000011e4b3000,0x000000011e5b3000)]
  0x00007fa40208c000 JavaThread "AWT-Shutdown" [_thread_blocked, id=28427, stack(0x000000011b439000,0x000000011b539000)]
  0x00007fa40208b800 JavaThread "AppKit Thread" daemon [_thread_in_native, id=3335, stack(0x00007fff5b6be000,0x00007fff5bebe000)]
  0x00007fa403826800 JavaThread "Service Thread" daemon [_thread_blocked, id=19715, stack(0x000000011978b000,0x000000011988b000)]
  0x00007fa40201a800 JavaThread "C1 CompilerThread2" daemon [_thread_in_native, id=19203, stack(0x0000000119688000,0x0000000119788000)]
  0x00007fa402016000 JavaThread "C2 CompilerThread1" daemon [_thread_blocked, id=18691, stack(0x0000000119585000,0x0000000119685000)]
  0x00007fa403832000 JavaThread "C2 CompilerThread0" daemon [_thread_in_native, id=18179, stack(0x0000000119482000,0x0000000119582000)]
  0x00007fa40283b800 JavaThread "Signal Dispatcher" daemon [_thread_blocked, id=17667, stack(0x000000011937f000,0x000000011947f000)]
  0x00007fa403813800 JavaThread "Finalizer" daemon [_thread_blocked, id=12547, stack(0x0000000119130000,0x0000000119230000)]
  0x00007fa40300f800 JavaThread "Reference Handler" daemon [_thread_blocked, id=12035, stack(0x000000011902d000,0x000000011912d000)]

Other Threads:
  0x00007fa40300c800 VMThread [stack: 0x0000000118f2a000,0x000000011902a000] [id=11523]
  0x00007fa403011800 WatcherThread [stack: 0x000000011988e000,0x000000011998e000] [id=20227]

VM state:not at safepoint (normal execution)

VM Mutex/Monitor currently owned by a thread: None

Heap:
 PSYoungGen      total 18944K, used 9726K [0x00000007aab00000, 0x00000007ac000000, 0x00000007c0000000)
  eden space 16384K, 43% used [0x00000007aab00000,0x00000007ab206bd8,0x00000007abb00000)
  from space 2560K, 98% used [0x00000007abb00000,0x00000007abd78cc0,0x00000007abd80000)
  to   space 2560K, 0% used [0x00000007abd80000,0x00000007abd80000,0x00000007ac000000)
 ParOldGen       total 44032K, used 3396K [0x0000000780000000, 0x0000000782b00000, 0x00000007aab00000)
  object space 44032K, 7% used [0x0000000780000000,0x0000000780351100,0x0000000782b00000)
 Metaspace       used 16557K, capacity 16776K, committed 17280K, reserved 1064960K
  class space    used 2043K, capacity 2099K, committed 2176K, reserved 1048576K

Card table byte_map: [0x0000000114af8000,0x0000000114cf9000] byte_map_base: 0x0000000110ef8000

Marking Bits: (ParMarkBitMap*) 0x00000001047037a0
 Begin Bits: [0x000000011525b000, 0x000000011625b000)
 End Bits:   [0x000000011625b000, 0x000000011725b000)

Polling page: 0x0000000104dce000

CodeCache: size=245760Kb used=4480Kb max_used=4480Kb free=241279Kb
 bounds [0x0000000105738000, 0x0000000105ba8000, 0x0000000114738000]
 total_blobs=2006 nmethods=1394 adapters=525
 compilation: enabled

Compilation events (10 events):
Event: 16.620 Thread 0x00007fa40201a800 nmethod 1388 0x0000000105b8ec90 code [0x0000000105b8ef00, 0x0000000105b8fa98]
Event: 16.629 Thread 0x00007fa402016000 1390       4       java.nio.DirectByteBuffer::put (18 bytes)
Event: 16.629 Thread 0x00007fa40201a800 1389       3       java.io.UnixFileSystem::getBooleanAttributes (49 bytes)
Event: 16.630 Thread 0x00007fa40201a800 nmethod 1389 0x0000000105b8dc50 code [0x0000000105b8de00, 0x0000000105b8e3a8]
Event: 16.632 Thread 0x00007fa402016000 nmethod 1390 0x0000000105b903d0 code [0x0000000105b90520, 0x0000000105b905d8]
Event: 16.635 Thread 0x00007fa40201a800 1391       3       java.util.regex.Pattern$BmpCharProperty::match (50 bytes)
Event: 16.636 Thread 0x00007fa402016000 1393       4       java.util.zip.ZipCoder::getBytes (192 bytes)
Event: 16.636 Thread 0x00007fa40201a800 nmethod 1391 0x0000000105b91410 code [0x0000000105b915c0, 0x0000000105b91a68]
Event: 16.636 Thread 0x00007fa40201a800 1392       3       java.util.Formatter$Flags::contains (22 bytes)
Event: 16.637 Thread 0x00007fa40201a800 nmethod 1392 0x0000000105b8d810 code [0x0000000105b8d980, 0x0000000105b8db90]

GC Heap History (2 events):
Event: 15.552 GC heap before
{Heap before GC invocations=1 (full 0):
 PSYoungGen      total 18944K, used 16384K [0x00000007aab00000, 0x00000007ac000000, 0x00000007c0000000)
  eden space 16384K, 100% used [0x00000007aab00000,0x00000007abb00000,0x00000007abb00000)
  from space 2560K, 0% used [0x00000007abd80000,0x00000007abd80000,0x00000007ac000000)
  to   space 2560K, 0% used [0x00000007abb00000,0x00000007abb00000,0x00000007abd80000)
 ParOldGen       total 44032K, used 0K [0x0000000780000000, 0x0000000782b00000, 0x00000007aab00000)
  object space 44032K, 0% used [0x0000000780000000,0x0000000780000000,0x0000000782b00000)
 Metaspace       used 13908K, capacity 14144K, committed 14464K, reserved 1062912K
  class space    used 1803K, capacity 1872K, committed 1920K, reserved 1048576K
Event: 15.581 GC heap after
Heap after GC invocations=1 (full 0):
 PSYoungGen      total 18944K, used 2531K [0x00000007aab00000, 0x00000007ac000000, 0x00000007c0000000)
  eden space 16384K, 0% used [0x00000007aab00000,0x00000007aab00000,0x00000007abb00000)
  from space 2560K, 98% used [0x00000007abb00000,0x00000007abd78cc0,0x00000007abd80000)
  to   space 2560K, 0% used [0x00000007abd80000,0x00000007abd80000,0x00000007ac000000)
 ParOldGen       total 44032K, used 3396K [0x0000000780000000, 0x0000000782b00000, 0x00000007aab00000)
  object space 44032K, 7% used [0x0000000780000000,0x0000000780351100,0x0000000782b00000)
 Metaspace       used 13908K, capacity 14144K, committed 14464K, reserved 1062912K
  class space    used 1803K, capacity 1872K, committed 1920K, reserved 1048576K
}

Deoptimization events (10 events):
Event: 16.108 Thread 0x00007fa40304a000 Uncommon trap: reason=unstable_if action=reinterpret pc=0x0000000105995d1c method=java.util.HashMap.getNode(ILjava/lang/Object;)Ljava/util/HashMap$Node; @ 62
Event: 16.109 Thread 0x00007fa40304a000 Uncommon trap: reason=unstable_if action=reinterpret pc=0x000000010598f8b4 method=java.util.HashMap.getNode(ILjava/lang/Object;)Ljava/util/HashMap$Node; @ 62
Event: 16.288 Thread 0x00007fa40304a000 Uncommon trap: reason=bimorphic action=maybe_recompile pc=0x0000000105b47f4c method=java.util.HashMap.putVal(ILjava/lang/Object;Ljava/lang/Object;ZZ)Ljava/lang/Object; @ 253
Event: 16.334 Thread 0x00007fa40304a000 Uncommon trap: reason=bimorphic action=maybe_recompile pc=0x0000000105b47f4c method=java.util.HashMap.putVal(ILjava/lang/Object;Ljava/lang/Object;ZZ)Ljava/lang/Object; @ 253
Event: 16.347 Thread 0x00007fa40304a000 Uncommon trap: reason=bimorphic action=maybe_recompile pc=0x0000000105b47f4c method=java.util.HashMap.putVal(ILjava/lang/Object;Ljava/lang/Object;ZZ)Ljava/lang/Object; @ 253
Event: 16.348 Thread 0x00007fa40304a000 Uncommon trap: reason=unstable_if action=reinterpret pc=0x00000001058f58d8 method=java.lang.String.replace(CC)Ljava/lang/String; @ 26
Event: 16.349 Thread 0x00007fa40304a000 Uncommon trap: reason=class_check action=maybe_recompile pc=0x0000000105b480dc method=java.util.HashMap.putVal(ILjava/lang/Object;Ljava/lang/Object;ZZ)Ljava/lang/Object; @ 203
Event: 16.349 Thread 0x00007fa40304a000 Uncommon trap: reason=class_check action=maybe_recompile pc=0x0000000105b480dc method=java.util.HashMap.putVal(ILjava/lang/Object;Ljava/lang/Object;ZZ)Ljava/lang/Object; @ 203
Event: 16.353 Thread 0x00007fa40304a000 Uncommon trap: reason=bimorphic action=maybe_recompile pc=0x0000000105b47f4c method=java.util.HashMap.putVal(ILjava/lang/Object;Ljava/lang/Object;ZZ)Ljava/lang/Object; @ 253
Event: 16.354 Thread 0x00007fa40304a000 Uncommon trap: reason=bimorphic action=maybe_recompile pc=0x0000000105b421c4 method=java.util.HashMap.putVal(ILjava/lang/Object;Ljava/lang/Object;ZZ)Ljava/lang/Object; @ 253

Internal exceptions (10 events):
Event: 1.342 Thread 0x00007fa403801800 Exception <a 'java/security/PrivilegedActionException'> (0x00000007aaea7e10) thrown at [/Users/java_re/workspace/8-2-build-macosx-x86_64/jdk8u45/3457/hotspot/src/share/vm/prims/jvm.cpp, line 1382]
Event: 1.342 Thread 0x00007fa403801800 Exception <a 'java/security/PrivilegedActionException'> (0x00000007aaea7fc8) thrown at [/Users/java_re/workspace/8-2-build-macosx-x86_64/jdk8u45/3457/hotspot/src/share/vm/prims/jvm.cpp, line 1382]
Event: 1.343 Thread 0x00007fa403801800 Exception <a 'java/security/PrivilegedActionException'> (0x00000007aaeab348) thrown at [/Users/java_re/workspace/8-2-build-macosx-x86_64/jdk8u45/3457/hotspot/src/share/vm/prims/jvm.cpp, line 1382]
Event: 1.343 Thread 0x00007fa403801800 Exception <a 'java/security/PrivilegedActionException'> (0x00000007aaeab500) thrown at [/Users/java_re/workspace/8-2-build-macosx-x86_64/jdk8u45/3457/hotspot/src/share/vm/prims/jvm.cpp, line 1382]
Event: 2.348 Thread 0x00007fa403801800 Exception <a 'java/io/FileNotFoundException'> (0x00000007aaeb0970) thrown at [/Users/java_re/workspace/8-2-build-macosx-x86_64/jdk8u45/3457/hotspot/src/share/vm/prims/jni.cpp, line 709]
Event: 2.348 Thread 0x00007fa403801800 Exception <a 'java/io/FileNotFoundException'> (0x00000007aaeb14b0) thrown at [/Users/java_re/workspace/8-2-build-macosx-x86_64/jdk8u45/3457/hotspot/src/share/vm/prims/jni.cpp, line 709]
Event: 2.874 Thread 0x00007fa40208b800 Exception <a 'java/lang/NoSuchFieldError': method resolution failed> (0x00000007ab052b98) thrown at [/Users/java_re/workspace/8-2-build-macosx-x86_64/jdk8u45/3457/hotspot/src/share/vm/prims/methodHandles.cpp, line 1125]
Event: 2.895 Thread 0x00007fa40208b800 Exception <a 'java/lang/NoSuchFieldError': method resolution failed> (0x00000007ab061208) thrown at [/Users/java_re/workspace/8-2-build-macosx-x86_64/jdk8u45/3457/hotspot/src/share/vm/prims/methodHandles.cpp, line 1125]
Event: 3.940 Thread 0x00007fa40293d000 Exception <a 'java/lang/NoClassDefFoundError'> (0x00000007ab2138a8) thrown at [/Users/java_re/workspace/8-2-build-macosx-x86_64/jdk8u45/3457/hotspot/src/share/vm/prims/jvm.cpp, line 1386]
Event: 15.591 Thread 0x00007fa4021a8800 Exception <a 'java/lang/UnsatisfiedLinkError'> (0x00000007aab0efd8) thrown at [/Users/java_re/workspace/8-2-build-macosx-x86_64/jdk8u45/3457/hotspot/src/share/vm/prims/jvm.cpp, line 1386]

Events (10 events):
Event: 16.632 loading class edu/cmu/sphinx/linguist/lextree/Node done
Event: 16.632 Executing VM operation: RevokeBias
Event: 16.632 Executing VM operation: RevokeBias done
Event: 16.633 Executing VM operation: RevokeBias
Event: 16.633 Executing VM operation: RevokeBias done
Event: 16.634 loading class edu/cmu/sphinx/linguist/lextree/InitialWordNode
Event: 16.634 loading class edu/cmu/sphinx/linguist/lextree/InitialWordNode done
Event: 16.635 Executing VM operation: RevokeBias
Event: 16.636 Executing VM operation: RevokeBias done
Event: 16.636 Thread 0x00007fa40201a800 flushing nmethod 0x0000000105841c90


Dynamic libraries:
0x000000000861f000 	/System/Library/Frameworks/Cocoa.framework/Versions/A/Cocoa
0x000000000861f000 	/System/Library/Frameworks/Security.framework/Versions/A/Security
0x000000000861f000 	/System/Library/Frameworks/ApplicationServices.framework/Versions/A/ApplicationServices
0x000000000861f000 	/usr/lib/libz.1.dylib
0x000000000861f000 	/usr/lib/libSystem.B.dylib
0x000000000861f000 	/usr/lib/libobjc.A.dylib
0x000000000861f000 	/System/Library/Frameworks/CoreFoundation.framework/Versions/A/CoreFoundation
0x000000000861f000 	/System/Library/Frameworks/Foundation.framework/Versions/C/Foundation
0x000000000861f000 	/System/Library/Frameworks/AppKit.framework/Versions/C/AppKit
0x000000000861f000 	/System/Library/Frameworks/CoreData.framework/Versions/A/CoreData
0x000000000861f000 	/System/Library/PrivateFrameworks/RemoteViewServices.framework/Versions/A/RemoteViewServices
0x000000000861f000 	/System/Library/Frameworks/AudioToolbox.framework/Versions/A/AudioToolbox
0x000000000861f000 	/System/Library/Frameworks/AudioUnit.framework/Versions/A/AudioUnit
0x000000000861f000 	/System/Library/PrivateFrameworks/DataDetectorsCore.framework/Versions/A/DataDetectorsCore
0x000000000861f000 	/System/Library/PrivateFrameworks/DesktopServicesPriv.framework/Versions/A/DesktopServicesPriv
0x000000000861f000 	/System/Library/Frameworks/Carbon.framework/Versions/A/Frameworks/HIToolbox.framework/Versions/A/HIToolbox
0x000000000861f000 	/System/Library/Frameworks/QuartzCore.framework/Versions/A/QuartzCore
0x000000000861f000 	/System/Library/Frameworks/Carbon.framework/Versions/A/Frameworks/SpeechRecognition.framework/Versions/A/SpeechRecognition
0x000000000861f000 	/usr/lib/libauto.dylib
0x000000000861f000 	/usr/lib/libicucore.A.dylib
0x000000000861f000 	/usr/lib/libxml2.2.dylib
0x000000000861f000 	/System/Library/PrivateFrameworks/CoreUI.framework/Versions/A/CoreUI
0x000000000861f000 	/System/Library/Frameworks/CoreAudio.framework/Versions/A/CoreAudio
0x000000000861f000 	/System/Library/Frameworks/DiskArbitration.framework/Versions/A/DiskArbitration
0x000000000861f000 	/usr/lib/liblangid.dylib
0x000000000861f000 	/System/Library/PrivateFrameworks/MultitouchSupport.framework/Versions/A/MultitouchSupport
0x000000000861f000 	/System/Library/Frameworks/IOKit.framework/Versions/A/IOKit
0x000000000861f000 	/usr/lib/libDiagnosticMessagesClient.dylib
0x000000000861f000 	/System/Library/Frameworks/CoreServices.framework/Versions/A/CoreServices
0x000000000861f000 	/System/Library/PrivateFrameworks/PerformanceAnalysis.framework/Versions/A/PerformanceAnalysis
0x000000000861f000 	/System/Library/PrivateFrameworks/GenerationalStorage.framework/Versions/A/GenerationalStorage
0x000000000861f000 	/System/Library/Frameworks/OpenGL.framework/Versions/A/OpenGL
0x000000000861f000 	/System/Library/PrivateFrameworks/Sharing.framework/Versions/A/Sharing
0x000000000861f000 	/System/Library/Frameworks/ImageIO.framework/Versions/A/ImageIO
0x000000000861f000 	/System/Library/Frameworks/CoreText.framework/Versions/A/CoreText
0x000000000861f000 	/System/Library/Frameworks/CoreGraphics.framework/Versions/A/CoreGraphics
0x000000000861f000 	/System/Library/PrivateFrameworks/Backup.framework/Versions/A/Backup
0x000000000861f000 	/System/Library/Frameworks/CFNetwork.framework/Versions/A/CFNetwork
0x000000000861f000 	/System/Library/Frameworks/SystemConfiguration.framework/Versions/A/SystemConfiguration
0x000000000861f000 	/usr/lib/libCRFSuite.dylib
0x000000000861f000 	/usr/lib/libc++.1.dylib
0x000000000861f000 	/usr/lib/libc++abi.dylib
0x000000000861f000 	/usr/lib/system/libcache.dylib
0x000000000861f000 	/usr/lib/system/libcommonCrypto.dylib
0x000000000861f000 	/usr/lib/system/libcompiler_rt.dylib
0x000000000861f000 	/usr/lib/system/libcopyfile.dylib
0x000000000861f000 	/usr/lib/system/libcorecrypto.dylib
0x000000000861f000 	/usr/lib/system/libdispatch.dylib
0x000000000861f000 	/usr/lib/system/libdyld.dylib
0x000000000861f000 	/usr/lib/system/libkeymgr.dylib
0x000000000861f000 	/usr/lib/system/liblaunch.dylib
0x000000000861f000 	/usr/lib/system/libmacho.dylib
0x000000000861f000 	/usr/lib/system/libquarantine.dylib
0x000000000861f000 	/usr/lib/system/libremovefile.dylib
0x000000000861f000 	/usr/lib/system/libsystem_asl.dylib
0x000000000861f000 	/usr/lib/system/libsystem_blocks.dylib
0x000000000861f000 	/usr/lib/system/libsystem_c.dylib
0x000000000861f000 	/usr/lib/system/libsystem_configuration.dylib
0x000000000861f000 	/usr/lib/system/libsystem_dnssd.dylib
0x000000000861f000 	/usr/lib/system/libsystem_info.dylib
0x000000000861f000 	/usr/lib/system/libsystem_kernel.dylib
0x000000000861f000 	/usr/lib/system/libsystem_m.dylib
0x000000000861f000 	/usr/lib/system/libsystem_malloc.dylib
0x000000000861f000 	/usr/lib/system/libsystem_network.dylib
0x000000000861f000 	/usr/lib/system/libsystem_notify.dylib
0x000000000861f000 	/usr/lib/system/libsystem_platform.dylib
0x000000000861f000 	/usr/lib/system/libsystem_pthread.dylib
0x000000000861f000 	/usr/lib/system/libsystem_sandbox.dylib
0x000000000861f000 	/usr/lib/system/libsystem_stats.dylib
0x000000000861f000 	/usr/lib/system/libunc.dylib
0x000000000861f000 	/usr/lib/system/libunwind.dylib
0x000000000861f000 	/usr/lib/system/libxpc.dylib
0x000000000861f000 	/usr/lib/libbsm.0.dylib
0x000000000861f000 	/usr/lib/libsqlite3.dylib
0x000000000861f000 	/usr/lib/libxar.1.dylib
0x000000000861f000 	/usr/lib/libpam.2.dylib
0x000000000861f000 	/usr/lib/libOpenScriptingUtil.dylib
0x000000000861f000 	/usr/lib/libbz2.1.0.dylib
0x000000000861f000 	/System/Library/Frameworks/CoreServices.framework/Versions/A/Frameworks/CarbonCore.framework/Versions/A/CarbonCore
0x000000000861f000 	/System/Library/Frameworks/CoreServices.framework/Versions/A/Frameworks/Metadata.framework/Versions/A/Metadata
0x000000000861f000 	/System/Library/Frameworks/CoreServices.framework/Versions/A/Frameworks/OSServices.framework/Versions/A/OSServices
0x000000000861f000 	/System/Library/Frameworks/CoreServices.framework/Versions/A/Frameworks/SearchKit.framework/Versions/A/SearchKit
0x000000000861f000 	/System/Library/Frameworks/CoreServices.framework/Versions/A/Frameworks/AE.framework/Versions/A/AE
0x000000000861f000 	/System/Library/Frameworks/CoreServices.framework/Versions/A/Frameworks/LaunchServices.framework/Versions/A/LaunchServices
0x000000000861f000 	/System/Library/Frameworks/CoreServices.framework/Versions/A/Frameworks/DictionaryServices.framework/Versions/A/DictionaryServices
0x000000000861f000 	/System/Library/Frameworks/NetFS.framework/Versions/A/NetFS
0x000000000861f000 	/usr/lib/system/libkxld.dylib
0x000000000861f000 	/System/Library/PrivateFrameworks/NetAuth.framework/Versions/A/NetAuth
0x000000000861f000 	/System/Library/PrivateFrameworks/TCC.framework/Versions/A/TCC
0x000000000861f000 	/System/Library/Frameworks/OpenDirectory.framework/Versions/A/Frameworks/CFOpenDirectory.framework/Versions/A/CFOpenDirectory
0x000000000861f000 	/System/Library/Frameworks/ServiceManagement.framework/Versions/A/ServiceManagement
0x000000000861f000 	/usr/lib/libxslt.1.dylib
0x000000000861f000 	/System/Library/Frameworks/Carbon.framework/Versions/A/Frameworks/Ink.framework/Versions/A/Ink
0x000000000861f000 	/System/Library/Frameworks/ApplicationServices.framework/Versions/A/Frameworks/ATS.framework/Versions/A/ATS
0x000000000861f000 	/System/Library/Frameworks/ApplicationServices.framework/Versions/A/Frameworks/ColorSync.framework/Versions/A/ColorSync
0x000000000861f000 	/System/Library/Frameworks/ApplicationServices.framework/Versions/A/Frameworks/HIServices.framework/Versions/A/HIServices
0x000000000861f000 	/System/Library/Frameworks/ApplicationServices.framework/Versions/A/Frameworks/LangAnalysis.framework/Versions/A/LangAnalysis
0x000000000861f000 	/System/Library/Frameworks/ApplicationServices.framework/Versions/A/Frameworks/PrintCore.framework/Versions/A/PrintCore
0x000000000861f000 	/System/Library/Frameworks/ApplicationServices.framework/Versions/A/Frameworks/QD.framework/Versions/A/QD
0x000000000861f000 	/System/Library/Frameworks/ApplicationServices.framework/Versions/A/Frameworks/SpeechSynthesis.framework/Versions/A/SpeechSynthesis
0x000000000861f000 	/System/Library/Frameworks/IOSurface.framework/Versions/A/IOSurface
0x000000000861f000 	/System/Library/Frameworks/Accelerate.framework/Versions/A/Accelerate
0x000000000861f000 	/System/Library/Frameworks/Accelerate.framework/Versions/A/Frameworks/vImage.framework/Versions/A/vImage
0x000000000861f000 	/System/Library/Frameworks/Accelerate.framework/Versions/A/Frameworks/vecLib.framework/Versions/A/vecLib
0x000000000861f000 	/System/Library/Frameworks/Accelerate.framework/Versions/A/Frameworks/vecLib.framework/Versions/A/libvDSP.dylib
0x000000000861f000 	/System/Library/Frameworks/Accelerate.framework/Versions/A/Frameworks/vecLib.framework/Versions/A/libvMisc.dylib
0x000000000861f000 	/System/Library/Frameworks/Accelerate.framework/Versions/A/Frameworks/vecLib.framework/Versions/A/libLAPACK.dylib
0x000000000861f000 	/System/Library/Frameworks/Accelerate.framework/Versions/A/Frameworks/vecLib.framework/Versions/A/libBLAS.dylib
0x000000000861f000 	/System/Library/Frameworks/ApplicationServices.framework/Versions/A/Frameworks/ATS.framework/Versions/A/Resources/libFontParser.dylib
0x000000000861f000 	/System/Library/Frameworks/ApplicationServices.framework/Versions/A/Frameworks/ATS.framework/Versions/A/Resources/libFontRegistry.dylib
0x000000000861f000 	/System/Library/Frameworks/ImageIO.framework/Versions/A/Resources/libJPEG.dylib
0x000000000861f000 	/System/Library/Frameworks/ImageIO.framework/Versions/A/Resources/libTIFF.dylib
0x000000000861f000 	/System/Library/Frameworks/ImageIO.framework/Versions/A/Resources/libPng.dylib
0x000000000861f000 	/System/Library/Frameworks/ImageIO.framework/Versions/A/Resources/libGIF.dylib
0x000000000861f000 	/System/Library/Frameworks/ImageIO.framework/Versions/A/Resources/libJP2.dylib
0x000000000861f000 	/System/Library/Frameworks/ImageIO.framework/Versions/A/Resources/libRadiance.dylib
0x000000000861f000 	/usr/lib/libcups.2.dylib
0x000000000861f000 	/System/Library/Frameworks/Kerberos.framework/Versions/A/Kerberos
0x000000000861f000 	/System/Library/Frameworks/GSS.framework/Versions/A/GSS
0x000000000861f000 	/usr/lib/libresolv.9.dylib
0x000000000861f000 	/usr/lib/libiconv.2.dylib
0x000000000861f000 	/System/Library/PrivateFrameworks/Heimdal.framework/Versions/A/Heimdal
0x000000000861f000 	/System/Library/PrivateFrameworks/TrustEvaluationAgent.framework/Versions/A/TrustEvaluationAgent
0x000000000861f000 	/usr/lib/libheimdal-asn1.dylib
0x000000000861f000 	/System/Library/Frameworks/OpenDirectory.framework/Versions/A/OpenDirectory
0x000000000861f000 	/System/Library/PrivateFrameworks/CommonAuth.framework/Versions/A/CommonAuth
0x000000000861f000 	/System/Library/Frameworks/SecurityFoundation.framework/Versions/A/SecurityFoundation
0x000000000861f000 	/System/Library/PrivateFrameworks/Bom.framework/Versions/A/Bom
0x000000000861f000 	/System/Library/Frameworks/CoreVideo.framework/Versions/A/CoreVideo
0x000000000861f000 	/System/Library/Frameworks/QuartzCore.framework/Versions/A/Frameworks/CoreImage.framework/Versions/A/CoreImage
0x000000000861f000 	/System/Library/Frameworks/QuartzCore.framework/Versions/A/Frameworks/ScalableUserInterface.framework/Versions/A/ScalableUserInterface
0x000000000861f000 	/System/Library/Frameworks/OpenGL.framework/Versions/A/Libraries/libGLU.dylib
0x000000000861f000 	/System/Library/Frameworks/OpenGL.framework/Versions/A/Libraries/libGFXShared.dylib
0x000000000861f000 	/System/Library/Frameworks/OpenGL.framework/Versions/A/Libraries/libGL.dylib
0x000000000861f000 	/System/Library/Frameworks/OpenGL.framework/Versions/A/Libraries/libGLImage.dylib
0x000000000861f000 	/System/Library/Frameworks/OpenGL.framework/Versions/A/Libraries/libCVMSPluginSupport.dylib
0x000000000861f000 	/System/Library/Frameworks/OpenGL.framework/Versions/A/Libraries/libCoreVMClient.dylib
0x000000000861f000 	/System/Library/PrivateFrameworks/FaceCore.framework/Versions/A/FaceCore
0x000000000861f000 	/System/Library/PrivateFrameworks/CrashReporterSupport.framework/Versions/A/CrashReporterSupport
0x000000000861f000 	/System/Library/Frameworks/OpenCL.framework/Versions/A/OpenCL
0x000000000861f000 	/System/Library/PrivateFrameworks/AppleFSCompression.framework/Versions/A/AppleFSCompression
0x000000000861f000 	/System/Library/PrivateFrameworks/Ubiquity.framework/Versions/A/Ubiquity
0x000000000861f000 	/System/Library/PrivateFrameworks/IconServices.framework/Versions/A/IconServices
0x000000000861f000 	/System/Library/PrivateFrameworks/ChunkingLibrary.framework/Versions/A/ChunkingLibrary
0x000000000861f000 	/System/Library/PrivateFrameworks/CoreSymbolication.framework/Versions/A/CoreSymbolication
0x000000000861f000 	/System/Library/PrivateFrameworks/Symbolication.framework/Versions/A/Symbolication
0x000000000861f000 	/System/Library/PrivateFrameworks/DebugSymbols.framework/Versions/A/DebugSymbols
0x0000000103e41000 	/Library/Java/JavaVirtualMachines/jdk1.8.0_45.jdk/Contents/Home/jre/lib/server/libjvm.dylib
0x000000000861f000 	/usr/lib/libstdc++.6.dylib
0x0000000104dc0000 	/Library/Java/JavaVirtualMachines/jdk1.8.0_45.jdk/Contents/Home/jre/lib/libverify.dylib
0x0000000105703000 	/Library/Java/JavaVirtualMachines/jdk1.8.0_45.jdk/Contents/Home/jre/lib/libjava.dylib
0x0000000104dd8000 	/Library/Java/JavaVirtualMachines/jdk1.8.0_45.jdk/Contents/Home/jre/lib/libzip.dylib
0x0000000119232000 	/System/Library/Frameworks/JavaVM.framework/Frameworks/JavaRuntimeSupport.framework/JavaRuntimeSupport
0x000000011924a000 	/System/Library/Frameworks/JavaVM.framework/Versions/A/Frameworks/JavaNativeFoundation.framework/Versions/A/JavaNativeFoundation
0x000000011925f000 	/System/Library/Frameworks/JavaVM.framework/Versions/A/JavaVM
0x000000000861f000 	/System/Library/Frameworks/Carbon.framework/Versions/A/Carbon
0x000000011926c000 	/System/Library/PrivateFrameworks/JavaLaunching.framework/Versions/A/JavaLaunching
0x000000000861f000 	/System/Library/Frameworks/Carbon.framework/Versions/A/Frameworks/CommonPanels.framework/Versions/A/CommonPanels
0x000000000861f000 	/System/Library/Frameworks/Carbon.framework/Versions/A/Frameworks/Help.framework/Versions/A/Help
0x000000000861f000 	/System/Library/Frameworks/Carbon.framework/Versions/A/Frameworks/ImageCapture.framework/Versions/A/ImageCapture
0x000000000861f000 	/System/Library/Frameworks/Carbon.framework/Versions/A/Frameworks/OpenScripting.framework/Versions/A/OpenScripting
0x000000000861f000 	/System/Library/Frameworks/Carbon.framework/Versions/A/Frameworks/Print.framework/Versions/A/Print
0x000000000861f000 	/System/Library/Frameworks/Carbon.framework/Versions/A/Frameworks/SecurityHI.framework/Versions/A/SecurityHI
0x0000000119ab0000 	/Library/Java/JavaVirtualMachines/jdk1.8.0_45.jdk/Contents/Home/jre/lib/libawt.dylib
0x0000000119b58000 	/Library/Java/JavaVirtualMachines/jdk1.8.0_45.jdk/Contents/Home/jre/lib/./libmlib_image.dylib
0x0000000119c24000 	/Library/Java/JavaVirtualMachines/jdk1.8.0_45.jdk/Contents/Home/jre/lib/libawt_lwawt.dylib
0x0000000119cd8000 	/Library/Java/JavaVirtualMachines/jdk1.8.0_45.jdk/Contents/Home/jre/lib/./libosxapp.dylib
0x000000000861f000 	/System/Library/Frameworks/ExceptionHandling.framework/Versions/A/ExceptionHandling
0x000000000861f000 	/System/Library/PrivateFrameworks/CoreServicesInternal.framework/Versions/A/CoreServicesInternal
0x000000000861f000 	/System/Library/PrivateFrameworks/Librarian.framework/Versions/A/Librarian
0x000000000861f000 	/System/Library/Frameworks/CoreGraphics.framework/Versions/A/Resources/libCGCMS.A.dylib
0x000000000861f000 	/System/Library/Frameworks/CoreGraphics.framework/Versions/A/Resources/libRIP.A.dylib
0x000000000861f000 	/System/Library/Frameworks/CoreGraphics.framework/Versions/A/Resources/libCGXType.A.dylib
0x000000000861f000 	/System/Library/PrivateFrameworks/FamilyControls.framework/Versions/A/FamilyControls
0x000000000861f000 	/System/Library/PrivateFrameworks/CommerceKit.framework/Versions/A/Frameworks/CommerceCore.framework/Versions/A/CommerceCore
0x000000000861f000 	/System/Library/PrivateFrameworks/SystemAdministration.framework/Versions/A/SystemAdministration
0x000000000861f000 	/System/Library/Frameworks/DirectoryService.framework/Versions/A/DirectoryService
0x000000000861f000 	/System/Library/PrivateFrameworks/DiskImages.framework/Versions/A/DiskImages
0x000000000861f000 	/System/Library/PrivateFrameworks/LoginUIKit.framework/Versions/A/Frameworks/LoginUICore.framework/Versions/A/LoginUICore
0x000000000861f000 	/usr/lib/libCoreStorage.dylib
0x000000000861f000 	/usr/lib/libcsfde.dylib
0x000000000861f000 	/usr/lib/libodfde.dylib
0x000000000861f000 	/System/Library/Frameworks/DiscRecording.framework/Versions/A/DiscRecording
0x000000000861f000 	/usr/lib/libcurl.4.dylib
0x000000000861f000 	/System/Library/PrivateFrameworks/MediaKit.framework/Versions/A/MediaKit
0x000000000861f000 	/System/Library/PrivateFrameworks/EFILogin.framework/Versions/A/EFILogin
0x000000000861f000 	/usr/lib/libutil.dylib
0x000000000861f000 	/System/Library/PrivateFrameworks/AOSNotification.framework/Versions/A/AOSNotification
0x000000000861f000 	/System/Library/Frameworks/LDAP.framework/Versions/A/LDAP
0x000000000861f000 	/usr/lib/libsasl2.2.dylib
0x000000000861f000 	/usr/lib/libcrypto.0.9.8.dylib
0x000000000861f000 	/usr/lib/libssl.0.9.8.dylib
0x000000011bbe8000 	/Library/Java/JavaVirtualMachines/jdk1.8.0_45.jdk/Contents/Home/jre/lib/libfontmanager.dylib
0x000000000861f000 	/System/Library/Frameworks/OpenGL.framework/Versions/A/Resources/GLEngine.bundle/GLEngine
0x000000000861f000 	/System/Library/Frameworks/OpenGL.framework/Versions/A/Libraries/libGLProgrammability.dylib
0x0000000000000000 	/System/Library/Extensions/AppleIntelHD3000GraphicsGLDriver.bundle/Contents/MacOS/AppleIntelHD3000GraphicsGLDriver
0x000000011e6b8000 	/System/Library/PrivateFrameworks/GPUSupport.framework/Versions/A/Libraries/libGPUSupport.dylib
0x000000000861f000 	/System/Library/Frameworks/OpenGL.framework/Versions/A/Resources/GLRendererFloat.bundle/GLRendererFloat
0x000000000861f000 	/System/Library/Frameworks/OpenCL.framework/Versions/A/Libraries/libcldcpuengine.dylib
0x000000011e6cd000 	/Library/Java/JavaVirtualMachines/jdk1.8.0_45.jdk/Contents/Home/jre/lib/libosxui.dylib
0x000000011e8ab000 	/Library/Java/JavaVirtualMachines/jdk1.8.0_45.jdk/Contents/Home/jre/lib/libosx.dylib
0x0000000120744000 	/Library/Java/JavaVirtualMachines/jdk1.8.0_45.jdk/Contents/Home/jre/lib/libnet.dylib
0x000000011f980000 	/Library/Java/JavaVirtualMachines/jdk1.8.0_45.jdk/Contents/Home/jre/lib/libnio.dylib
0x000000011f716000 	/Users/juliusskye/Desktop/FYPI/simplevoicehud/liblwjgl.dylib
0x000000011bb66000 	/Library/Java/JavaVirtualMachines/jdk1.8.0_45.jdk/Contents/Home/jre/lib/libjawt.dylib

VM Arguments:
jvm_args: -Dfile.encoding=UTF-8 
java_command: julius.sky.voicehud.App
java_class_path (initial): /Users/juliusskye/Desktop/FYPI/simplevoicehud/target/classes:/Users/juliusskye/.m2/repository/edu/cmu/sphinx/sphinx4-core/1.0-SNAPSHOT/sphinx4-core-1.0-SNAPSHOT.jar:/Users/juliusskye/.m2/repository/org/apache/commons/commons-math3/3.2/commons-math3-3.2.jar:/Users/juliusskye/.m2/repository/edu/cmu/sphinx/sphinx4-data/1.0-SNAPSHOT/sphinx4-data-1.0-SNAPSHOT.jar:/Users/juliusskye/.m2/repository/edu/cmu/sphinx/sphinx4-samples/1.0-SNAPSHOT/sphinx4-samples-1.0-SNAPSHOT.jar:/Users/juliusskye/.m2/repository/com/jme3/jme3-core/3.0.10/jme3-core-3.0.10.jar:/Users/juliusskye/.m2/repository/com/jme3/jme3-desktop/3.0.10/jme3-desktop-3.0.10.jar:/Users/juliusskye/.m2/repository/com/jme3/jme3-lwjgl/3.0.10/jme3-lwjgl-3.0.10.jar:/Users/juliusskye/.m2/repository/com/jme3-lib/lwjgl/2.9.0/lwjgl-2.9.0.jar:/Users/juliusskye/.m2/repository/com/jme3-lib/jinput/2.0.0-b01/jinput-2.0.0-b01.jar:/Users/juliusskye/.m2/repository/com/jme3-lib/lwjgl-natives/2.9.0/lwjgl-natives-2.9.0.jar:/Users/juliusskye/.m2/repository/com/jme3/jme3-plugins/3.0.10/jme3-plugins-3.0.10.jar:/Users/juliusskye/.m2/repository/com/jme3/jme3-niftygui/3.0.10/jme3-niftygui-3.0.10.jar:/Users/juliusskye/.m2/repository/com/jme3-lib/nifty/1.3.3/nifty-1.3.3.jar:/Users/juliusskye/.m2/repository/com/jme3-lib/nifty-default-controls/1.3.3/nifty-default-controls-1.3.3.jar:/Users/juliusskye/.m2/repository/com/jme3-lib/nifty-style-black/1.3.3/nifty-style-black-1.3.3.jar:/Users/juliusskye/.m2/repository/com/jme3-lib/jglfont-core/1.3/jglfont-core-1.3.jar:/Users/juliusskye/.m2/repository/com/jme3-lib/xmlpull-xpp3/1.4.4c/xmlpull-xpp3-1.4.4c.jar:/Users/juliusskye/.m2/repository/lessvoid/nifty/1.4.1/nifty-1.4.1.jar:/Users/juliusskye/.m2/repository/xpp3/xpp3/1.1.4c/xpp3-1.1.4c.jar:/Users/juliusskye/.m2/repository/org/bushe/eventbus/1.4/eventbus-1.4.jar:/Users/juliusskye/.m2/repository/com/google/code/findbugs/jsr305/2.0.2/jsr305-2.0.2.jar:/Users/juliusskye/.m2/repository/org/jglfont/jglfont-core/1.4/jglfont-core-1.4.
Launcher Type: SUN_STANDARD

Environment Variables:
PATH=/usr/bin:/bin:/usr/sbin:/sbin
SHELL=/bin/bash
DISPLAY=/tmp/launch-UuvqYh/org.macosforge.xquartz:0

Signal Handlers:
SIGSEGV: [libjvm.dylib+0x58ef95], sa_mask[0]=11111111011111110111111111111111, sa_flags=SA_ONSTACK|SA_RESTART|SA_SIGINFO
SIGBUS: [libjvm.dylib+0x58ef95], sa_mask[0]=11111111011111110111111111111111, sa_flags=SA_RESTART|SA_SIGINFO
SIGFPE: [libjvm.dylib+0x46c108], sa_mask[0]=11111111011111110111111111111111, sa_flags=SA_RESTART|SA_SIGINFO
SIGPIPE: [libjvm.dylib+0x46c108], sa_mask[0]=11111111011111110111111111111111, sa_flags=SA_RESTART|SA_SIGINFO
SIGXFSZ: [libjvm.dylib+0x46c108], sa_mask[0]=11111111011111110111111111111111, sa_flags=SA_RESTART|SA_SIGINFO
SIGILL: [libjvm.dylib+0x46c108], sa_mask[0]=11111111011111110111111111111111, sa_flags=SA_RESTART|SA_SIGINFO
SIGUSR1: SIG_DFL, sa_mask[0]=00000000000000000000000000000000, sa_flags=SA_RESTART
SIGUSR2: [libjvm.dylib+0x46bc26], sa_mask[0]=00100000000000000000000000000000, sa_flags=SA_RESTART|SA_SIGINFO
SIGHUP: [libjvm.dylib+0x46a1f9], sa_mask[0]=11111111011111110111111111111111, sa_flags=SA_RESTART|SA_SIGINFO
SIGINT: [libjvm.dylib+0x46a1f9], sa_mask[0]=11111111011111110111111111111111, sa_flags=SA_RESTART|SA_SIGINFO
SIGTERM: [libjvm.dylib+0x46a1f9], sa_mask[0]=11111111011111110111111111111111, sa_flags=SA_RESTART|SA_SIGINFO
SIGQUIT: [libjvm.dylib+0x46a1f9], sa_mask[0]=11111111011111110111111111111111, sa_flags=SA_RESTART|SA_SIGINFO


---------------  S Y S T E M  ---------------

OS:Bsduname:Darwin 13.4.0 Darwin Kernel Version 13.4.0: Wed Mar 18 16:20:14 PDT 2015; root:xnu-2422.115.14~1/RELEASE_X86_64 x86_64
rlimit: STACK 8192k, CORE 0k, NPROC 709, NOFILE 10240, AS infinity
load average:7.20 6.66 6.35

CPU:total 4 (2 cores per cpu, 2 threads per core) family 6 model 42 stepping 7, cmov, cx8, fxsr, mmx, sse, sse2, sse3, ssse3, sse4.1, sse4.2, popcnt, avx, aes, clmul, ht, tsc, tscinvbit

Memory: 4k page, physical 4194304k(14908k free)

/proc/meminfo:


vm_info: Java HotSpot(TM) 64-Bit Server VM (25.45-b02) for bsd-amd64 JRE (1.8.0_45-b14), built on Apr 10 2015 10:46:38 by "java_re" with gcc 4.2.1 (Based on Apple Inc. build 5658) (LLVM build 2336.11.00)

time: Fri Oct 23 23:10:33 2015
elapsed time: 16 seconds (0d 0h 0m 16s)

