#
# A fatal error has been detected by the Java Runtime Environment:
#
#  SIGSEGV (0xb) at pc=0x00007fff8b15c62a, pid=3122, tid=52499
#
# JRE version: Java(TM) SE Runtime Environment (8.0_45-b14) (build 1.8.0_45-b14)
# Java VM: Java HotSpot(TM) 64-Bit Server VM (25.45-b02 mixed mode bsd-amd64 compressed oops)
# Problematic frame:
# C  [libobjc.A.dylib+0x762a]  (anonymous namespace)::AutoreleasePoolPage::pop(void*)+0x1c6
#
# Failed to write core dump. Core dumps have been disabled. To enable core dumping, try "ulimit -c unlimited" before starting Java again
#
# If you would like to submit a bug report, please visit:
#   http://bugreport.java.com/bugreport/crash.jsp
# The crash happened outside the Java Virtual Machine in native code.
# See problematic frame for where to report the bug.
#

---------------  T H R E A D  ---------------

Current thread (0x00007ffb21a29800):  JavaThread "LWJGL Renderer Thread" [_thread_in_native, id=52499, stack(0x000000012510a000,0x000000012520a000)]

siginfo: si_signo: 11 (SIGSEGV), si_code: 1 (SEGV_MAPERR), si_addr: 0x0000000000000010

Registers:
RAX=0x00007ffb208f9038, RBX=0xa3a3a3a3a3a3a3a3, RCX=0x00007ffb208f9038, RDX=0x00000000a1a1a1a1
RSP=0x0000000125209140, RBP=0x0000000125209590, RSI=0x0000000000000000, RDI=0x00007ffb212e5038
R8 =0x00007ffb205bbbb0, R9 =0x0000000000000000, R10=0x00007ffb2041a570, R11=0x00007fff795fbe30
R12=0x0000000000000000, R13=0x0000000120ceaf78, R14=0x00007ffb212e5038, R15=0x00007ffb212e5000
RIP=0x00007fff8b15c62a, EFLAGS=0x0000000000010246, ERR=0x0000000000000004
  TRAPNO=0x000000000000000e

Top of Stack: (sp=0x0000000125209140)
0x0000000125209140:   0000000125209180 00007fff8ba718f3
0x0000000125209150:   0000000000000018 00007ffb212e5038
0x0000000125209160:   001d1100001d1100 00007ffb2050cb50
0x0000000125209170:   00000001252091a0 00007ffb2050cb60
0x0000000125209180:   00000001252092d0 00007fff9326529c
0x0000000125209190:   0000000000000000 0000000000001e00
0x00000001252091a0:   0000001800000013 0000000000001403
0x00000001252091b0:   0000000000000000 00007fff78da5738
0x00000001252091c0:   00007fff796022f8 00007fff78da0810
0x00000001252091d0:   0000000000012068 00007ffb2051d240
0x00000001252091e0:   0000000000012068 000000012520929c
0x00000001252091f0:   0000000125209280 00007fff8ba714a9
0x0000000125209200:   0000000125209290 00000001252092a4
0x0000000125209210:   00000001252092a0 0000000000000000
0x0000000125209220:   000000012520929c 00007ffb2051d25c
0x0000000125209230:   000000000004d0fd 000001002051d314
0x0000000125209240:   00007ffb2051d258 0001206800211aef
0x0000000125209250:   000000000004d0fd 0000000000000001
0x0000000125209260:   0000000000000001 0000000000000008
0x0000000125209270:   00007ffb2051d240 0000000000000000
0x0000000125209280:   00000001252092c0 00007fff8ba718f3
0x0000000125209290:   00000001252092d0 0001206800000001
0x00000001252092a0:   0000000000000000 00007ffb205bbbf0
0x00000001252092b0:   0000000000000000 0000000000000000
0x00000001252092c0:   0000000125209340 00007fff8ba716ea
0x00000001252092d0:   00000001252093d0 00000001252093c0
0x00000001252092e0:   00000001252093cc 00007ffb205bbc0c
0x00000001252092f0:   00007ffb205bbbf0 0000000000000200
0x0000000125209300:   00007ffb205bbc08 000000000050b260
0x0000000125209310:   0000000125209388 00007ffb205bbbe0
0x0000000125209320:   00007fff78da6e90 00007fff78da6e90
0x0000000125209330:   00007ffb205bbbb0 0000000103efd800 

Instructions: (pc=0x00007fff8b15c62a)
0x00007fff8b15c60a:   48 8b 76 20 48 85 f6 74 0e 8b 16 81 fa a1 a1 a1
0x00007fff8b15c61a:   a1 0f 85 15 01 00 00 65 48 89 34 25 80 01 00 00
0x00007fff8b15c62a:   48 8b 46 10 48 8d 4e 38 48 39 c8 74 d3 48 83 c6
0x00007fff8b15c63a:   10 eb 04 48 8d 76 10 48 8d 48 f8 48 89 0e 48 8b 

Register to memory mapping:

RAX=0x00007ffb208f9038 is an unknown value
RBX=0xa3a3a3a3a3a3a3a3 is an unknown value
RCX=0x00007ffb208f9038 is an unknown value
RDX=0x00000000a1a1a1a1 is an unknown value
RSP=0x0000000125209140 is pointing into the stack for thread: 0x00007ffb21a29800
RBP=0x0000000125209590 is pointing into the stack for thread: 0x00007ffb21a29800
RSI=0x0000000000000000 is an unknown value
RDI=0x00007ffb212e5038 is an unknown value
R8 =0x00007ffb205bbbb0 is an unknown value
R9 =0x0000000000000000 is an unknown value
R10=0x00007ffb2041a570 is an unknown value
R11=0x00007fff795fbe30: OBJC_CLASS_$_NSAutoreleasePool+0 in /System/Library/Frameworks/Foundation.framework/Versions/C/Foundation at 0x00007fff8ee47000
R12=0x0000000000000000 is an unknown value
R13={method} {0x0000000120ceaf78} 'nDestroyWindow' '(Ljava/nio/ByteBuffer;)V' in 'org/lwjgl/opengl/MacOSXDisplay'
R14=0x00007ffb212e5038 is an unknown value
R15=0x00007ffb212e5000 is an unknown value


Stack: [0x000000012510a000,0x000000012520a000],  sp=0x0000000125209140,  free space=1020k
Native frames: (J=compiled Java code, j=interpreted, Vv=VM code, C=native code)
C  [libobjc.A.dylib+0x762a]  (anonymous namespace)::AutoreleasePoolPage::pop(void*)+0x1c6
C  [CoreFoundation+0x38932]  _CFAutoreleasePoolPop+0x32
C  [Foundation+0x1b437]  -[NSAutoreleasePool drain]+0x93
j  org.lwjgl.opengl.MacOSXDisplay.nDestroyWindow(Ljava/nio/ByteBuffer;)V+0
j  org.lwjgl.opengl.MacOSXDisplay.destroyWindow()V+43
j  org.lwjgl.opengl.Display.destroyWindow()V+46
j  org.lwjgl.opengl.Display.setDisplayMode(Lorg/lwjgl/opengl/DisplayMode;)V+34
j  com.jme3.system.lwjgl.LwjglDisplay.createContext(Lcom/jme3/system/AppSettings;)V+270
j  com.jme3.system.lwjgl.LwjglAbstractDisplay.initInThread()Z+25
j  com.jme3.system.lwjgl.LwjglAbstractDisplay.run()V+32
j  java.lang.Thread.run()V+11
v  ~StubRoutines::call_stub
V  [libjvm.dylib+0x2e032a]  JavaCalls::call_helper(JavaValue*, methodHandle*, JavaCallArguments*, Thread*)+0x6ae
V  [libjvm.dylib+0x2e0ab8]  JavaCalls::call_virtual(JavaValue*, KlassHandle, Symbol*, Symbol*, JavaCallArguments*, Thread*)+0x164
V  [libjvm.dylib+0x2e0c64]  JavaCalls::call_virtual(JavaValue*, Handle, KlassHandle, Symbol*, Symbol*, Thread*)+0x4a
V  [libjvm.dylib+0x3331a5]  thread_entry(JavaThread*, Thread*)+0x7c
V  [libjvm.dylib+0x549acf]  JavaThread::thread_main_inner()+0x9b
V  [libjvm.dylib+0x54b1c0]  JavaThread::run()+0x1c2
V  [libjvm.dylib+0x46ea7e]  java_start(Thread*)+0xf6
C  [libsystem_pthread.dylib+0x1899]  _pthread_body+0x8a
C  [libsystem_pthread.dylib+0x172a]  _pthread_struct_init+0x0
C  [libsystem_pthread.dylib+0x5fc9]  thread_start+0xd
C  0x0000000000000000

Java frames: (J=compiled Java code, j=interpreted, Vv=VM code)
j  org.lwjgl.opengl.MacOSXDisplay.nDestroyWindow(Ljava/nio/ByteBuffer;)V+0
j  org.lwjgl.opengl.MacOSXDisplay.destroyWindow()V+43
j  org.lwjgl.opengl.Display.destroyWindow()V+46
j  org.lwjgl.opengl.Display.setDisplayMode(Lorg/lwjgl/opengl/DisplayMode;)V+34
j  com.jme3.system.lwjgl.LwjglDisplay.createContext(Lcom/jme3/system/AppSettings;)V+270
j  com.jme3.system.lwjgl.LwjglAbstractDisplay.initInThread()Z+25
j  com.jme3.system.lwjgl.LwjglAbstractDisplay.run()V+32
j  java.lang.Thread.run()V+11
v  ~StubRoutines::call_stub

---------------  P R O C E S S  ---------------

Java Threads: ( => current thread )
=>0x00007ffb21a29800 JavaThread "LWJGL Renderer Thread" [_thread_in_native, id=52499, stack(0x000000012510a000,0x000000012520a000)]
  0x00007ffb21439800 JavaThread "Thread-7" daemon [_thread_in_native, id=93699, stack(0x00000001225fc000,0x000000012267c000)]
  0x00007ffb2141f000 JavaThread "Thread-5" daemon [_thread_blocked, id=91395, stack(0x0000000122177000,0x0000000122277000)]
  0x00007ffb21bb9800 JavaThread "QuantumRenderer-0" daemon [_thread_blocked, id=89347, stack(0x00000001219be000,0x0000000121abe000)]
  0x00007ffb22269800 JavaThread "jME3 Audio Thread" daemon [_thread_in_Java, id=54535, stack(0x000000011fa61000,0x000000011fb61000)]
  0x00007ffb22043000 JavaThread "DestroyJavaVM" [_thread_blocked, id=4867, stack(0x0000000104f47000,0x0000000105047000)]
  0x00007ffb21a45800 JavaThread "LWJGL Renderer Thread" [_thread_blocked, id=55815, stack(0x000000011fc46000,0x000000011fd46000)]
  0x00007ffb21a9e800 JavaThread "TimerQueue" daemon [_thread_blocked, id=59411, stack(0x00000001218bb000,0x00000001219bb000)]
  0x00007ffb2194b000 JavaThread "Timer-0" daemon [_thread_blocked, id=51975, stack(0x000000011ec91000,0x000000011ed91000)]
  0x00007ffb2217c000 JavaThread "Java2D Disposer" daemon [_thread_blocked, id=51459, stack(0x000000011eb8e000,0x000000011ec8e000)]
  0x00007ffb2193b800 JavaThread "Java2D Queue Flusher" daemon [_thread_blocked, id=47367, stack(0x000000011e6bc000,0x000000011e7bc000)]
  0x00007ffb2191b800 JavaThread "AWT-EventQueue-0" [_thread_in_native, id=31495, stack(0x000000011e5b9000,0x000000011e6b9000)]
  0x00007ffb2205a800 JavaThread "AWT-Shutdown" [_thread_blocked, id=28939, stack(0x000000011b5c2000,0x000000011b6c2000)]
  0x00007ffb2088b000 JavaThread "JavaFX Application Thread" daemon [_thread_in_native, id=3335, stack(0x00007fff5b522000,0x00007fff5bd22000)]
  0x00007ffb20814000 JavaThread "Service Thread" daemon [_thread_blocked, id=19971, stack(0x0000000119928000,0x0000000119a28000)]
  0x00007ffb2200c000 JavaThread "C1 CompilerThread2" daemon [_thread_blocked, id=19459, stack(0x0000000119825000,0x0000000119925000)]
  0x00007ffb2200b000 JavaThread "C2 CompilerThread1" daemon [_thread_blocked, id=18947, stack(0x0000000119722000,0x0000000119822000)]
  0x00007ffb22009800 JavaThread "C2 CompilerThread0" daemon [_thread_blocked, id=18435, stack(0x000000011961f000,0x000000011971f000)]
  0x00007ffb22008800 JavaThread "Signal Dispatcher" daemon [_thread_blocked, id=17923, stack(0x000000011951c000,0x000000011961c000)]
  0x00007ffb22004000 JavaThread "Finalizer" daemon [_thread_blocked, id=13059, stack(0x00000001192cd000,0x00000001193cd000)]
  0x00007ffb20811800 JavaThread "Reference Handler" daemon [_thread_blocked, id=12547, stack(0x00000001191ca000,0x00000001192ca000)]

Other Threads:
  0x00007ffb2184a800 VMThread [stack: 0x00000001190c7000,0x00000001191c7000] [id=12035]
  0x00007ffb2103d800 WatcherThread [stack: 0x0000000119a2b000,0x0000000119b2b000] [id=20483]

VM state:not at safepoint (normal execution)

VM Mutex/Monitor currently owned by a thread: None

Heap:
 PSYoungGen      total 18944K, used 4901K [0x00000007aab00000, 0x00000007ac000000, 0x00000007c0000000)
  eden space 16384K, 14% used [0x00000007aab00000,0x00000007aad4cc80,0x00000007abb00000)
  from space 2560K, 99% used [0x00000007abd80000,0x00000007abffca10,0x00000007ac000000)
  to   space 2560K, 0% used [0x00000007abb00000,0x00000007abb00000,0x00000007abd80000)
 ParOldGen       total 44032K, used 5650K [0x0000000780000000, 0x0000000782b00000, 0x00000007aab00000)
  object space 44032K, 12% used [0x0000000780000000,0x0000000780584808,0x0000000782b00000)
 Metaspace       used 19033K, capacity 19412K, committed 19584K, reserved 1067008K
  class space    used 2259K, capacity 2410K, committed 2432K, reserved 1048576K

Card table byte_map: [0x0000000114dc0000,0x0000000114fc1000] byte_map_base: 0x00000001111c0000

Marking Bits: (ParMarkBitMap*) 0x000000010489f7a0
 Begin Bits: [0x0000000115420000, 0x0000000116420000)
 End Bits:   [0x0000000116420000, 0x0000000117420000)

Polling page: 0x000000010508c000

CodeCache: size=245760Kb used=5274Kb max_used=5281Kb free=240485Kb
 bounds [0x0000000105a00000, 0x0000000105f30000, 0x0000000114a00000]
 total_blobs=2281 nmethods=1589 adapters=605
 compilation: enabled

Compilation events (10 events):
Event: 6.913 Thread 0x00007ffb2200c000 1583       3       java.util.HashMap$EntryIterator::next (5 bytes)
Event: 6.914 Thread 0x00007ffb2200c000 nmethod 1583 0x0000000105f25750 code [0x0000000105f258c0, 0x0000000105f25ba8]
Event: 6.914 Thread 0x00007ffb2200c000 1584       3       java.util.HashMap$EntryIterator::next (5 bytes)
Event: 6.914 Thread 0x00007ffb22009800 1585       4       java.nio.DirectByteBuffer::put (18 bytes)
Event: 6.914 Thread 0x00007ffb2200c000 nmethod 1584 0x0000000105f25c50 code [0x0000000105f25dc0, 0x0000000105f25fc8]
Event: 6.915 Thread 0x00007ffb2200c000 1586       3       java.awt.Container::getListenersCount (52 bytes)
Event: 6.915 Thread 0x00007ffb22009800 nmethod 1585 0x0000000105f28d10 code [0x0000000105f28e60, 0x0000000105f28f18]
Event: 6.915 Thread 0x00007ffb2200c000 nmethod 1586 0x0000000105f284d0 code [0x0000000105f28680, 0x0000000105f28b78]
Event: 6.916 Thread 0x00007ffb2200b000 1587       4       java.lang.String::getChars (62 bytes)
Event: 6.918 Thread 0x00007ffb2200b000 nmethod 1587 0x0000000105f26b90 code [0x0000000105f26ce0, 0x0000000105f26e58]

GC Heap History (4 events):
Event: 3.630 GC heap before
{Heap before GC invocations=1 (full 0):
 PSYoungGen      total 18944K, used 16384K [0x00000007aab00000, 0x00000007ac000000, 0x00000007c0000000)
  eden space 16384K, 100% used [0x00000007aab00000,0x00000007abb00000,0x00000007abb00000)
  from space 2560K, 0% used [0x00000007abd80000,0x00000007abd80000,0x00000007ac000000)
  to   space 2560K, 0% used [0x00000007abb00000,0x00000007abb00000,0x00000007abd80000)
 ParOldGen       total 44032K, used 0K [0x0000000780000000, 0x0000000782b00000, 0x00000007aab00000)
  object space 44032K, 0% used [0x0000000780000000,0x0000000780000000,0x0000000782b00000)
 Metaspace       used 13665K, capacity 13834K, committed 14208K, reserved 1060864K
  class space    used 1777K, capacity 1838K, committed 1920K, reserved 1048576K
Event: 3.639 GC heap after
Heap after GC invocations=1 (full 0):
 PSYoungGen      total 18944K, used 2544K [0x00000007aab00000, 0x00000007ac000000, 0x00000007c0000000)
  eden space 16384K, 0% used [0x00000007aab00000,0x00000007aab00000,0x00000007abb00000)
  from space 2560K, 99% used [0x00000007abb00000,0x00000007abd7c020,0x00000007abd80000)
  to   space 2560K, 0% used [0x00000007abd80000,0x00000007abd80000,0x00000007ac000000)
 ParOldGen       total 44032K, used 2589K [0x0000000780000000, 0x0000000782b00000, 0x00000007aab00000)
  object space 44032K, 5% used [0x0000000780000000,0x0000000780287558,0x0000000782b00000)
 Metaspace       used 13665K, capacity 13834K, committed 14208K, reserved 1060864K
  class space    used 1777K, capacity 1838K, committed 1920K, reserved 1048576K
}
Event: 4.440 GC heap before
{Heap before GC invocations=2 (full 0):
 PSYoungGen      total 18944K, used 18928K [0x00000007aab00000, 0x00000007ac000000, 0x00000007c0000000)
  eden space 16384K, 100% used [0x00000007aab00000,0x00000007abb00000,0x00000007abb00000)
  from space 2560K, 99% used [0x00000007abb00000,0x00000007abd7c020,0x00000007abd80000)
  to   space 2560K, 0% used [0x00000007abd80000,0x00000007abd80000,0x00000007ac000000)
 ParOldGen       total 44032K, used 2589K [0x0000000780000000, 0x0000000782b00000, 0x00000007aab00000)
  object space 44032K, 5% used [0x0000000780000000,0x0000000780287558,0x0000000782b00000)
 Metaspace       used 18731K, capacity 19030K, committed 19328K, reserved 1067008K
  class space    used 2250K, capacity 2373K, committed 2432K, reserved 1048576K
Event: 4.447 GC heap after
Heap after GC invocations=2 (full 0):
 PSYoungGen      total 18944K, used 2546K [0x00000007aab00000, 0x00000007ac000000, 0x00000007c0000000)
  eden space 16384K, 0% used [0x00000007aab00000,0x00000007aab00000,0x00000007abb00000)
  from space 2560K, 99% used [0x00000007abd80000,0x00000007abffca10,0x00000007ac000000)
  to   space 2560K, 0% used [0x00000007abb00000,0x00000007abb00000,0x00000007abd80000)
 ParOldGen       total 44032K, used 5650K [0x0000000780000000, 0x0000000782b00000, 0x00000007aab00000)
  object space 44032K, 12% used [0x0000000780000000,0x0000000780584808,0x0000000782b00000)
 Metaspace       used 18731K, capacity 19030K, committed 19328K, reserved 1067008K
  class space    used 2250K, capacity 2373K, committed 2432K, reserved 1048576K
}

Deoptimization events (2 events):
Event: 0.221 Thread 0x00007ffb21801800 Uncommon trap: reason=unstable_if action=reinterpret pc=0x0000000105b2486c method=java.lang.String.hashCode()I @ 14
Event: 0.604 Thread 0x00007ffb2088b000 Uncommon trap: reason=unstable_if action=reinterpret pc=0x0000000105b44dc0 method=java.lang.String.indexOf(II)I @ 49

Internal exceptions (10 events):
Event: 0.670 Thread 0x00007ffb2088b000 Exception <a 'java/lang/NoSuchFieldError': method resolution failed> (0x00000007ab00bc20) thrown at [/Users/java_re/workspace/8-2-build-macosx-x86_64/jdk8u45/3457/hotspot/src/share/vm/prims/methodHandles.cpp, line 1125]
Event: 0.674 Thread 0x00007ffb2088b000 Exception <a 'java/lang/NoSuchFieldError': method resolution failed> (0x00000007ab01a290) thrown at [/Users/java_re/workspace/8-2-build-macosx-x86_64/jdk8u45/3457/hotspot/src/share/vm/prims/methodHandles.cpp, line 1125]
Event: 0.838 Thread 0x00007ffb2191b800 Exception <a 'java/lang/NoClassDefFoundError'> (0x00000007ab1b66b8) thrown at [/Users/java_re/workspace/8-2-build-macosx-x86_64/jdk8u45/3457/hotspot/src/share/vm/prims/jvm.cpp, line 1386]
Event: 3.573 Thread 0x00007ffb21a45800 Exception <a 'java/lang/UnsatisfiedLinkError'> (0x00000007aba21638) thrown at [/Users/java_re/workspace/8-2-build-macosx-x86_64/jdk8u45/3457/hotspot/src/share/vm/prims/jvm.cpp, line 1386]
Event: 3.976 Thread 0x00007ffb22269800 Exception <a 'java/security/PrivilegedActionException'> (0x00000007ab2e3718) thrown at [/Users/java_re/workspace/8-2-build-macosx-x86_64/jdk8u45/3457/hotspot/src/share/vm/prims/jvm.cpp, line 1382]
Event: 3.976 Thread 0x00007ffb22269800 Exception <a 'java/security/PrivilegedActionException'> (0x00000007ab2e51d8) thrown at [/Users/java_re/workspace/8-2-build-macosx-x86_64/jdk8u45/3457/hotspot/src/share/vm/prims/jvm.cpp, line 1382]
Event: 3.976 Thread 0x00007ffb22269800 Exception <a 'java/security/PrivilegedActionException'> (0x00000007ab2e6248) thrown at [/Users/java_re/workspace/8-2-build-macosx-x86_64/jdk8u45/3457/hotspot/src/share/vm/prims/jvm.cpp, line 1382]
Event: 3.977 Thread 0x00007ffb22269800 Exception <a 'java/security/PrivilegedActionException'> (0x00000007ab2eb258) thrown at [/Users/java_re/workspace/8-2-build-macosx-x86_64/jdk8u45/3457/hotspot/src/share/vm/prims/jvm.cpp, line 1382]
Event: 3.977 Thread 0x00007ffb22269800 Exception <a 'java/security/PrivilegedActionException'> (0x00000007ab2ebe00) thrown at [/Users/java_re/workspace/8-2-build-macosx-x86_64/jdk8u45/3457/hotspot/src/share/vm/prims/jvm.cpp, line 1382]
Event: 3.977 Thread 0x00007ffb22269800 Exception <a 'java/security/PrivilegedActionException'> (0x00000007ab2ec978) thrown at [/Users/java_re/workspace/8-2-build-macosx-x86_64/jdk8u45/3457/hotspot/src/share/vm/prims/jvm.cpp, line 1382]

Events (10 events):
Event: 4.508 Executing VM operation: RevokeBias
Event: 4.508 Executing VM operation: RevokeBias done
Event: 4.508 Executing VM operation: RevokeBias
Event: 4.508 Executing VM operation: RevokeBias done
Event: 5.964 Thread 0x00007ffb20956800 Thread exited: 0x00007ffb20956800
Event: 6.913 Thread 0x00007ffb21a29800 Thread added: 0x00007ffb21a29800
Event: 6.914 loading class com/jme3/post/SceneProcessor
Event: 6.914 loading class com/jme3/post/SceneProcessor done
Event: 6.914 loading class de/lessvoid/nifty/screen/ScreenController
Event: 6.914 loading class de/lessvoid/nifty/screen/ScreenController done


Dynamic libraries:
0x000000000861f000 	/System/Library/Frameworks/Cocoa.framework/Versions/A/Cocoa
0x000000000861f000 	/System/Library/Frameworks/Security.framework/Versions/A/Security
0x000000000861f000 	/System/Library/Frameworks/ApplicationServices.framework/Versions/A/ApplicationServices
0x000000000861f000 	/usr/lib/libz.1.dylib
0x000000000861f000 	/usr/lib/libSystem.B.dylib
0x000000000861f000 	/usr/lib/libobjc.A.dylib
0x000000000861f000 	/System/Library/Frameworks/CoreFoundation.framework/Versions/A/CoreFoundation
0x000000000861f000 	/System/Library/Frameworks/Foundation.framework/Versions/C/Foundation
0x000000000861f000 	/System/Library/Frameworks/AppKit.framework/Versions/C/AppKit
0x000000000861f000 	/System/Library/Frameworks/CoreData.framework/Versions/A/CoreData
0x000000000861f000 	/System/Library/PrivateFrameworks/RemoteViewServices.framework/Versions/A/RemoteViewServices
0x000000000861f000 	/System/Library/Frameworks/AudioToolbox.framework/Versions/A/AudioToolbox
0x000000000861f000 	/System/Library/Frameworks/AudioUnit.framework/Versions/A/AudioUnit
0x000000000861f000 	/System/Library/PrivateFrameworks/DataDetectorsCore.framework/Versions/A/DataDetectorsCore
0x000000000861f000 	/System/Library/PrivateFrameworks/DesktopServicesPriv.framework/Versions/A/DesktopServicesPriv
0x000000000861f000 	/System/Library/Frameworks/Carbon.framework/Versions/A/Frameworks/HIToolbox.framework/Versions/A/HIToolbox
0x000000000861f000 	/System/Library/Frameworks/QuartzCore.framework/Versions/A/QuartzCore
0x000000000861f000 	/System/Library/Frameworks/Carbon.framework/Versions/A/Frameworks/SpeechRecognition.framework/Versions/A/SpeechRecognition
0x000000000861f000 	/usr/lib/libauto.dylib
0x000000000861f000 	/usr/lib/libicucore.A.dylib
0x000000000861f000 	/usr/lib/libxml2.2.dylib
0x000000000861f000 	/System/Library/PrivateFrameworks/CoreUI.framework/Versions/A/CoreUI
0x000000000861f000 	/System/Library/Frameworks/CoreAudio.framework/Versions/A/CoreAudio
0x000000000861f000 	/System/Library/Frameworks/DiskArbitration.framework/Versions/A/DiskArbitration
0x000000000861f000 	/usr/lib/liblangid.dylib
0x000000000861f000 	/System/Library/PrivateFrameworks/MultitouchSupport.framework/Versions/A/MultitouchSupport
0x000000000861f000 	/System/Library/Frameworks/IOKit.framework/Versions/A/IOKit
0x000000000861f000 	/usr/lib/libDiagnosticMessagesClient.dylib
0x000000000861f000 	/System/Library/Frameworks/CoreServices.framework/Versions/A/CoreServices
0x000000000861f000 	/System/Library/PrivateFrameworks/PerformanceAnalysis.framework/Versions/A/PerformanceAnalysis
0x000000000861f000 	/System/Library/PrivateFrameworks/GenerationalStorage.framework/Versions/A/GenerationalStorage
0x000000000861f000 	/System/Library/Frameworks/OpenGL.framework/Versions/A/OpenGL
0x000000000861f000 	/System/Library/PrivateFrameworks/Sharing.framework/Versions/A/Sharing
0x000000000861f000 	/System/Library/Frameworks/ImageIO.framework/Versions/A/ImageIO
0x000000000861f000 	/System/Library/Frameworks/CoreText.framework/Versions/A/CoreText
0x000000000861f000 	/System/Library/Frameworks/CoreGraphics.framework/Versions/A/CoreGraphics
0x000000000861f000 	/System/Library/PrivateFrameworks/Backup.framework/Versions/A/Backup
0x000000000861f000 	/System/Library/Frameworks/CFNetwork.framework/Versions/A/CFNetwork
0x000000000861f000 	/System/Library/Frameworks/SystemConfiguration.framework/Versions/A/SystemConfiguration
0x000000000861f000 	/usr/lib/libCRFSuite.dylib
0x000000000861f000 	/usr/lib/libc++.1.dylib
0x000000000861f000 	/usr/lib/libc++abi.dylib
0x000000000861f000 	/usr/lib/system/libcache.dylib
0x000000000861f000 	/usr/lib/system/libcommonCrypto.dylib
0x000000000861f000 	/usr/lib/system/libcompiler_rt.dylib
0x000000000861f000 	/usr/lib/system/libcopyfile.dylib
0x000000000861f000 	/usr/lib/system/libcorecrypto.dylib
0x000000000861f000 	/usr/lib/system/libdispatch.dylib
0x000000000861f000 	/usr/lib/system/libdyld.dylib
0x000000000861f000 	/usr/lib/system/libkeymgr.dylib
0x000000000861f000 	/usr/lib/system/liblaunch.dylib
0x000000000861f000 	/usr/lib/system/libmacho.dylib
0x000000000861f000 	/usr/lib/system/libquarantine.dylib
0x000000000861f000 	/usr/lib/system/libremovefile.dylib
0x000000000861f000 	/usr/lib/system/libsystem_asl.dylib
0x000000000861f000 	/usr/lib/system/libsystem_blocks.dylib
0x000000000861f000 	/usr/lib/system/libsystem_c.dylib
0x000000000861f000 	/usr/lib/system/libsystem_configuration.dylib
0x000000000861f000 	/usr/lib/system/libsystem_dnssd.dylib
0x000000000861f000 	/usr/lib/system/libsystem_info.dylib
0x000000000861f000 	/usr/lib/system/libsystem_kernel.dylib
0x000000000861f000 	/usr/lib/system/libsystem_m.dylib
0x000000000861f000 	/usr/lib/system/libsystem_malloc.dylib
0x000000000861f000 	/usr/lib/system/libsystem_network.dylib
0x000000000861f000 	/usr/lib/system/libsystem_notify.dylib
0x000000000861f000 	/usr/lib/system/libsystem_platform.dylib
0x000000000861f000 	/usr/lib/system/libsystem_pthread.dylib
0x000000000861f000 	/usr/lib/system/libsystem_sandbox.dylib
0x000000000861f000 	/usr/lib/system/libsystem_stats.dylib
0x000000000861f000 	/usr/lib/system/libunc.dylib
0x000000000861f000 	/usr/lib/system/libunwind.dylib
0x000000000861f000 	/usr/lib/system/libxpc.dylib
0x000000000861f000 	/usr/lib/libbsm.0.dylib
0x000000000861f000 	/usr/lib/libsqlite3.dylib
0x000000000861f000 	/usr/lib/libxar.1.dylib
0x000000000861f000 	/usr/lib/libpam.2.dylib
0x000000000861f000 	/usr/lib/libOpenScriptingUtil.dylib
0x000000000861f000 	/usr/lib/libbz2.1.0.dylib
0x000000000861f000 	/System/Library/Frameworks/CoreServices.framework/Versions/A/Frameworks/CarbonCore.framework/Versions/A/CarbonCore
0x000000000861f000 	/System/Library/Frameworks/CoreServices.framework/Versions/A/Frameworks/Metadata.framework/Versions/A/Metadata
0x000000000861f000 	/System/Library/Frameworks/CoreServices.framework/Versions/A/Frameworks/OSServices.framework/Versions/A/OSServices
0x000000000861f000 	/System/Library/Frameworks/CoreServices.framework/Versions/A/Frameworks/SearchKit.framework/Versions/A/SearchKit
0x000000000861f000 	/System/Library/Frameworks/CoreServices.framework/Versions/A/Frameworks/AE.framework/Versions/A/AE
0x000000000861f000 	/System/Library/Frameworks/CoreServices.framework/Versions/A/Frameworks/LaunchServices.framework/Versions/A/LaunchServices
0x000000000861f000 	/System/Library/Frameworks/CoreServices.framework/Versions/A/Frameworks/DictionaryServices.framework/Versions/A/DictionaryServices
0x000000000861f000 	/System/Library/Frameworks/NetFS.framework/Versions/A/NetFS
0x000000000861f000 	/usr/lib/system/libkxld.dylib
0x000000000861f000 	/System/Library/PrivateFrameworks/NetAuth.framework/Versions/A/NetAuth
0x000000000861f000 	/System/Library/PrivateFrameworks/TCC.framework/Versions/A/TCC
0x000000000861f000 	/System/Library/Frameworks/OpenDirectory.framework/Versions/A/Frameworks/CFOpenDirectory.framework/Versions/A/CFOpenDirectory
0x000000000861f000 	/System/Library/Frameworks/ServiceManagement.framework/Versions/A/ServiceManagement
0x000000000861f000 	/usr/lib/libxslt.1.dylib
0x000000000861f000 	/System/Library/Frameworks/Carbon.framework/Versions/A/Frameworks/Ink.framework/Versions/A/Ink
0x000000000861f000 	/System/Library/Frameworks/ApplicationServices.framework/Versions/A/Frameworks/ATS.framework/Versions/A/ATS
0x000000000861f000 	/System/Library/Frameworks/ApplicationServices.framework/Versions/A/Frameworks/ColorSync.framework/Versions/A/ColorSync
0x000000000861f000 	/System/Library/Frameworks/ApplicationServices.framework/Versions/A/Frameworks/HIServices.framework/Versions/A/HIServices
0x000000000861f000 	/System/Library/Frameworks/ApplicationServices.framework/Versions/A/Frameworks/LangAnalysis.framework/Versions/A/LangAnalysis
0x000000000861f000 	/System/Library/Frameworks/ApplicationServices.framework/Versions/A/Frameworks/PrintCore.framework/Versions/A/PrintCore
0x000000000861f000 	/System/Library/Frameworks/ApplicationServices.framework/Versions/A/Frameworks/QD.framework/Versions/A/QD
0x000000000861f000 	/System/Library/Frameworks/ApplicationServices.framework/Versions/A/Frameworks/SpeechSynthesis.framework/Versions/A/SpeechSynthesis
0x000000000861f000 	/System/Library/Frameworks/IOSurface.framework/Versions/A/IOSurface
0x000000000861f000 	/System/Library/Frameworks/Accelerate.framework/Versions/A/Accelerate
0x000000000861f000 	/System/Library/Frameworks/Accelerate.framework/Versions/A/Frameworks/vImage.framework/Versions/A/vImage
0x000000000861f000 	/System/Library/Frameworks/Accelerate.framework/Versions/A/Frameworks/vecLib.framework/Versions/A/vecLib
0x000000000861f000 	/System/Library/Frameworks/Accelerate.framework/Versions/A/Frameworks/vecLib.framework/Versions/A/libvDSP.dylib
0x000000000861f000 	/System/Library/Frameworks/Accelerate.framework/Versions/A/Frameworks/vecLib.framework/Versions/A/libvMisc.dylib
0x000000000861f000 	/System/Library/Frameworks/Accelerate.framework/Versions/A/Frameworks/vecLib.framework/Versions/A/libLAPACK.dylib
0x000000000861f000 	/System/Library/Frameworks/Accelerate.framework/Versions/A/Frameworks/vecLib.framework/Versions/A/libBLAS.dylib
0x000000000861f000 	/System/Library/Frameworks/ApplicationServices.framework/Versions/A/Frameworks/ATS.framework/Versions/A/Resources/libFontParser.dylib
0x000000000861f000 	/System/Library/Frameworks/ApplicationServices.framework/Versions/A/Frameworks/ATS.framework/Versions/A/Resources/libFontRegistry.dylib
0x000000000861f000 	/System/Library/Frameworks/ImageIO.framework/Versions/A/Resources/libJPEG.dylib
0x000000000861f000 	/System/Library/Frameworks/ImageIO.framework/Versions/A/Resources/libTIFF.dylib
0x000000000861f000 	/System/Library/Frameworks/ImageIO.framework/Versions/A/Resources/libPng.dylib
0x000000000861f000 	/System/Library/Frameworks/ImageIO.framework/Versions/A/Resources/libGIF.dylib
0x000000000861f000 	/System/Library/Frameworks/ImageIO.framework/Versions/A/Resources/libJP2.dylib
0x000000000861f000 	/System/Library/Frameworks/ImageIO.framework/Versions/A/Resources/libRadiance.dylib
0x000000000861f000 	/usr/lib/libcups.2.dylib
0x000000000861f000 	/System/Library/Frameworks/Kerberos.framework/Versions/A/Kerberos
0x000000000861f000 	/System/Library/Frameworks/GSS.framework/Versions/A/GSS
0x000000000861f000 	/usr/lib/libresolv.9.dylib
0x000000000861f000 	/usr/lib/libiconv.2.dylib
0x000000000861f000 	/System/Library/PrivateFrameworks/Heimdal.framework/Versions/A/Heimdal
0x000000000861f000 	/System/Library/PrivateFrameworks/TrustEvaluationAgent.framework/Versions/A/TrustEvaluationAgent
0x000000000861f000 	/usr/lib/libheimdal-asn1.dylib
0x000000000861f000 	/System/Library/Frameworks/OpenDirectory.framework/Versions/A/OpenDirectory
0x000000000861f000 	/System/Library/PrivateFrameworks/CommonAuth.framework/Versions/A/CommonAuth
0x000000000861f000 	/System/Library/Frameworks/SecurityFoundation.framework/Versions/A/SecurityFoundation
0x000000000861f000 	/System/Library/PrivateFrameworks/Bom.framework/Versions/A/Bom
0x000000000861f000 	/System/Library/Frameworks/CoreVideo.framework/Versions/A/CoreVideo
0x000000000861f000 	/System/Library/Frameworks/QuartzCore.framework/Versions/A/Frameworks/CoreImage.framework/Versions/A/CoreImage
0x000000000861f000 	/System/Library/Frameworks/QuartzCore.framework/Versions/A/Frameworks/ScalableUserInterface.framework/Versions/A/ScalableUserInterface
0x000000000861f000 	/System/Library/Frameworks/OpenGL.framework/Versions/A/Libraries/libGLU.dylib
0x000000000861f000 	/System/Library/Frameworks/OpenGL.framework/Versions/A/Libraries/libGFXShared.dylib
0x000000000861f000 	/System/Library/Frameworks/OpenGL.framework/Versions/A/Libraries/libGL.dylib
0x000000000861f000 	/System/Library/Frameworks/OpenGL.framework/Versions/A/Libraries/libGLImage.dylib
0x000000000861f000 	/System/Library/Frameworks/OpenGL.framework/Versions/A/Libraries/libCVMSPluginSupport.dylib
0x000000000861f000 	/System/Library/Frameworks/OpenGL.framework/Versions/A/Libraries/libCoreVMClient.dylib
0x000000000861f000 	/System/Library/PrivateFrameworks/FaceCore.framework/Versions/A/FaceCore
0x000000000861f000 	/System/Library/PrivateFrameworks/CrashReporterSupport.framework/Versions/A/CrashReporterSupport
0x000000000861f000 	/System/Library/Frameworks/OpenCL.framework/Versions/A/OpenCL
0x000000000861f000 	/System/Library/PrivateFrameworks/AppleFSCompression.framework/Versions/A/AppleFSCompression
0x000000000861f000 	/System/Library/PrivateFrameworks/Ubiquity.framework/Versions/A/Ubiquity
0x000000000861f000 	/System/Library/PrivateFrameworks/IconServices.framework/Versions/A/IconServices
0x000000000861f000 	/System/Library/PrivateFrameworks/ChunkingLibrary.framework/Versions/A/ChunkingLibrary
0x000000000861f000 	/System/Library/PrivateFrameworks/CoreSymbolication.framework/Versions/A/CoreSymbolication
0x000000000861f000 	/System/Library/PrivateFrameworks/Symbolication.framework/Versions/A/Symbolication
0x000000000861f000 	/System/Library/PrivateFrameworks/DebugSymbols.framework/Versions/A/DebugSymbols
0x0000000103fdd000 	/Library/Java/JavaVirtualMachines/jdk1.8.0_45.jdk/Contents/Home/jre/lib/server/libjvm.dylib
0x000000000861f000 	/usr/lib/libstdc++.6.dylib
0x0000000105049000 	/Library/Java/JavaVirtualMachines/jdk1.8.0_45.jdk/Contents/Home/jre/lib/libverify.dylib
0x0000000105057000 	/Library/Java/JavaVirtualMachines/jdk1.8.0_45.jdk/Contents/Home/jre/lib/libjava.dylib
0x00000001050ac000 	/Library/Java/JavaVirtualMachines/jdk1.8.0_45.jdk/Contents/Home/jre/lib/libzip.dylib
0x00000001193cf000 	/System/Library/Frameworks/JavaVM.framework/Frameworks/JavaRuntimeSupport.framework/JavaRuntimeSupport
0x00000001193e7000 	/System/Library/Frameworks/JavaVM.framework/Versions/A/Frameworks/JavaNativeFoundation.framework/Versions/A/JavaNativeFoundation
0x00000001193fc000 	/System/Library/Frameworks/JavaVM.framework/Versions/A/JavaVM
0x000000000861f000 	/System/Library/Frameworks/Carbon.framework/Versions/A/Carbon
0x0000000119409000 	/System/Library/PrivateFrameworks/JavaLaunching.framework/Versions/A/JavaLaunching
0x000000000861f000 	/System/Library/Frameworks/Carbon.framework/Versions/A/Frameworks/CommonPanels.framework/Versions/A/CommonPanels
0x000000000861f000 	/System/Library/Frameworks/Carbon.framework/Versions/A/Frameworks/Help.framework/Versions/A/Help
0x000000000861f000 	/System/Library/Frameworks/Carbon.framework/Versions/A/Frameworks/ImageCapture.framework/Versions/A/ImageCapture
0x000000000861f000 	/System/Library/Frameworks/Carbon.framework/Versions/A/Frameworks/OpenScripting.framework/Versions/A/OpenScripting
0x000000000861f000 	/System/Library/Frameworks/Carbon.framework/Versions/A/Frameworks/Print.framework/Versions/A/Print
0x000000000861f000 	/System/Library/Frameworks/Carbon.framework/Versions/A/Frameworks/SecurityHI.framework/Versions/A/SecurityHI
0x0000000119bb6000 	/Library/Java/JavaVirtualMachines/jdk1.8.0_45.jdk/Contents/Home/jre/lib/libawt.dylib
0x0000000119c5e000 	/Library/Java/JavaVirtualMachines/jdk1.8.0_45.jdk/Contents/Home/jre/lib/./libmlib_image.dylib
0x0000000119d2a000 	/Library/Java/JavaVirtualMachines/jdk1.8.0_45.jdk/Contents/Home/jre/lib/libawt_lwawt.dylib
0x0000000119dde000 	/Library/Java/JavaVirtualMachines/jdk1.8.0_45.jdk/Contents/Home/jre/lib/./libosxapp.dylib
0x000000000861f000 	/System/Library/Frameworks/ExceptionHandling.framework/Versions/A/ExceptionHandling
0x000000000861f000 	/System/Library/PrivateFrameworks/CoreServicesInternal.framework/Versions/A/CoreServicesInternal
0x000000000861f000 	/System/Library/PrivateFrameworks/Librarian.framework/Versions/A/Librarian
0x000000000861f000 	/System/Library/Frameworks/CoreGraphics.framework/Versions/A/Resources/libCGCMS.A.dylib
0x000000000861f000 	/System/Library/Frameworks/CoreGraphics.framework/Versions/A/Resources/libRIP.A.dylib
0x000000000861f000 	/System/Library/Frameworks/CoreGraphics.framework/Versions/A/Resources/libCGXType.A.dylib
0x000000000861f000 	/System/Library/PrivateFrameworks/FamilyControls.framework/Versions/A/FamilyControls
0x000000000861f000 	/System/Library/PrivateFrameworks/CommerceKit.framework/Versions/A/Frameworks/CommerceCore.framework/Versions/A/CommerceCore
0x000000000861f000 	/System/Library/PrivateFrameworks/SystemAdministration.framework/Versions/A/SystemAdministration
0x000000000861f000 	/System/Library/Frameworks/DirectoryService.framework/Versions/A/DirectoryService
0x000000000861f000 	/System/Library/PrivateFrameworks/DiskImages.framework/Versions/A/DiskImages
0x000000000861f000 	/System/Library/PrivateFrameworks/LoginUIKit.framework/Versions/A/Frameworks/LoginUICore.framework/Versions/A/LoginUICore
0x000000000861f000 	/usr/lib/libCoreStorage.dylib
0x000000000861f000 	/usr/lib/libcsfde.dylib
0x000000000861f000 	/usr/lib/libodfde.dylib
0x000000000861f000 	/System/Library/Frameworks/DiscRecording.framework/Versions/A/DiscRecording
0x000000000861f000 	/usr/lib/libcurl.4.dylib
0x000000000861f000 	/System/Library/PrivateFrameworks/MediaKit.framework/Versions/A/MediaKit
0x000000000861f000 	/System/Library/PrivateFrameworks/EFILogin.framework/Versions/A/EFILogin
0x000000000861f000 	/usr/lib/libutil.dylib
0x000000000861f000 	/System/Library/PrivateFrameworks/AOSNotification.framework/Versions/A/AOSNotification
0x000000000861f000 	/System/Library/Frameworks/LDAP.framework/Versions/A/LDAP
0x000000000861f000 	/usr/lib/libsasl2.2.dylib
0x000000000861f000 	/usr/lib/libcrypto.0.9.8.dylib
0x000000000861f000 	/usr/lib/libssl.0.9.8.dylib
0x000000011bdf4000 	/Library/Java/JavaVirtualMachines/jdk1.8.0_45.jdk/Contents/Home/jre/lib/libfontmanager.dylib
0x000000000861f000 	/System/Library/Frameworks/OpenGL.framework/Versions/A/Resources/GLEngine.bundle/GLEngine
0x000000000861f000 	/System/Library/Frameworks/OpenGL.framework/Versions/A/Libraries/libGLProgrammability.dylib
0x0000000000000000 	/System/Library/Extensions/AppleIntelHD3000GraphicsGLDriver.bundle/Contents/MacOS/AppleIntelHD3000GraphicsGLDriver
0x000000011e7be000 	/System/Library/PrivateFrameworks/GPUSupport.framework/Versions/A/Libraries/libGPUSupport.dylib
0x000000000861f000 	/System/Library/Frameworks/OpenGL.framework/Versions/A/Resources/GLRendererFloat.bundle/GLRendererFloat
0x000000000861f000 	/System/Library/Frameworks/OpenCL.framework/Versions/A/Libraries/libcldcpuengine.dylib
0x000000011e7d3000 	/Library/Java/JavaVirtualMachines/jdk1.8.0_45.jdk/Contents/Home/jre/lib/libosxui.dylib
0x000000011e9b1000 	/Library/Java/JavaVirtualMachines/jdk1.8.0_45.jdk/Contents/Home/jre/lib/libosx.dylib
0x0000000120935000 	/Library/Java/JavaVirtualMachines/jdk1.8.0_45.jdk/Contents/Home/jre/lib/libnet.dylib
0x000000011fc0f000 	/Library/Java/JavaVirtualMachines/jdk1.8.0_45.jdk/Contents/Home/jre/lib/libnio.dylib
0x000000011f9a7000 	/Users/juliusskye/Desktop/FYPI/simplevoicehud/liblwjgl.dylib
0x000000011fa22000 	/Library/Java/JavaVirtualMachines/jdk1.8.0_45.jdk/Contents/Home/jre/lib/libjawt.dylib
0x000000011fb63000 	/Users/juliusskye/Desktop/FYPI/simplevoicehud/openal.dylib
0x0000000121bf9000 	/System/Library/Components/CoreAudio.component/Contents/MacOS/CoreAudio
0x000000011fbe6000 	/System/Library/Extensions/AppleHDA.kext/Contents/PlugIns/AppleHDAHALPlugIn.bundle/Contents/MacOS/AppleHDAHALPlugIn
0x000000011fd48000 	/Library/Java/JavaVirtualMachines/jdk1.8.0_45.jdk/Contents/Home/jre/lib/libprism_es2.dylib
0x0000000121842000 	/Library/Java/JavaVirtualMachines/jdk1.8.0_45.jdk/Contents/Home/jre/lib/libglass.dylib

VM Arguments:
jvm_args: -Dfile.encoding=UTF-8 
java_command: julius.sky.voicehud.App -Xms512M -Xmx512M
java_class_path (initial): /Users/juliusskye/Desktop/FYPI/simplevoicehud/target/classes:/Users/juliusskye/.m2/repository/edu/cmu/sphinx/sphinx4-core/1.0-SNAPSHOT/sphinx4-core-1.0-SNAPSHOT.jar:/Users/juliusskye/.m2/repository/org/apache/commons/commons-math3/3.2/commons-math3-3.2.jar:/Users/juliusskye/.m2/repository/edu/cmu/sphinx/sphinx4-data/1.0-SNAPSHOT/sphinx4-data-1.0-SNAPSHOT.jar:/Users/juliusskye/.m2/repository/edu/cmu/sphinx/sphinx4-samples/1.0-SNAPSHOT/sphinx4-samples-1.0-SNAPSHOT.jar:/Users/juliusskye/.m2/repository/com/jme3/jme3-core/3.0.10/jme3-core-3.0.10.jar:/Users/juliusskye/.m2/repository/com/jme3/jme3-desktop/3.0.10/jme3-desktop-3.0.10.jar:/Users/juliusskye/.m2/repository/com/jme3/jme3-lwjgl/3.0.10/jme3-lwjgl-3.0.10.jar:/Users/juliusskye/.m2/repository/com/jme3-lib/lwjgl/2.9.0/lwjgl-2.9.0.jar:/Users/juliusskye/.m2/repository/com/jme3-lib/jinput/2.0.0-b01/jinput-2.0.0-b01.jar:/Users/juliusskye/.m2/repository/com/jme3-lib/lwjgl-natives/2.9.0/lwjgl-natives-2.9.0.jar:/Users/juliusskye/.m2/repository/com/jme3/jme3-plugins/3.0.10/jme3-plugins-3.0.10.jar:/Users/juliusskye/.m2/repository/com/jme3/jme3-niftygui/3.0.10/jme3-niftygui-3.0.10.jar:/Users/juliusskye/.m2/repository/com/jme3-lib/nifty/1.3.3/nifty-1.3.3.jar:/Users/juliusskye/.m2/repository/com/jme3-lib/nifty-default-controls/1.3.3/nifty-default-controls-1.3.3.jar:/Users/juliusskye/.m2/repository/com/jme3-lib/nifty-style-black/1.3.3/nifty-style-black-1.3.3.jar:/Users/juliusskye/.m2/repository/com/jme3-lib/jglfont-core/1.3/jglfont-core-1.3.jar:/Users/juliusskye/.m2/repository/com/jme3-lib/xmlpull-xpp3/1.4.4c/xmlpull-xpp3-1.4.4c.jar:/Users/juliusskye/.m2/repository/lessvoid/nifty/1.4.1/nifty-1.4.1.jar:/Users/juliusskye/.m2/repository/xpp3/xpp3/1.1.4c/xpp3-1.1.4c.jar:/Users/juliusskye/.m2/repository/org/bushe/eventbus/1.4/eventbus-1.4.jar:/Users/juliusskye/.m2/repository/com/google/code/findbugs/jsr305/2.0.2/jsr305-2.0.2.jar:/Users/juliusskye/.m2/repository/org/jglfont/jglfont-core/1.4/jglfont-core-1.4.
Launcher Type: SUN_STANDARD

Environment Variables:
PATH=/usr/bin:/bin:/usr/sbin:/sbin
SHELL=/bin/bash
DISPLAY=/tmp/launch-UuvqYh/org.macosforge.xquartz:0

Signal Handlers:
SIGSEGV: [libjvm.dylib+0x58ef95], sa_mask[0]=11111111011111110111111111111111, sa_flags=SA_ONSTACK|SA_RESTART|SA_SIGINFO
SIGBUS: [libjvm.dylib+0x58ef95], sa_mask[0]=11111111011111110111111111111111, sa_flags=SA_RESTART|SA_SIGINFO
SIGFPE: [libjvm.dylib+0x46c108], sa_mask[0]=11111111011111110111111111111111, sa_flags=SA_RESTART|SA_SIGINFO
SIGPIPE: [libjvm.dylib+0x46c108], sa_mask[0]=11111111011111110111111111111111, sa_flags=SA_RESTART|SA_SIGINFO
SIGXFSZ: [libjvm.dylib+0x46c108], sa_mask[0]=11111111011111110111111111111111, sa_flags=SA_RESTART|SA_SIGINFO
SIGILL: [libjvm.dylib+0x46c108], sa_mask[0]=11111111011111110111111111111111, sa_flags=SA_RESTART|SA_SIGINFO
SIGUSR1: SIG_DFL, sa_mask[0]=00000000000000000000000000000000, sa_flags=SA_RESTART
SIGUSR2: [libjvm.dylib+0x46bc26], sa_mask[0]=00100000000000000000000000000000, sa_flags=SA_RESTART|SA_SIGINFO
SIGHUP: [libjvm.dylib+0x46a1f9], sa_mask[0]=11111111011111110111111111111111, sa_flags=SA_RESTART|SA_SIGINFO
SIGINT: [libjvm.dylib+0x46a1f9], sa_mask[0]=11111111011111110111111111111111, sa_flags=SA_RESTART|SA_SIGINFO
SIGTERM: [libjvm.dylib+0x46a1f9], sa_mask[0]=11111111011111110111111111111111, sa_flags=SA_RESTART|SA_SIGINFO
SIGQUIT: [libjvm.dylib+0x46a1f9], sa_mask[0]=11111111011111110111111111111111, sa_flags=SA_RESTART|SA_SIGINFO


---------------  S Y S T E M  ---------------

OS:Bsduname:Darwin 13.4.0 Darwin Kernel Version 13.4.0: Wed Mar 18 16:20:14 PDT 2015; root:xnu-2422.115.14~1/RELEASE_X86_64 x86_64
rlimit: STACK 8192k, CORE 0k, NPROC 709, NOFILE 10240, AS infinity
load average:2.27 1.80 1.72

CPU:total 4 (2 cores per cpu, 2 threads per core) family 6 model 42 stepping 7, cmov, cx8, fxsr, mmx, sse, sse2, sse3, ssse3, sse4.1, sse4.2, popcnt, avx, aes, clmul, ht, tsc, tscinvbit

Memory: 4k page, physical 4194304k(100072k free)

/proc/meminfo:


vm_info: Java HotSpot(TM) 64-Bit Server VM (25.45-b02) for bsd-amd64 JRE (1.8.0_45-b14), built on Apr 10 2015 10:46:38 by "java_re" with gcc 4.2.1 (Based on Apple Inc. build 5658) (LLVM build 2336.11.00)

time: Sat Oct 24 13:50:29 2015
elapsed time: 6 seconds (0d 0h 0m 6s)

